[0.006s] Invoking command in '/home/joseph/turtlebot3_drlnav/build/turtlebot3_simulations': AMENT_PREFIX_PATH=/home/joseph/turtlebot3_drlnav/install/turtlebot3_fake_node:/home/joseph/turtlebot3_drlnav/install/turtlebot3_msgs:/home/joseph/turtlebot3_drlnav/install/turtlebot3_gazebo:${AMENT_PREFIX_PATH} CMAKE_PREFIX_PATH=/home/joseph/turtlebot3_drlnav/install/turtlebot3_fake_node:/home/joseph/turtlebot3_drlnav/install/turtlebot3_msgs:/home/joseph/turtlebot3_drlnav/install/turtlebot3_gazebo:/opt/ros/foxy LD_LIBRARY_PATH=/home/joseph/turtlebot3_drlnav/install/turtlebot3_msgs/lib:${LD_LIBRARY_PATH} PYTHONPATH=/home/joseph/turtlebot3_drlnav/install/turtlebot3_msgs/lib/python3.8/site-packages:${PYTHONPATH} /usr/bin/cmake /home/joseph/turtlebot3_drlnav/src/turtlebot3_simulations/turtlebot3_simulations -DCMAKE_INSTALL_PREFIX=/home/joseph/turtlebot3_drlnav/install/turtlebot3_simulations
[0.036s] -- The C compiler identification is GNU 9.4.0
[0.067s] -- The CXX compiler identification is GNU 9.4.0
[0.069s] -- Check for working C compiler: /usr/bin/cc
[0.107s] -- Check for working C compiler: /usr/bin/cc -- works
[0.108s] -- Detecting C compiler ABI info
[0.150s] -- Detecting C compiler ABI info - done
[0.156s] -- Detecting C compile features
[0.156s] -- Detecting C compile features - done
[0.158s] -- Check for working CXX compiler: /usr/bin/c++
[0.203s] -- Check for working CXX compiler: /usr/bin/c++ -- works
[0.204s] -- Detecting CXX compiler ABI info
[0.248s] -- Detecting CXX compiler ABI info - done
[0.255s] -- Detecting CXX compile features
[0.255s] -- Detecting CXX compile features - done
[0.256s] -- Found ament_cmake: 0.9.12 (/opt/ros/foxy/share/ament_cmake/cmake)
[0.270s] -- Found PythonInterp: /usr/bin/python3 (found suitable version "3.8.10", minimum required is "3") 
[0.270s] -- Using PYTHON_EXECUTABLE: /usr/bin/python3
[0.392s] -- Configuring done
[0.393s] -- Generating done
[0.393s] -- Build files have been written to: /home/joseph/turtlebot3_drlnav/build/turtlebot3_simulations
[0.396s] Invoked command in '/home/joseph/turtlebot3_drlnav/build/turtlebot3_simulations' returned '0': AMENT_PREFIX_PATH=/home/joseph/turtlebot3_drlnav/install/turtlebot3_fake_node:/home/joseph/turtlebot3_drlnav/install/turtlebot3_msgs:/home/joseph/turtlebot3_drlnav/install/turtlebot3_gazebo:${AMENT_PREFIX_PATH} CMAKE_PREFIX_PATH=/home/joseph/turtlebot3_drlnav/install/turtlebot3_fake_node:/home/joseph/turtlebot3_drlnav/install/turtlebot3_msgs:/home/joseph/turtlebot3_drlnav/install/turtlebot3_gazebo:/opt/ros/foxy LD_LIBRARY_PATH=/home/joseph/turtlebot3_drlnav/install/turtlebot3_msgs/lib:${LD_LIBRARY_PATH} PYTHONPATH=/home/joseph/turtlebot3_drlnav/install/turtlebot3_msgs/lib/python3.8/site-packages:${PYTHONPATH} /usr/bin/cmake /home/joseph/turtlebot3_drlnav/src/turtlebot3_simulations/turtlebot3_simulations -DCMAKE_INSTALL_PREFIX=/home/joseph/turtlebot3_drlnav/install/turtlebot3_simulations
[0.397s] Invoking command in '/home/joseph/turtlebot3_drlnav/build/turtlebot3_simulations': AMENT_PREFIX_PATH=/home/joseph/turtlebot3_drlnav/install/turtlebot3_fake_node:/home/joseph/turtlebot3_drlnav/install/turtlebot3_msgs:/home/joseph/turtlebot3_drlnav/install/turtlebot3_gazebo:${AMENT_PREFIX_PATH} CMAKE_PREFIX_PATH=/home/joseph/turtlebot3_drlnav/install/turtlebot3_fake_node:/home/joseph/turtlebot3_drlnav/install/turtlebot3_msgs:/home/joseph/turtlebot3_drlnav/install/turtlebot3_gazebo:/opt/ros/foxy LD_LIBRARY_PATH=/home/joseph/turtlebot3_drlnav/install/turtlebot3_msgs/lib:${LD_LIBRARY_PATH} PYTHONPATH=/home/joseph/turtlebot3_drlnav/install/turtlebot3_msgs/lib/python3.8/site-packages:${PYTHONPATH} /usr/bin/cmake --build /home/joseph/turtlebot3_drlnav/build/turtlebot3_simulations -- -j20 -l20
[0.417s] Invoked command in '/home/joseph/turtlebot3_drlnav/build/turtlebot3_simulations' returned '0': AMENT_PREFIX_PATH=/home/joseph/turtlebot3_drlnav/install/turtlebot3_fake_node:/home/joseph/turtlebot3_drlnav/install/turtlebot3_msgs:/home/joseph/turtlebot3_drlnav/install/turtlebot3_gazebo:${AMENT_PREFIX_PATH} CMAKE_PREFIX_PATH=/home/joseph/turtlebot3_drlnav/install/turtlebot3_fake_node:/home/joseph/turtlebot3_drlnav/install/turtlebot3_msgs:/home/joseph/turtlebot3_drlnav/install/turtlebot3_gazebo:/opt/ros/foxy LD_LIBRARY_PATH=/home/joseph/turtlebot3_drlnav/install/turtlebot3_msgs/lib:${LD_LIBRARY_PATH} PYTHONPATH=/home/joseph/turtlebot3_drlnav/install/turtlebot3_msgs/lib/python3.8/site-packages:${PYTHONPATH} /usr/bin/cmake --build /home/joseph/turtlebot3_drlnav/build/turtlebot3_simulations -- -j20 -l20
[0.428s] Invoking command in '/home/joseph/turtlebot3_drlnav/build/turtlebot3_simulations': AMENT_PREFIX_PATH=/home/joseph/turtlebot3_drlnav/install/turtlebot3_fake_node:/home/joseph/turtlebot3_drlnav/install/turtlebot3_msgs:/home/joseph/turtlebot3_drlnav/install/turtlebot3_gazebo:${AMENT_PREFIX_PATH} CMAKE_PREFIX_PATH=/home/joseph/turtlebot3_drlnav/install/turtlebot3_fake_node:/home/joseph/turtlebot3_drlnav/install/turtlebot3_msgs:/home/joseph/turtlebot3_drlnav/install/turtlebot3_gazebo:/opt/ros/foxy LD_LIBRARY_PATH=/home/joseph/turtlebot3_drlnav/install/turtlebot3_msgs/lib:${LD_LIBRARY_PATH} PYTHONPATH=/home/joseph/turtlebot3_drlnav/install/turtlebot3_msgs/lib/python3.8/site-packages:${PYTHONPATH} /usr/bin/cmake --install /home/joseph/turtlebot3_drlnav/build/turtlebot3_simulations
[0.433s] -- Install configuration: ""
[0.433s] -- Installing: /home/joseph/turtlebot3_drlnav/install/turtlebot3_simulations/share/ament_index/resource_index/package_run_dependencies/turtlebot3_simulations
[0.433s] -- Installing: /home/joseph/turtlebot3_drlnav/install/turtlebot3_simulations/share/ament_index/resource_index/parent_prefix_path/turtlebot3_simulations
[0.433s] -- Installing: /home/joseph/turtlebot3_drlnav/install/turtlebot3_simulations/share/turtlebot3_simulations/environment/ament_prefix_path.sh
[0.433s] -- Installing: /home/joseph/turtlebot3_drlnav/install/turtlebot3_simulations/share/turtlebot3_simulations/environment/ament_prefix_path.dsv
[0.433s] -- Installing: /home/joseph/turtlebot3_drlnav/install/turtlebot3_simulations/share/turtlebot3_simulations/environment/path.sh
[0.433s] -- Installing: /home/joseph/turtlebot3_drlnav/install/turtlebot3_simulations/share/turtlebot3_simulations/environment/path.dsv
[0.433s] -- Installing: /home/joseph/turtlebot3_drlnav/install/turtlebot3_simulations/share/turtlebot3_simulations/local_setup.bash
[0.433s] -- Installing: /home/joseph/turtlebot3_drlnav/install/turtlebot3_simulations/share/turtlebot3_simulations/local_setup.sh
[0.433s] -- Installing: /home/joseph/turtlebot3_drlnav/install/turtlebot3_simulations/share/turtlebot3_simulations/local_setup.zsh
[0.433s] -- Installing: /home/joseph/turtlebot3_drlnav/install/turtlebot3_simulations/share/turtlebot3_simulations/local_setup.dsv
[0.433s] -- Installing: /home/joseph/turtlebot3_drlnav/install/turtlebot3_simulations/share/turtlebot3_simulations/package.dsv
[0.434s] -- Installing: /home/joseph/turtlebot3_drlnav/install/turtlebot3_simulations/share/ament_index/resource_index/packages/turtlebot3_simulations
[0.434s] -- Installing: /home/joseph/turtlebot3_drlnav/install/turtlebot3_simulations/share/turtlebot3_simulations/cmake/turtlebot3_simulationsConfig.cmake
[0.434s] -- Installing: /home/joseph/turtlebot3_drlnav/install/turtlebot3_simulations/share/turtlebot3_simulations/cmake/turtlebot3_simulationsConfig-version.cmake
[0.434s] -- Installing: /home/joseph/turtlebot3_drlnav/install/turtlebot3_simulations/share/turtlebot3_simulations/package.xml
[0.434s] Invoked command in '/home/joseph/turtlebot3_drlnav/build/turtlebot3_simulations' returned '0': AMENT_PREFIX_PATH=/home/joseph/turtlebot3_drlnav/install/turtlebot3_fake_node:/home/joseph/turtlebot3_drlnav/install/turtlebot3_msgs:/home/joseph/turtlebot3_drlnav/install/turtlebot3_gazebo:${AMENT_PREFIX_PATH} CMAKE_PREFIX_PATH=/home/joseph/turtlebot3_drlnav/install/turtlebot3_fake_node:/home/joseph/turtlebot3_drlnav/install/turtlebot3_msgs:/home/joseph/turtlebot3_drlnav/install/turtlebot3_gazebo:/opt/ros/foxy LD_LIBRARY_PATH=/home/joseph/turtlebot3_drlnav/install/turtlebot3_msgs/lib:${LD_LIBRARY_PATH} PYTHONPATH=/home/joseph/turtlebot3_drlnav/install/turtlebot3_msgs/lib/python3.8/site-packages:${PYTHONPATH} /usr/bin/cmake --install /home/joseph/turtlebot3_drlnav/build/turtlebot3_simulations
