[0.009s] Invoking command in '/home/joseph/turtlebot3_drlnav/build/turtlebot3_simulations': CMAKE_PREFIX_PATH=/home/joseph/turtlebot3_drlnav/install/turtlebot3_fake_node:/home/joseph/turtlebot3_drlnav/install/turtlebot3_msgs:/home/joseph/turtlebot3_drlnav/install/turtlebot3_gazebo:/home/joseph/turtlebot3_drlnav/install/turtlebot3_simulations:/home/joseph/turtlebot3_drlnav/install/turtlebot3_drl:/opt/ros/foxy /usr/bin/cmake --build /home/joseph/turtlebot3_drlnav/build/turtlebot3_simulations -- -j20 -l20
[0.030s] Invoked command in '/home/joseph/turtlebot3_drlnav/build/turtlebot3_simulations' returned '0': CMAKE_PREFIX_PATH=/home/joseph/turtlebot3_drlnav/install/turtlebot3_fake_node:/home/joseph/turtlebot3_drlnav/install/turtlebot3_msgs:/home/joseph/turtlebot3_drlnav/install/turtlebot3_gazebo:/home/joseph/turtlebot3_drlnav/install/turtlebot3_simulations:/home/joseph/turtlebot3_drlnav/install/turtlebot3_drl:/opt/ros/foxy /usr/bin/cmake --build /home/joseph/turtlebot3_drlnav/build/turtlebot3_simulations -- -j20 -l20
[0.043s] Invoking command in '/home/joseph/turtlebot3_drlnav/build/turtlebot3_simulations': CMAKE_PREFIX_PATH=/home/joseph/turtlebot3_drlnav/install/turtlebot3_fake_node:/home/joseph/turtlebot3_drlnav/install/turtlebot3_msgs:/home/joseph/turtlebot3_drlnav/install/turtlebot3_gazebo:/home/joseph/turtlebot3_drlnav/install/turtlebot3_simulations:/home/joseph/turtlebot3_drlnav/install/turtlebot3_drl:/opt/ros/foxy /usr/bin/cmake --install /home/joseph/turtlebot3_drlnav/build/turtlebot3_simulations
[0.047s] -- Install configuration: ""
[0.047s] -- Up-to-date: /home/joseph/turtlebot3_drlnav/install/turtlebot3_simulations/share/ament_index/resource_index/package_run_dependencies/turtlebot3_simulations
[0.047s] -- Up-to-date: /home/joseph/turtlebot3_drlnav/install/turtlebot3_simulations/share/ament_index/resource_index/parent_prefix_path/turtlebot3_simulations
[0.047s] -- Up-to-date: /home/joseph/turtlebot3_drlnav/install/turtlebot3_simulations/share/turtlebot3_simulations/environment/ament_prefix_path.sh
[0.047s] -- Up-to-date: /home/joseph/turtlebot3_drlnav/install/turtlebot3_simulations/share/turtlebot3_simulations/environment/ament_prefix_path.dsv
[0.047s] -- Up-to-date: /home/joseph/turtlebot3_drlnav/install/turtlebot3_simulations/share/turtlebot3_simulations/environment/path.sh
[0.047s] -- Up-to-date: /home/joseph/turtlebot3_drlnav/install/turtlebot3_simulations/share/turtlebot3_simulations/environment/path.dsv
[0.047s] -- Up-to-date: /home/joseph/turtlebot3_drlnav/install/turtlebot3_simulations/share/turtlebot3_simulations/local_setup.bash
[0.048s] -- Up-to-date: /home/joseph/turtlebot3_drlnav/install/turtlebot3_simulations/share/turtlebot3_simulations/local_setup.sh
[0.048s] -- Up-to-date: /home/joseph/turtlebot3_drlnav/install/turtlebot3_simulations/share/turtlebot3_simulations/local_setup.zsh
[0.048s] -- Up-to-date: /home/joseph/turtlebot3_drlnav/install/turtlebot3_simulations/share/turtlebot3_simulations/local_setup.dsv
[0.048s] -- Up-to-date: /home/joseph/turtlebot3_drlnav/install/turtlebot3_simulations/share/turtlebot3_simulations/package.dsv
[0.049s] -- Up-to-date: /home/joseph/turtlebot3_drlnav/install/turtlebot3_simulations/share/ament_index/resource_index/packages/turtlebot3_simulations
[0.049s] -- Up-to-date: /home/joseph/turtlebot3_drlnav/install/turtlebot3_simulations/share/turtlebot3_simulations/cmake/turtlebot3_simulationsConfig.cmake
[0.049s] -- Up-to-date: /home/joseph/turtlebot3_drlnav/install/turtlebot3_simulations/share/turtlebot3_simulations/cmake/turtlebot3_simulationsConfig-version.cmake
[0.049s] -- Up-to-date: /home/joseph/turtlebot3_drlnav/install/turtlebot3_simulations/share/turtlebot3_simulations/package.xml
[0.049s] Invoked command in '/home/joseph/turtlebot3_drlnav/build/turtlebot3_simulations' returned '0': CMAKE_PREFIX_PATH=/home/joseph/turtlebot3_drlnav/install/turtlebot3_fake_node:/home/joseph/turtlebot3_drlnav/install/turtlebot3_msgs:/home/joseph/turtlebot3_drlnav/install/turtlebot3_gazebo:/home/joseph/turtlebot3_drlnav/install/turtlebot3_simulations:/home/joseph/turtlebot3_drlnav/install/turtlebot3_drl:/opt/ros/foxy /usr/bin/cmake --install /home/joseph/turtlebot3_drlnav/build/turtlebot3_simulations
