running egg_info
creating ../../build/turtlebot3_drl/turtlebot3_drl.egg-info
writing ../../build/turtlebot3_drl/turtlebot3_drl.egg-info/PKG-INFO
writing dependency_links to ../../build/turtlebot3_drl/turtlebot3_drl.egg-info/dependency_links.txt
writing entry points to ../../build/turtlebot3_drl/turtlebot3_drl.egg-info/entry_points.txt
writing requirements to ../../build/turtlebot3_drl/turtlebot3_drl.egg-info/requires.txt
writing top-level names to ../../build/turtlebot3_drl/turtlebot3_drl.egg-info/top_level.txt
writing manifest file '../../build/turtlebot3_drl/turtlebot3_drl.egg-info/SOURCES.txt'
reading manifest file '../../build/turtlebot3_drl/turtlebot3_drl.egg-info/SOURCES.txt'
writing manifest file '../../build/turtlebot3_drl/turtlebot3_drl.egg-info/SOURCES.txt'
running build
running build_py
creating /home/joseph/turtlebot3_drlnav/build/turtlebot3_drl/build
creating /home/joseph/turtlebot3_drlnav/build/turtlebot3_drl/build/lib
creating /home/joseph/turtlebot3_drlnav/build/turtlebot3_drl/build/lib/turtlebot3_drl
copying turtlebot3_drl/__init__.py -> /home/joseph/turtlebot3_drlnav/build/turtlebot3_drl/build/lib/turtlebot3_drl
creating /home/joseph/turtlebot3_drlnav/build/turtlebot3_drl/build/lib/turtlebot3_drl/drl_gazebo
copying turtlebot3_drl/drl_gazebo/drl_gazebo.py -> /home/joseph/turtlebot3_drlnav/build/turtlebot3_drl/build/lib/turtlebot3_drl/drl_gazebo
copying turtlebot3_drl/drl_gazebo/__init__.py -> /home/joseph/turtlebot3_drlnav/build/turtlebot3_drl/build/lib/turtlebot3_drl/drl_gazebo
creating /home/joseph/turtlebot3_drlnav/build/turtlebot3_drl/build/lib/turtlebot3_drl/drl_environment
copying turtlebot3_drl/drl_environment/reward.py -> /home/joseph/turtlebot3_drlnav/build/turtlebot3_drl/build/lib/turtlebot3_drl/drl_environment
copying turtlebot3_drl/drl_environment/drl_environment_real.py -> /home/joseph/turtlebot3_drlnav/build/turtlebot3_drl/build/lib/turtlebot3_drl/drl_environment
copying turtlebot3_drl/drl_environment/__init__.py -> /home/joseph/turtlebot3_drlnav/build/turtlebot3_drl/build/lib/turtlebot3_drl/drl_environment
copying turtlebot3_drl/drl_environment/drl_environment.py -> /home/joseph/turtlebot3_drlnav/build/turtlebot3_drl/build/lib/turtlebot3_drl/drl_environment
creating /home/joseph/turtlebot3_drlnav/build/turtlebot3_drl/build/lib/turtlebot3_drl/drl_agent
copying turtlebot3_drl/drl_agent/ddpg.py -> /home/joseph/turtlebot3_drlnav/build/turtlebot3_drl/build/lib/turtlebot3_drl/drl_agent
copying turtlebot3_drl/drl_agent/drl_agent.py -> /home/joseph/turtlebot3_drlnav/build/turtlebot3_drl/build/lib/turtlebot3_drl/drl_agent
copying turtlebot3_drl/drl_agent/sac.py -> /home/joseph/turtlebot3_drlnav/build/turtlebot3_drl/build/lib/turtlebot3_drl/drl_agent
copying turtlebot3_drl/drl_agent/td3.py -> /home/joseph/turtlebot3_drlnav/build/turtlebot3_drl/build/lib/turtlebot3_drl/drl_agent
copying turtlebot3_drl/drl_agent/__init__.py -> /home/joseph/turtlebot3_drlnav/build/turtlebot3_drl/build/lib/turtlebot3_drl/drl_agent
copying turtlebot3_drl/drl_agent/off_policy_agent.py -> /home/joseph/turtlebot3_drlnav/build/turtlebot3_drl/build/lib/turtlebot3_drl/drl_agent
copying turtlebot3_drl/drl_agent/dqn.py -> /home/joseph/turtlebot3_drlnav/build/turtlebot3_drl/build/lib/turtlebot3_drl/drl_agent
creating /home/joseph/turtlebot3_drlnav/build/turtlebot3_drl/build/lib/turtlebot3_drl/common
copying turtlebot3_drl/common/visual.py -> /home/joseph/turtlebot3_drlnav/build/turtlebot3_drl/build/lib/turtlebot3_drl/common
copying turtlebot3_drl/common/graph.py -> /home/joseph/turtlebot3_drlnav/build/turtlebot3_drl/build/lib/turtlebot3_drl/common
copying turtlebot3_drl/common/settings.py -> /home/joseph/turtlebot3_drlnav/build/turtlebot3_drl/build/lib/turtlebot3_drl/common
copying turtlebot3_drl/common/utilities.py -> /home/joseph/turtlebot3_drlnav/build/turtlebot3_drl/build/lib/turtlebot3_drl/common
copying turtlebot3_drl/common/logger.py -> /home/joseph/turtlebot3_drlnav/build/turtlebot3_drl/build/lib/turtlebot3_drl/common
copying turtlebot3_drl/common/__init__.py -> /home/joseph/turtlebot3_drlnav/build/turtlebot3_drl/build/lib/turtlebot3_drl/common
copying turtlebot3_drl/common/storagemanager.py -> /home/joseph/turtlebot3_drlnav/build/turtlebot3_drl/build/lib/turtlebot3_drl/common
copying turtlebot3_drl/common/replaybuffer.py -> /home/joseph/turtlebot3_drlnav/build/turtlebot3_drl/build/lib/turtlebot3_drl/common
copying turtlebot3_drl/common/ounoise.py -> /home/joseph/turtlebot3_drlnav/build/turtlebot3_drl/build/lib/turtlebot3_drl/common
running install
running install_lib
creating /home/joseph/turtlebot3_drlnav/install/turtlebot3_drl/lib/python3.8/site-packages/turtlebot3_drl
creating /home/joseph/turtlebot3_drlnav/install/turtlebot3_drl/lib/python3.8/site-packages/turtlebot3_drl/drl_gazebo
copying /home/joseph/turtlebot3_drlnav/build/turtlebot3_drl/build/lib/turtlebot3_drl/drl_gazebo/drl_gazebo.py -> /home/joseph/turtlebot3_drlnav/install/turtlebot3_drl/lib/python3.8/site-packages/turtlebot3_drl/drl_gazebo
copying /home/joseph/turtlebot3_drlnav/build/turtlebot3_drl/build/lib/turtlebot3_drl/drl_gazebo/__init__.py -> /home/joseph/turtlebot3_drlnav/install/turtlebot3_drl/lib/python3.8/site-packages/turtlebot3_drl/drl_gazebo
creating /home/joseph/turtlebot3_drlnav/install/turtlebot3_drl/lib/python3.8/site-packages/turtlebot3_drl/drl_environment
copying /home/joseph/turtlebot3_drlnav/build/turtlebot3_drl/build/lib/turtlebot3_drl/drl_environment/reward.py -> /home/joseph/turtlebot3_drlnav/install/turtlebot3_drl/lib/python3.8/site-packages/turtlebot3_drl/drl_environment
copying /home/joseph/turtlebot3_drlnav/build/turtlebot3_drl/build/lib/turtlebot3_drl/drl_environment/drl_environment_real.py -> /home/joseph/turtlebot3_drlnav/install/turtlebot3_drl/lib/python3.8/site-packages/turtlebot3_drl/drl_environment
copying /home/joseph/turtlebot3_drlnav/build/turtlebot3_drl/build/lib/turtlebot3_drl/drl_environment/__init__.py -> /home/joseph/turtlebot3_drlnav/install/turtlebot3_drl/lib/python3.8/site-packages/turtlebot3_drl/drl_environment
copying /home/joseph/turtlebot3_drlnav/build/turtlebot3_drl/build/lib/turtlebot3_drl/drl_environment/drl_environment.py -> /home/joseph/turtlebot3_drlnav/install/turtlebot3_drl/lib/python3.8/site-packages/turtlebot3_drl/drl_environment
copying /home/joseph/turtlebot3_drlnav/build/turtlebot3_drl/build/lib/turtlebot3_drl/__init__.py -> /home/joseph/turtlebot3_drlnav/install/turtlebot3_drl/lib/python3.8/site-packages/turtlebot3_drl
creating /home/joseph/turtlebot3_drlnav/install/turtlebot3_drl/lib/python3.8/site-packages/turtlebot3_drl/drl_agent
copying /home/joseph/turtlebot3_drlnav/build/turtlebot3_drl/build/lib/turtlebot3_drl/drl_agent/ddpg.py -> /home/joseph/turtlebot3_drlnav/install/turtlebot3_drl/lib/python3.8/site-packages/turtlebot3_drl/drl_agent
copying /home/joseph/turtlebot3_drlnav/build/turtlebot3_drl/build/lib/turtlebot3_drl/drl_agent/drl_agent.py -> /home/joseph/turtlebot3_drlnav/install/turtlebot3_drl/lib/python3.8/site-packages/turtlebot3_drl/drl_agent
copying /home/joseph/turtlebot3_drlnav/build/turtlebot3_drl/build/lib/turtlebot3_drl/drl_agent/sac.py -> /home/joseph/turtlebot3_drlnav/install/turtlebot3_drl/lib/python3.8/site-packages/turtlebot3_drl/drl_agent
copying /home/joseph/turtlebot3_drlnav/build/turtlebot3_drl/build/lib/turtlebot3_drl/drl_agent/td3.py -> /home/joseph/turtlebot3_drlnav/install/turtlebot3_drl/lib/python3.8/site-packages/turtlebot3_drl/drl_agent
copying /home/joseph/turtlebot3_drlnav/build/turtlebot3_drl/build/lib/turtlebot3_drl/drl_agent/__init__.py -> /home/joseph/turtlebot3_drlnav/install/turtlebot3_drl/lib/python3.8/site-packages/turtlebot3_drl/drl_agent
copying /home/joseph/turtlebot3_drlnav/build/turtlebot3_drl/build/lib/turtlebot3_drl/drl_agent/off_policy_agent.py -> /home/joseph/turtlebot3_drlnav/install/turtlebot3_drl/lib/python3.8/site-packages/turtlebot3_drl/drl_agent
copying /home/joseph/turtlebot3_drlnav/build/turtlebot3_drl/build/lib/turtlebot3_drl/drl_agent/dqn.py -> /home/joseph/turtlebot3_drlnav/install/turtlebot3_drl/lib/python3.8/site-packages/turtlebot3_drl/drl_agent
creating /home/joseph/turtlebot3_drlnav/install/turtlebot3_drl/lib/python3.8/site-packages/turtlebot3_drl/common
copying /home/joseph/turtlebot3_drlnav/build/turtlebot3_drl/build/lib/turtlebot3_drl/common/visual.py -> /home/joseph/turtlebot3_drlnav/install/turtlebot3_drl/lib/python3.8/site-packages/turtlebot3_drl/common
copying /home/joseph/turtlebot3_drlnav/build/turtlebot3_drl/build/lib/turtlebot3_drl/common/graph.py -> /home/joseph/turtlebot3_drlnav/install/turtlebot3_drl/lib/python3.8/site-packages/turtlebot3_drl/common
copying /home/joseph/turtlebot3_drlnav/build/turtlebot3_drl/build/lib/turtlebot3_drl/common/settings.py -> /home/joseph/turtlebot3_drlnav/install/turtlebot3_drl/lib/python3.8/site-packages/turtlebot3_drl/common
copying /home/joseph/turtlebot3_drlnav/build/turtlebot3_drl/build/lib/turtlebot3_drl/common/utilities.py -> /home/joseph/turtlebot3_drlnav/install/turtlebot3_drl/lib/python3.8/site-packages/turtlebot3_drl/common
copying /home/joseph/turtlebot3_drlnav/build/turtlebot3_drl/build/lib/turtlebot3_drl/common/logger.py -> /home/joseph/turtlebot3_drlnav/install/turtlebot3_drl/lib/python3.8/site-packages/turtlebot3_drl/common
copying /home/joseph/turtlebot3_drlnav/build/turtlebot3_drl/build/lib/turtlebot3_drl/common/__init__.py -> /home/joseph/turtlebot3_drlnav/install/turtlebot3_drl/lib/python3.8/site-packages/turtlebot3_drl/common
copying /home/joseph/turtlebot3_drlnav/build/turtlebot3_drl/build/lib/turtlebot3_drl/common/storagemanager.py -> /home/joseph/turtlebot3_drlnav/install/turtlebot3_drl/lib/python3.8/site-packages/turtlebot3_drl/common
copying /home/joseph/turtlebot3_drlnav/build/turtlebot3_drl/build/lib/turtlebot3_drl/common/replaybuffer.py -> /home/joseph/turtlebot3_drlnav/install/turtlebot3_drl/lib/python3.8/site-packages/turtlebot3_drl/common
copying /home/joseph/turtlebot3_drlnav/build/turtlebot3_drl/build/lib/turtlebot3_drl/common/ounoise.py -> /home/joseph/turtlebot3_drlnav/install/turtlebot3_drl/lib/python3.8/site-packages/turtlebot3_drl/common
byte-compiling /home/joseph/turtlebot3_drlnav/install/turtlebot3_drl/lib/python3.8/site-packages/turtlebot3_drl/drl_gazebo/drl_gazebo.py to drl_gazebo.cpython-38.pyc
byte-compiling /home/joseph/turtlebot3_drlnav/install/turtlebot3_drl/lib/python3.8/site-packages/turtlebot3_drl/drl_gazebo/__init__.py to __init__.cpython-38.pyc
byte-compiling /home/joseph/turtlebot3_drlnav/install/turtlebot3_drl/lib/python3.8/site-packages/turtlebot3_drl/drl_environment/reward.py to reward.cpython-38.pyc
byte-compiling /home/joseph/turtlebot3_drlnav/install/turtlebot3_drl/lib/python3.8/site-packages/turtlebot3_drl/drl_environment/drl_environment_real.py to drl_environment_real.cpython-38.pyc
byte-compiling /home/joseph/turtlebot3_drlnav/install/turtlebot3_drl/lib/python3.8/site-packages/turtlebot3_drl/drl_environment/__init__.py to __init__.cpython-38.pyc
byte-compiling /home/joseph/turtlebot3_drlnav/install/turtlebot3_drl/lib/python3.8/site-packages/turtlebot3_drl/drl_environment/drl_environment.py to drl_environment.cpython-38.pyc
byte-compiling /home/joseph/turtlebot3_drlnav/install/turtlebot3_drl/lib/python3.8/site-packages/turtlebot3_drl/__init__.py to __init__.cpython-38.pyc
byte-compiling /home/joseph/turtlebot3_drlnav/install/turtlebot3_drl/lib/python3.8/site-packages/turtlebot3_drl/drl_agent/ddpg.py to ddpg.cpython-38.pyc
byte-compiling /home/joseph/turtlebot3_drlnav/install/turtlebot3_drl/lib/python3.8/site-packages/turtlebot3_drl/drl_agent/drl_agent.py to drl_agent.cpython-38.pyc
byte-compiling /home/joseph/turtlebot3_drlnav/install/turtlebot3_drl/lib/python3.8/site-packages/turtlebot3_drl/drl_agent/sac.py to sac.cpython-38.pyc
byte-compiling /home/joseph/turtlebot3_drlnav/install/turtlebot3_drl/lib/python3.8/site-packages/turtlebot3_drl/drl_agent/td3.py to td3.cpython-38.pyc
byte-compiling /home/joseph/turtlebot3_drlnav/install/turtlebot3_drl/lib/python3.8/site-packages/turtlebot3_drl/drl_agent/__init__.py to __init__.cpython-38.pyc
byte-compiling /home/joseph/turtlebot3_drlnav/install/turtlebot3_drl/lib/python3.8/site-packages/turtlebot3_drl/drl_agent/off_policy_agent.py to off_policy_agent.cpython-38.pyc
byte-compiling /home/joseph/turtlebot3_drlnav/install/turtlebot3_drl/lib/python3.8/site-packages/turtlebot3_drl/drl_agent/dqn.py to dqn.cpython-38.pyc
byte-compiling /home/joseph/turtlebot3_drlnav/install/turtlebot3_drl/lib/python3.8/site-packages/turtlebot3_drl/common/visual.py to visual.cpython-38.pyc
byte-compiling /home/joseph/turtlebot3_drlnav/install/turtlebot3_drl/lib/python3.8/site-packages/turtlebot3_drl/common/graph.py to graph.cpython-38.pyc
byte-compiling /home/joseph/turtlebot3_drlnav/install/turtlebot3_drl/lib/python3.8/site-packages/turtlebot3_drl/common/settings.py to settings.cpython-38.pyc
byte-compiling /home/joseph/turtlebot3_drlnav/install/turtlebot3_drl/lib/python3.8/site-packages/turtlebot3_drl/common/utilities.py to utilities.cpython-38.pyc
byte-compiling /home/joseph/turtlebot3_drlnav/install/turtlebot3_drl/lib/python3.8/site-packages/turtlebot3_drl/common/logger.py to logger.cpython-38.pyc
byte-compiling /home/joseph/turtlebot3_drlnav/install/turtlebot3_drl/lib/python3.8/site-packages/turtlebot3_drl/common/__init__.py to __init__.cpython-38.pyc
byte-compiling /home/joseph/turtlebot3_drlnav/install/turtlebot3_drl/lib/python3.8/site-packages/turtlebot3_drl/common/storagemanager.py to storagemanager.cpython-38.pyc
byte-compiling /home/joseph/turtlebot3_drlnav/install/turtlebot3_drl/lib/python3.8/site-packages/turtlebot3_drl/common/replaybuffer.py to replaybuffer.cpython-38.pyc
byte-compiling /home/joseph/turtlebot3_drlnav/install/turtlebot3_drl/lib/python3.8/site-packages/turtlebot3_drl/common/ounoise.py to ounoise.cpython-38.pyc
running install_data
creating /home/joseph/turtlebot3_drlnav/install/turtlebot3_drl/share/ament_index
creating /home/joseph/turtlebot3_drlnav/install/turtlebot3_drl/share/ament_index/resource_index
creating /home/joseph/turtlebot3_drlnav/install/turtlebot3_drl/share/ament_index/resource_index/packages
copying resource/turtlebot3_drl -> /home/joseph/turtlebot3_drlnav/install/turtlebot3_drl/share/ament_index/resource_index/packages
copying package.xml -> /home/joseph/turtlebot3_drlnav/install/turtlebot3_drl/share/turtlebot3_drl
creating /home/joseph/turtlebot3_drlnav/install/turtlebot3_drl/share/turtlebot3_drl/launch
running install_egg_info
Copying ../../build/turtlebot3_drl/turtlebot3_drl.egg-info to /home/joseph/turtlebot3_drlnav/install/turtlebot3_drl/lib/python3.8/site-packages/turtlebot3_drl-2.0.0-py3.8.egg-info
running install_scripts
Installing environment script to /home/joseph/turtlebot3_drlnav/install/turtlebot3_drl/lib/turtlebot3_drl
Installing gazebo_goals script to /home/joseph/turtlebot3_drlnav/install/turtlebot3_drl/lib/turtlebot3_drl
Installing real_agent script to /home/joseph/turtlebot3_drlnav/install/turtlebot3_drl/lib/turtlebot3_drl
Installing real_environment script to /home/joseph/turtlebot3_drlnav/install/turtlebot3_drl/lib/turtlebot3_drl
Installing test_agent script to /home/joseph/turtlebot3_drlnav/install/turtlebot3_drl/lib/turtlebot3_drl
Installing train_agent script to /home/joseph/turtlebot3_drlnav/install/turtlebot3_drl/lib/turtlebot3_drl
writing list of installed files to '/home/joseph/turtlebot3_drlnav/build/turtlebot3_drl/install.log'
