[0.357s] Invoking command in '/home/joseph/turtlebot3_drlnav/src/turtlebot3_drl': PYTHONPATH=/home/joseph/turtlebot3_drlnav/build/turtlebot3_drl/prefix_override:/home/joseph/turtlebot3_drlnav/install/turtlebot3_drl/lib/python3.8/site-packages:${PYTHONPATH} /usr/bin/python3 -W ignore:setup.py install is deprecated setup.py egg_info --egg-base ../../build/turtlebot3_drl build --build-base /home/joseph/turtlebot3_drlnav/build/turtlebot3_drl/build install --record /home/joseph/turtlebot3_drlnav/build/turtlebot3_drl/install.log --single-version-externally-managed install_data
[0.459s] running egg_info
[0.459s] creating ../../build/turtlebot3_drl/turtlebot3_drl.egg-info
[0.460s] writing ../../build/turtlebot3_drl/turtlebot3_drl.egg-info/PKG-INFO
[0.460s] writing dependency_links to ../../build/turtlebot3_drl/turtlebot3_drl.egg-info/dependency_links.txt
[0.460s] writing entry points to ../../build/turtlebot3_drl/turtlebot3_drl.egg-info/entry_points.txt
[0.460s] writing requirements to ../../build/turtlebot3_drl/turtlebot3_drl.egg-info/requires.txt
[0.460s] writing top-level names to ../../build/turtlebot3_drl/turtlebot3_drl.egg-info/top_level.txt
[0.461s] writing manifest file '../../build/turtlebot3_drl/turtlebot3_drl.egg-info/SOURCES.txt'
[0.479s] reading manifest file '../../build/turtlebot3_drl/turtlebot3_drl.egg-info/SOURCES.txt'
[0.479s] writing manifest file '../../build/turtlebot3_drl/turtlebot3_drl.egg-info/SOURCES.txt'
[0.479s] running build
[0.480s] running build_py
[0.480s] creating /home/joseph/turtlebot3_drlnav/build/turtlebot3_drl/build
[0.480s] creating /home/joseph/turtlebot3_drlnav/build/turtlebot3_drl/build/lib
[0.480s] creating /home/joseph/turtlebot3_drlnav/build/turtlebot3_drl/build/lib/turtlebot3_drl
[0.480s] copying turtlebot3_drl/__init__.py -> /home/joseph/turtlebot3_drlnav/build/turtlebot3_drl/build/lib/turtlebot3_drl
[0.480s] creating /home/joseph/turtlebot3_drlnav/build/turtlebot3_drl/build/lib/turtlebot3_drl/drl_gazebo
[0.480s] copying turtlebot3_drl/drl_gazebo/drl_gazebo.py -> /home/joseph/turtlebot3_drlnav/build/turtlebot3_drl/build/lib/turtlebot3_drl/drl_gazebo
[0.480s] copying turtlebot3_drl/drl_gazebo/__init__.py -> /home/joseph/turtlebot3_drlnav/build/turtlebot3_drl/build/lib/turtlebot3_drl/drl_gazebo
[0.480s] creating /home/joseph/turtlebot3_drlnav/build/turtlebot3_drl/build/lib/turtlebot3_drl/drl_environment
[0.480s] copying turtlebot3_drl/drl_environment/reward.py -> /home/joseph/turtlebot3_drlnav/build/turtlebot3_drl/build/lib/turtlebot3_drl/drl_environment
[0.480s] copying turtlebot3_drl/drl_environment/drl_environment_real.py -> /home/joseph/turtlebot3_drlnav/build/turtlebot3_drl/build/lib/turtlebot3_drl/drl_environment
[0.480s] copying turtlebot3_drl/drl_environment/__init__.py -> /home/joseph/turtlebot3_drlnav/build/turtlebot3_drl/build/lib/turtlebot3_drl/drl_environment
[0.480s] copying turtlebot3_drl/drl_environment/drl_environment.py -> /home/joseph/turtlebot3_drlnav/build/turtlebot3_drl/build/lib/turtlebot3_drl/drl_environment
[0.481s] creating /home/joseph/turtlebot3_drlnav/build/turtlebot3_drl/build/lib/turtlebot3_drl/drl_agent
[0.481s] copying turtlebot3_drl/drl_agent/ddpg.py -> /home/joseph/turtlebot3_drlnav/build/turtlebot3_drl/build/lib/turtlebot3_drl/drl_agent
[0.481s] copying turtlebot3_drl/drl_agent/drl_agent.py -> /home/joseph/turtlebot3_drlnav/build/turtlebot3_drl/build/lib/turtlebot3_drl/drl_agent
[0.481s] copying turtlebot3_drl/drl_agent/sac.py -> /home/joseph/turtlebot3_drlnav/build/turtlebot3_drl/build/lib/turtlebot3_drl/drl_agent
[0.481s] copying turtlebot3_drl/drl_agent/td3.py -> /home/joseph/turtlebot3_drlnav/build/turtlebot3_drl/build/lib/turtlebot3_drl/drl_agent
[0.481s] copying turtlebot3_drl/drl_agent/__init__.py -> /home/joseph/turtlebot3_drlnav/build/turtlebot3_drl/build/lib/turtlebot3_drl/drl_agent
[0.481s] copying turtlebot3_drl/drl_agent/off_policy_agent.py -> /home/joseph/turtlebot3_drlnav/build/turtlebot3_drl/build/lib/turtlebot3_drl/drl_agent
[0.481s] copying turtlebot3_drl/drl_agent/dqn.py -> /home/joseph/turtlebot3_drlnav/build/turtlebot3_drl/build/lib/turtlebot3_drl/drl_agent
[0.481s] creating /home/joseph/turtlebot3_drlnav/build/turtlebot3_drl/build/lib/turtlebot3_drl/common
[0.481s] copying turtlebot3_drl/common/visual.py -> /home/joseph/turtlebot3_drlnav/build/turtlebot3_drl/build/lib/turtlebot3_drl/common
[0.481s] copying turtlebot3_drl/common/graph.py -> /home/joseph/turtlebot3_drlnav/build/turtlebot3_drl/build/lib/turtlebot3_drl/common
[0.481s] copying turtlebot3_drl/common/settings.py -> /home/joseph/turtlebot3_drlnav/build/turtlebot3_drl/build/lib/turtlebot3_drl/common
[0.481s] copying turtlebot3_drl/common/utilities.py -> /home/joseph/turtlebot3_drlnav/build/turtlebot3_drl/build/lib/turtlebot3_drl/common
[0.481s] copying turtlebot3_drl/common/logger.py -> /home/joseph/turtlebot3_drlnav/build/turtlebot3_drl/build/lib/turtlebot3_drl/common
[0.481s] copying turtlebot3_drl/common/__init__.py -> /home/joseph/turtlebot3_drlnav/build/turtlebot3_drl/build/lib/turtlebot3_drl/common
[0.481s] copying turtlebot3_drl/common/storagemanager.py -> /home/joseph/turtlebot3_drlnav/build/turtlebot3_drl/build/lib/turtlebot3_drl/common
[0.482s] copying turtlebot3_drl/common/replaybuffer.py -> /home/joseph/turtlebot3_drlnav/build/turtlebot3_drl/build/lib/turtlebot3_drl/common
[0.482s] copying turtlebot3_drl/common/ounoise.py -> /home/joseph/turtlebot3_drlnav/build/turtlebot3_drl/build/lib/turtlebot3_drl/common
[0.482s] running install
[0.482s] running install_lib
[0.482s] creating /home/joseph/turtlebot3_drlnav/install/turtlebot3_drl/lib/python3.8/site-packages/turtlebot3_drl
[0.482s] creating /home/joseph/turtlebot3_drlnav/install/turtlebot3_drl/lib/python3.8/site-packages/turtlebot3_drl/drl_gazebo
[0.482s] copying /home/joseph/turtlebot3_drlnav/build/turtlebot3_drl/build/lib/turtlebot3_drl/drl_gazebo/drl_gazebo.py -> /home/joseph/turtlebot3_drlnav/install/turtlebot3_drl/lib/python3.8/site-packages/turtlebot3_drl/drl_gazebo
[0.482s] copying /home/joseph/turtlebot3_drlnav/build/turtlebot3_drl/build/lib/turtlebot3_drl/drl_gazebo/__init__.py -> /home/joseph/turtlebot3_drlnav/install/turtlebot3_drl/lib/python3.8/site-packages/turtlebot3_drl/drl_gazebo
[0.482s] creating /home/joseph/turtlebot3_drlnav/install/turtlebot3_drl/lib/python3.8/site-packages/turtlebot3_drl/drl_environment
[0.482s] copying /home/joseph/turtlebot3_drlnav/build/turtlebot3_drl/build/lib/turtlebot3_drl/drl_environment/reward.py -> /home/joseph/turtlebot3_drlnav/install/turtlebot3_drl/lib/python3.8/site-packages/turtlebot3_drl/drl_environment
[0.482s] copying /home/joseph/turtlebot3_drlnav/build/turtlebot3_drl/build/lib/turtlebot3_drl/drl_environment/drl_environment_real.py -> /home/joseph/turtlebot3_drlnav/install/turtlebot3_drl/lib/python3.8/site-packages/turtlebot3_drl/drl_environment
[0.482s] copying /home/joseph/turtlebot3_drlnav/build/turtlebot3_drl/build/lib/turtlebot3_drl/drl_environment/__init__.py -> /home/joseph/turtlebot3_drlnav/install/turtlebot3_drl/lib/python3.8/site-packages/turtlebot3_drl/drl_environment
[0.482s] copying /home/joseph/turtlebot3_drlnav/build/turtlebot3_drl/build/lib/turtlebot3_drl/drl_environment/drl_environment.py -> /home/joseph/turtlebot3_drlnav/install/turtlebot3_drl/lib/python3.8/site-packages/turtlebot3_drl/drl_environment
[0.482s] copying /home/joseph/turtlebot3_drlnav/build/turtlebot3_drl/build/lib/turtlebot3_drl/__init__.py -> /home/joseph/turtlebot3_drlnav/install/turtlebot3_drl/lib/python3.8/site-packages/turtlebot3_drl
[0.482s] creating /home/joseph/turtlebot3_drlnav/install/turtlebot3_drl/lib/python3.8/site-packages/turtlebot3_drl/drl_agent
[0.482s] copying /home/joseph/turtlebot3_drlnav/build/turtlebot3_drl/build/lib/turtlebot3_drl/drl_agent/ddpg.py -> /home/joseph/turtlebot3_drlnav/install/turtlebot3_drl/lib/python3.8/site-packages/turtlebot3_drl/drl_agent
[0.482s] copying /home/joseph/turtlebot3_drlnav/build/turtlebot3_drl/build/lib/turtlebot3_drl/drl_agent/drl_agent.py -> /home/joseph/turtlebot3_drlnav/install/turtlebot3_drl/lib/python3.8/site-packages/turtlebot3_drl/drl_agent
[0.482s] copying /home/joseph/turtlebot3_drlnav/build/turtlebot3_drl/build/lib/turtlebot3_drl/drl_agent/sac.py -> /home/joseph/turtlebot3_drlnav/install/turtlebot3_drl/lib/python3.8/site-packages/turtlebot3_drl/drl_agent
[0.482s] copying /home/joseph/turtlebot3_drlnav/build/turtlebot3_drl/build/lib/turtlebot3_drl/drl_agent/td3.py -> /home/joseph/turtlebot3_drlnav/install/turtlebot3_drl/lib/python3.8/site-packages/turtlebot3_drl/drl_agent
[0.482s] copying /home/joseph/turtlebot3_drlnav/build/turtlebot3_drl/build/lib/turtlebot3_drl/drl_agent/__init__.py -> /home/joseph/turtlebot3_drlnav/install/turtlebot3_drl/lib/python3.8/site-packages/turtlebot3_drl/drl_agent
[0.482s] copying /home/joseph/turtlebot3_drlnav/build/turtlebot3_drl/build/lib/turtlebot3_drl/drl_agent/off_policy_agent.py -> /home/joseph/turtlebot3_drlnav/install/turtlebot3_drl/lib/python3.8/site-packages/turtlebot3_drl/drl_agent
[0.482s] copying /home/joseph/turtlebot3_drlnav/build/turtlebot3_drl/build/lib/turtlebot3_drl/drl_agent/dqn.py -> /home/joseph/turtlebot3_drlnav/install/turtlebot3_drl/lib/python3.8/site-packages/turtlebot3_drl/drl_agent
[0.482s] creating /home/joseph/turtlebot3_drlnav/install/turtlebot3_drl/lib/python3.8/site-packages/turtlebot3_drl/common
[0.483s] copying /home/joseph/turtlebot3_drlnav/build/turtlebot3_drl/build/lib/turtlebot3_drl/common/visual.py -> /home/joseph/turtlebot3_drlnav/install/turtlebot3_drl/lib/python3.8/site-packages/turtlebot3_drl/common
[0.483s] copying /home/joseph/turtlebot3_drlnav/build/turtlebot3_drl/build/lib/turtlebot3_drl/common/graph.py -> /home/joseph/turtlebot3_drlnav/install/turtlebot3_drl/lib/python3.8/site-packages/turtlebot3_drl/common
[0.483s] copying /home/joseph/turtlebot3_drlnav/build/turtlebot3_drl/build/lib/turtlebot3_drl/common/settings.py -> /home/joseph/turtlebot3_drlnav/install/turtlebot3_drl/lib/python3.8/site-packages/turtlebot3_drl/common
[0.483s] copying /home/joseph/turtlebot3_drlnav/build/turtlebot3_drl/build/lib/turtlebot3_drl/common/utilities.py -> /home/joseph/turtlebot3_drlnav/install/turtlebot3_drl/lib/python3.8/site-packages/turtlebot3_drl/common
[0.483s] copying /home/joseph/turtlebot3_drlnav/build/turtlebot3_drl/build/lib/turtlebot3_drl/common/logger.py -> /home/joseph/turtlebot3_drlnav/install/turtlebot3_drl/lib/python3.8/site-packages/turtlebot3_drl/common
[0.483s] copying /home/joseph/turtlebot3_drlnav/build/turtlebot3_drl/build/lib/turtlebot3_drl/common/__init__.py -> /home/joseph/turtlebot3_drlnav/install/turtlebot3_drl/lib/python3.8/site-packages/turtlebot3_drl/common
[0.483s] copying /home/joseph/turtlebot3_drlnav/build/turtlebot3_drl/build/lib/turtlebot3_drl/common/storagemanager.py -> /home/joseph/turtlebot3_drlnav/install/turtlebot3_drl/lib/python3.8/site-packages/turtlebot3_drl/common
[0.483s] copying /home/joseph/turtlebot3_drlnav/build/turtlebot3_drl/build/lib/turtlebot3_drl/common/replaybuffer.py -> /home/joseph/turtlebot3_drlnav/install/turtlebot3_drl/lib/python3.8/site-packages/turtlebot3_drl/common
[0.483s] copying /home/joseph/turtlebot3_drlnav/build/turtlebot3_drl/build/lib/turtlebot3_drl/common/ounoise.py -> /home/joseph/turtlebot3_drlnav/install/turtlebot3_drl/lib/python3.8/site-packages/turtlebot3_drl/common
[0.483s] byte-compiling /home/joseph/turtlebot3_drlnav/install/turtlebot3_drl/lib/python3.8/site-packages/turtlebot3_drl/drl_gazebo/drl_gazebo.py to drl_gazebo.cpython-38.pyc
[0.484s] byte-compiling /home/joseph/turtlebot3_drlnav/install/turtlebot3_drl/lib/python3.8/site-packages/turtlebot3_drl/drl_gazebo/__init__.py to __init__.cpython-38.pyc
[0.484s] byte-compiling /home/joseph/turtlebot3_drlnav/install/turtlebot3_drl/lib/python3.8/site-packages/turtlebot3_drl/drl_environment/reward.py to reward.cpython-38.pyc
[0.484s] byte-compiling /home/joseph/turtlebot3_drlnav/install/turtlebot3_drl/lib/python3.8/site-packages/turtlebot3_drl/drl_environment/drl_environment_real.py to drl_environment_real.cpython-38.pyc
[0.485s] byte-compiling /home/joseph/turtlebot3_drlnav/install/turtlebot3_drl/lib/python3.8/site-packages/turtlebot3_drl/drl_environment/__init__.py to __init__.cpython-38.pyc
[0.485s] byte-compiling /home/joseph/turtlebot3_drlnav/install/turtlebot3_drl/lib/python3.8/site-packages/turtlebot3_drl/drl_environment/drl_environment.py to drl_environment.cpython-38.pyc
[0.486s] byte-compiling /home/joseph/turtlebot3_drlnav/install/turtlebot3_drl/lib/python3.8/site-packages/turtlebot3_drl/__init__.py to __init__.cpython-38.pyc
[0.486s] byte-compiling /home/joseph/turtlebot3_drlnav/install/turtlebot3_drl/lib/python3.8/site-packages/turtlebot3_drl/drl_agent/ddpg.py to ddpg.cpython-38.pyc
[0.487s] byte-compiling /home/joseph/turtlebot3_drlnav/install/turtlebot3_drl/lib/python3.8/site-packages/turtlebot3_drl/drl_agent/drl_agent.py to drl_agent.cpython-38.pyc
[0.488s] byte-compiling /home/joseph/turtlebot3_drlnav/install/turtlebot3_drl/lib/python3.8/site-packages/turtlebot3_drl/drl_agent/sac.py to sac.cpython-38.pyc
[0.488s] byte-compiling /home/joseph/turtlebot3_drlnav/install/turtlebot3_drl/lib/python3.8/site-packages/turtlebot3_drl/drl_agent/td3.py to td3.cpython-38.pyc
[0.489s] byte-compiling /home/joseph/turtlebot3_drlnav/install/turtlebot3_drl/lib/python3.8/site-packages/turtlebot3_drl/drl_agent/__init__.py to __init__.cpython-38.pyc
[0.489s] byte-compiling /home/joseph/turtlebot3_drlnav/install/turtlebot3_drl/lib/python3.8/site-packages/turtlebot3_drl/drl_agent/off_policy_agent.py to off_policy_agent.cpython-38.pyc
[0.490s] byte-compiling /home/joseph/turtlebot3_drlnav/install/turtlebot3_drl/lib/python3.8/site-packages/turtlebot3_drl/drl_agent/dqn.py to dqn.cpython-38.pyc
[0.490s] byte-compiling /home/joseph/turtlebot3_drlnav/install/turtlebot3_drl/lib/python3.8/site-packages/turtlebot3_drl/common/visual.py to visual.cpython-38.pyc
[0.490s] byte-compiling /home/joseph/turtlebot3_drlnav/install/turtlebot3_drl/lib/python3.8/site-packages/turtlebot3_drl/common/graph.py to graph.cpython-38.pyc
[0.491s] byte-compiling /home/joseph/turtlebot3_drlnav/install/turtlebot3_drl/lib/python3.8/site-packages/turtlebot3_drl/common/settings.py to settings.cpython-38.pyc
[0.491s] byte-compiling /home/joseph/turtlebot3_drlnav/install/turtlebot3_drl/lib/python3.8/site-packages/turtlebot3_drl/common/utilities.py to utilities.cpython-38.pyc
[0.492s] byte-compiling /home/joseph/turtlebot3_drlnav/install/turtlebot3_drl/lib/python3.8/site-packages/turtlebot3_drl/common/logger.py to logger.cpython-38.pyc
[0.492s] byte-compiling /home/joseph/turtlebot3_drlnav/install/turtlebot3_drl/lib/python3.8/site-packages/turtlebot3_drl/common/__init__.py to __init__.cpython-38.pyc
[0.492s] byte-compiling /home/joseph/turtlebot3_drlnav/install/turtlebot3_drl/lib/python3.8/site-packages/turtlebot3_drl/common/storagemanager.py to storagemanager.cpython-38.pyc
[0.493s] byte-compiling /home/joseph/turtlebot3_drlnav/install/turtlebot3_drl/lib/python3.8/site-packages/turtlebot3_drl/common/replaybuffer.py to replaybuffer.cpython-38.pyc
[0.493s] byte-compiling /home/joseph/turtlebot3_drlnav/install/turtlebot3_drl/lib/python3.8/site-packages/turtlebot3_drl/common/ounoise.py to ounoise.cpython-38.pyc
[0.493s] running install_data
[0.493s] creating /home/joseph/turtlebot3_drlnav/install/turtlebot3_drl/share/ament_index
[0.493s] creating /home/joseph/turtlebot3_drlnav/install/turtlebot3_drl/share/ament_index/resource_index
[0.493s] creating /home/joseph/turtlebot3_drlnav/install/turtlebot3_drl/share/ament_index/resource_index/packages
[0.493s] copying resource/turtlebot3_drl -> /home/joseph/turtlebot3_drlnav/install/turtlebot3_drl/share/ament_index/resource_index/packages
[0.494s] copying package.xml -> /home/joseph/turtlebot3_drlnav/install/turtlebot3_drl/share/turtlebot3_drl
[0.494s] creating /home/joseph/turtlebot3_drlnav/install/turtlebot3_drl/share/turtlebot3_drl/launch
[0.494s] running install_egg_info
[0.494s] Copying ../../build/turtlebot3_drl/turtlebot3_drl.egg-info to /home/joseph/turtlebot3_drlnav/install/turtlebot3_drl/lib/python3.8/site-packages/turtlebot3_drl-2.0.0-py3.8.egg-info
[0.495s] running install_scripts
[0.504s] Installing environment script to /home/joseph/turtlebot3_drlnav/install/turtlebot3_drl/lib/turtlebot3_drl
[0.504s] Installing gazebo_goals script to /home/joseph/turtlebot3_drlnav/install/turtlebot3_drl/lib/turtlebot3_drl
[0.504s] Installing real_agent script to /home/joseph/turtlebot3_drlnav/install/turtlebot3_drl/lib/turtlebot3_drl
[0.504s] Installing real_environment script to /home/joseph/turtlebot3_drlnav/install/turtlebot3_drl/lib/turtlebot3_drl
[0.505s] Installing test_agent script to /home/joseph/turtlebot3_drlnav/install/turtlebot3_drl/lib/turtlebot3_drl
[0.505s] Installing train_agent script to /home/joseph/turtlebot3_drlnav/install/turtlebot3_drl/lib/turtlebot3_drl
[0.505s] writing list of installed files to '/home/joseph/turtlebot3_drlnav/build/turtlebot3_drl/install.log'
[0.516s] Invoked command in '/home/joseph/turtlebot3_drlnav/src/turtlebot3_drl' returned '0': PYTHONPATH=/home/joseph/turtlebot3_drlnav/build/turtlebot3_drl/prefix_override:/home/joseph/turtlebot3_drlnav/install/turtlebot3_drl/lib/python3.8/site-packages:${PYTHONPATH} /usr/bin/python3 -W ignore:setup.py install is deprecated setup.py egg_info --egg-base ../../build/turtlebot3_drl build --build-base /home/joseph/turtlebot3_drlnav/build/turtlebot3_drl/build install --record /home/joseph/turtlebot3_drlnav/build/turtlebot3_drl/install.log --single-version-externally-managed install_data
