running egg_info
writing ../../build/turtlebot3_drl/turtlebot3_drl.egg-info/PKG-INFO
writing dependency_links to ../../build/turtlebot3_drl/turtlebot3_drl.egg-info/dependency_links.txt
writing entry points to ../../build/turtlebot3_drl/turtlebot3_drl.egg-info/entry_points.txt
writing requirements to ../../build/turtlebot3_drl/turtlebot3_drl.egg-info/requires.txt
writing top-level names to ../../build/turtlebot3_drl/turtlebot3_drl.egg-info/top_level.txt
reading manifest file '../../build/turtlebot3_drl/turtlebot3_drl.egg-info/SOURCES.txt'
writing manifest file '../../build/turtlebot3_drl/turtlebot3_drl.egg-info/SOURCES.txt'
running build
running build_py
copying turtlebot3_drl/drl_agent/td3.py -> /home/joseph/turtlebot3_drlnav/build/turtlebot3_drl/build/lib/turtlebot3_drl/drl_agent
copying turtlebot3_drl/drl_agent/dqn.py -> /home/joseph/turtlebot3_drlnav/build/turtlebot3_drl/build/lib/turtlebot3_drl/drl_agent
copying turtlebot3_drl/common/settings.py -> /home/joseph/turtlebot3_drlnav/build/turtlebot3_drl/build/lib/turtlebot3_drl/common
running install
running install_lib
copying /home/joseph/turtlebot3_drlnav/build/turtlebot3_drl/build/lib/turtlebot3_drl/drl_agent/td3.py -> /home/joseph/turtlebot3_drlnav/install/turtlebot3_drl/lib/python3.8/site-packages/turtlebot3_drl/drl_agent
copying /home/joseph/turtlebot3_drlnav/build/turtlebot3_drl/build/lib/turtlebot3_drl/drl_agent/dqn.py -> /home/joseph/turtlebot3_drlnav/install/turtlebot3_drl/lib/python3.8/site-packages/turtlebot3_drl/drl_agent
copying /home/joseph/turtlebot3_drlnav/build/turtlebot3_drl/build/lib/turtlebot3_drl/common/settings.py -> /home/joseph/turtlebot3_drlnav/install/turtlebot3_drl/lib/python3.8/site-packages/turtlebot3_drl/common
byte-compiling /home/joseph/turtlebot3_drlnav/install/turtlebot3_drl/lib/python3.8/site-packages/turtlebot3_drl/drl_agent/td3.py to td3.cpython-38.pyc
byte-compiling /home/joseph/turtlebot3_drlnav/install/turtlebot3_drl/lib/python3.8/site-packages/turtlebot3_drl/drl_agent/dqn.py to dqn.cpython-38.pyc
byte-compiling /home/joseph/turtlebot3_drlnav/install/turtlebot3_drl/lib/python3.8/site-packages/turtlebot3_drl/common/settings.py to settings.cpython-38.pyc
running install_data
running install_egg_info
removing '/home/joseph/turtlebot3_drlnav/install/turtlebot3_drl/lib/python3.8/site-packages/turtlebot3_drl-2.0.0-py3.8.egg-info' (and everything under it)
Copying ../../build/turtlebot3_drl/turtlebot3_drl.egg-info to /home/joseph/turtlebot3_drlnav/install/turtlebot3_drl/lib/python3.8/site-packages/turtlebot3_drl-2.0.0-py3.8.egg-info
running install_scripts
Installing environment script to /home/joseph/turtlebot3_drlnav/install/turtlebot3_drl/lib/turtlebot3_drl
Installing gazebo_goals script to /home/joseph/turtlebot3_drlnav/install/turtlebot3_drl/lib/turtlebot3_drl
Installing real_agent script to /home/joseph/turtlebot3_drlnav/install/turtlebot3_drl/lib/turtlebot3_drl
Installing real_environment script to /home/joseph/turtlebot3_drlnav/install/turtlebot3_drl/lib/turtlebot3_drl
Installing test_agent script to /home/joseph/turtlebot3_drlnav/install/turtlebot3_drl/lib/turtlebot3_drl
Installing train_agent script to /home/joseph/turtlebot3_drlnav/install/turtlebot3_drl/lib/turtlebot3_drl
writing list of installed files to '/home/joseph/turtlebot3_drlnav/build/turtlebot3_drl/install.log'
