[0.010s] Invoking command in '/home/joseph/turtlebot3_drlnav/build/turtlebot3_fake_node': AMENT_PREFIX_PATH=/home/joseph/turtlebot3_drlnav/install/turtlebot3_msgs:${AMENT_PREFIX_PATH} CMAKE_PREFIX_PATH=/home/joseph/turtlebot3_drlnav/install/turtlebot3_msgs:/opt/ros/foxy LD_LIBRARY_PATH=/home/joseph/turtlebot3_drlnav/install/turtlebot3_msgs/lib:${LD_LIBRARY_PATH} PYTHONPATH=/home/joseph/turtlebot3_drlnav/install/turtlebot3_msgs/lib/python3.8/site-packages:${PYTHONPATH} /usr/bin/cmake /home/joseph/turtlebot3_drlnav/src/turtlebot3_simulations/turtlebot3_fake_node -DCMAKE_INSTALL_PREFIX=/home/joseph/turtlebot3_drlnav/install/turtlebot3_fake_node
[0.047s] -- The C compiler identification is GNU 9.4.0
[0.083s] -- The CXX compiler identification is GNU 9.4.0
[0.086s] -- Check for working C compiler: /usr/bin/cc
[0.128s] -- Check for working C compiler: /usr/bin/cc -- works
[0.128s] -- Detecting C compiler ABI info
[0.169s] -- Detecting C compiler ABI info - done
[0.176s] -- Detecting C compile features
[0.176s] -- Detecting C compile features - done
[0.177s] -- Check for working CXX compiler: /usr/bin/c++
[0.226s] -- Check for working CXX compiler: /usr/bin/c++ -- works
[0.226s] -- Detecting CXX compiler ABI info
[0.273s] -- Detecting CXX compiler ABI info - done
[0.280s] -- Detecting CXX compile features
[0.280s] -- Detecting CXX compile features - done
[0.282s] -- Found ament_cmake: 0.9.12 (/opt/ros/foxy/share/ament_cmake/cmake)
[0.297s] -- Found PythonInterp: /usr/bin/python3 (found suitable version "3.8.10", minimum required is "3") 
[0.297s] -- Using PYTHON_EXECUTABLE: /usr/bin/python3
[0.404s] -- Found geometry_msgs: 2.0.5 (/opt/ros/foxy/share/geometry_msgs/cmake)
[0.421s] -- Using all available rosidl_typesupport_c: rosidl_typesupport_fastrtps_c;rosidl_typesupport_introspection_c
[0.424s] -- Found rosidl_adapter: 1.3.1 (/opt/ros/foxy/share/rosidl_adapter/cmake)
[0.469s] -- Found OpenSSL: /usr/lib/x86_64-linux-gnu/libcrypto.so (found version "1.1.1f")  
[0.489s] -- Found FastRTPS: /opt/ros/foxy/include  
[0.544s] -- Using all available rosidl_typesupport_cpp: rosidl_typesupport_fastrtps_cpp;rosidl_typesupport_introspection_cpp
[0.602s] -- Found nav_msgs: 2.0.5 (/opt/ros/foxy/share/nav_msgs/cmake)
[0.651s] -- Found rclcpp: 2.4.3 (/opt/ros/foxy/share/rclcpp/cmake)
[0.681s] -- Found rmw_implementation_cmake: 1.0.4 (/opt/ros/foxy/share/rmw_implementation_cmake/cmake)
[0.682s] -- Using RMW implementation 'rmw_fastrtps_cpp' as default
[0.682s] -- Looking for pthread.h
[0.734s] -- Looking for pthread.h - found
[0.735s] -- Performing Test CMAKE_HAVE_LIBC_PTHREAD
[0.789s] -- Performing Test CMAKE_HAVE_LIBC_PTHREAD - Failed
[0.790s] -- Looking for pthread_create in pthreads
[0.834s] -- Looking for pthread_create in pthreads - not found
[0.834s] -- Looking for pthread_create in pthread
[0.883s] -- Looking for pthread_create in pthread - found
[0.884s] -- Found Threads: TRUE  
[0.980s] -- Found sensor_msgs: 2.0.5 (/opt/ros/foxy/share/sensor_msgs/cmake)
[1.026s] -- Found tf2: 0.13.14 (/opt/ros/foxy/share/tf2/cmake)
[1.034s] -- Found tf2_msgs: 0.13.14 (/opt/ros/foxy/share/tf2_msgs/cmake)
[1.163s] -- Found turtlebot3_msgs: 2.2.1 (/home/joseph/turtlebot3_drlnav/install/turtlebot3_msgs/share/turtlebot3_msgs/cmake)
[1.261s] -- Configuring done
[1.268s] -- Generating done
[1.269s] -- Build files have been written to: /home/joseph/turtlebot3_drlnav/build/turtlebot3_fake_node
[1.276s] Invoked command in '/home/joseph/turtlebot3_drlnav/build/turtlebot3_fake_node' returned '0': AMENT_PREFIX_PATH=/home/joseph/turtlebot3_drlnav/install/turtlebot3_msgs:${AMENT_PREFIX_PATH} CMAKE_PREFIX_PATH=/home/joseph/turtlebot3_drlnav/install/turtlebot3_msgs:/opt/ros/foxy LD_LIBRARY_PATH=/home/joseph/turtlebot3_drlnav/install/turtlebot3_msgs/lib:${LD_LIBRARY_PATH} PYTHONPATH=/home/joseph/turtlebot3_drlnav/install/turtlebot3_msgs/lib/python3.8/site-packages:${PYTHONPATH} /usr/bin/cmake /home/joseph/turtlebot3_drlnav/src/turtlebot3_simulations/turtlebot3_fake_node -DCMAKE_INSTALL_PREFIX=/home/joseph/turtlebot3_drlnav/install/turtlebot3_fake_node
[1.278s] Invoking command in '/home/joseph/turtlebot3_drlnav/build/turtlebot3_fake_node': AMENT_PREFIX_PATH=/home/joseph/turtlebot3_drlnav/install/turtlebot3_msgs:${AMENT_PREFIX_PATH} CMAKE_PREFIX_PATH=/home/joseph/turtlebot3_drlnav/install/turtlebot3_msgs:/opt/ros/foxy LD_LIBRARY_PATH=/home/joseph/turtlebot3_drlnav/install/turtlebot3_msgs/lib:${LD_LIBRARY_PATH} PYTHONPATH=/home/joseph/turtlebot3_drlnav/install/turtlebot3_msgs/lib/python3.8/site-packages:${PYTHONPATH} /usr/bin/cmake --build /home/joseph/turtlebot3_drlnav/build/turtlebot3_fake_node -- -j20 -l20
[1.306s] [35m[1mScanning dependencies of target turtlebot3_fake_node[0m
[1.331s] [ 50%] [32mBuilding CXX object CMakeFiles/turtlebot3_fake_node.dir/src/turtlebot3_fake_node.cpp.o[0m
[4.843s] [100%] [32m[1mLinking CXX executable turtlebot3_fake_node[0m
[5.008s] [100%] Built target turtlebot3_fake_node
[5.016s] Invoked command in '/home/joseph/turtlebot3_drlnav/build/turtlebot3_fake_node' returned '0': AMENT_PREFIX_PATH=/home/joseph/turtlebot3_drlnav/install/turtlebot3_msgs:${AMENT_PREFIX_PATH} CMAKE_PREFIX_PATH=/home/joseph/turtlebot3_drlnav/install/turtlebot3_msgs:/opt/ros/foxy LD_LIBRARY_PATH=/home/joseph/turtlebot3_drlnav/install/turtlebot3_msgs/lib:${LD_LIBRARY_PATH} PYTHONPATH=/home/joseph/turtlebot3_drlnav/install/turtlebot3_msgs/lib/python3.8/site-packages:${PYTHONPATH} /usr/bin/cmake --build /home/joseph/turtlebot3_drlnav/build/turtlebot3_fake_node -- -j20 -l20
[5.029s] Invoking command in '/home/joseph/turtlebot3_drlnav/build/turtlebot3_fake_node': AMENT_PREFIX_PATH=/home/joseph/turtlebot3_drlnav/install/turtlebot3_msgs:${AMENT_PREFIX_PATH} CMAKE_PREFIX_PATH=/home/joseph/turtlebot3_drlnav/install/turtlebot3_msgs:/opt/ros/foxy LD_LIBRARY_PATH=/home/joseph/turtlebot3_drlnav/install/turtlebot3_msgs/lib:${LD_LIBRARY_PATH} PYTHONPATH=/home/joseph/turtlebot3_drlnav/install/turtlebot3_msgs/lib/python3.8/site-packages:${PYTHONPATH} /usr/bin/cmake --install /home/joseph/turtlebot3_drlnav/build/turtlebot3_fake_node
[5.033s] -- Install configuration: ""
[5.033s] -- Installing: /home/joseph/turtlebot3_drlnav/install/turtlebot3_fake_node/lib/turtlebot3_fake_node/turtlebot3_fake_node
[5.035s] -- Set runtime path of "/home/joseph/turtlebot3_drlnav/install/turtlebot3_fake_node/lib/turtlebot3_fake_node/turtlebot3_fake_node" to ""
[5.035s] -- Installing: /home/joseph/turtlebot3_drlnav/install/turtlebot3_fake_node/share/turtlebot3_fake_node/launch
[5.035s] -- Installing: /home/joseph/turtlebot3_drlnav/install/turtlebot3_fake_node/share/turtlebot3_fake_node/launch/rviz2.launch.py
[5.035s] -- Installing: /home/joseph/turtlebot3_drlnav/install/turtlebot3_fake_node/share/turtlebot3_fake_node/launch/turtlebot3_fake_node.launch.py
[5.035s] -- Installing: /home/joseph/turtlebot3_drlnav/install/turtlebot3_fake_node/share/turtlebot3_fake_node/param
[5.035s] -- Installing: /home/joseph/turtlebot3_drlnav/install/turtlebot3_fake_node/share/turtlebot3_fake_node/param/burger.yaml
[5.035s] -- Installing: /home/joseph/turtlebot3_drlnav/install/turtlebot3_fake_node/share/turtlebot3_fake_node/param/waffle.yaml
[5.035s] -- Installing: /home/joseph/turtlebot3_drlnav/install/turtlebot3_fake_node/share/turtlebot3_fake_node/param/waffle_pi.yaml
[5.035s] -- Installing: /home/joseph/turtlebot3_drlnav/install/turtlebot3_fake_node/share/turtlebot3_fake_node/rviz
[5.036s] -- Installing: /home/joseph/turtlebot3_drlnav/install/turtlebot3_fake_node/share/turtlebot3_fake_node/rviz/model.rviz
[5.036s] -- Installing: /home/joseph/turtlebot3_drlnav/install/turtlebot3_fake_node/include/
[5.036s] -- Installing: /home/joseph/turtlebot3_drlnav/install/turtlebot3_fake_node/include//turtlebot3_fake_node
[5.036s] -- Installing: /home/joseph/turtlebot3_drlnav/install/turtlebot3_fake_node/include//turtlebot3_fake_node/turtlebot3_fake_node.hpp
[5.036s] -- Installing: /home/joseph/turtlebot3_drlnav/install/turtlebot3_fake_node/share/ament_index/resource_index/package_run_dependencies/turtlebot3_fake_node
[5.036s] -- Installing: /home/joseph/turtlebot3_drlnav/install/turtlebot3_fake_node/share/ament_index/resource_index/parent_prefix_path/turtlebot3_fake_node
[5.036s] -- Installing: /home/joseph/turtlebot3_drlnav/install/turtlebot3_fake_node/share/turtlebot3_fake_node/environment/ament_prefix_path.sh
[5.036s] -- Installing: /home/joseph/turtlebot3_drlnav/install/turtlebot3_fake_node/share/turtlebot3_fake_node/environment/ament_prefix_path.dsv
[5.036s] -- Installing: /home/joseph/turtlebot3_drlnav/install/turtlebot3_fake_node/share/turtlebot3_fake_node/environment/path.sh
[5.036s] -- Installing: /home/joseph/turtlebot3_drlnav/install/turtlebot3_fake_node/share/turtlebot3_fake_node/environment/path.dsv
[5.036s] -- Installing: /home/joseph/turtlebot3_drlnav/install/turtlebot3_fake_node/share/turtlebot3_fake_node/local_setup.bash
[5.036s] -- Installing: /home/joseph/turtlebot3_drlnav/install/turtlebot3_fake_node/share/turtlebot3_fake_node/local_setup.sh
[5.036s] -- Installing: /home/joseph/turtlebot3_drlnav/install/turtlebot3_fake_node/share/turtlebot3_fake_node/local_setup.zsh
[5.036s] -- Installing: /home/joseph/turtlebot3_drlnav/install/turtlebot3_fake_node/share/turtlebot3_fake_node/local_setup.dsv
[5.036s] -- Installing: /home/joseph/turtlebot3_drlnav/install/turtlebot3_fake_node/share/turtlebot3_fake_node/package.dsv
[5.036s] -- Installing: /home/joseph/turtlebot3_drlnav/install/turtlebot3_fake_node/share/ament_index/resource_index/packages/turtlebot3_fake_node
[5.037s] -- Installing: /home/joseph/turtlebot3_drlnav/install/turtlebot3_fake_node/share/turtlebot3_fake_node/cmake/ament_cmake_export_include_directories-extras.cmake
[5.037s] -- Installing: /home/joseph/turtlebot3_drlnav/install/turtlebot3_fake_node/share/turtlebot3_fake_node/cmake/ament_cmake_export_dependencies-extras.cmake
[5.037s] -- Installing: /home/joseph/turtlebot3_drlnav/install/turtlebot3_fake_node/share/turtlebot3_fake_node/cmake/turtlebot3_fake_nodeConfig.cmake
[5.037s] -- Installing: /home/joseph/turtlebot3_drlnav/install/turtlebot3_fake_node/share/turtlebot3_fake_node/cmake/turtlebot3_fake_nodeConfig-version.cmake
[5.037s] -- Installing: /home/joseph/turtlebot3_drlnav/install/turtlebot3_fake_node/share/turtlebot3_fake_node/package.xml
[5.038s] Invoked command in '/home/joseph/turtlebot3_drlnav/build/turtlebot3_fake_node' returned '0': AMENT_PREFIX_PATH=/home/joseph/turtlebot3_drlnav/install/turtlebot3_msgs:${AMENT_PREFIX_PATH} CMAKE_PREFIX_PATH=/home/joseph/turtlebot3_drlnav/install/turtlebot3_msgs:/opt/ros/foxy LD_LIBRARY_PATH=/home/joseph/turtlebot3_drlnav/install/turtlebot3_msgs/lib:${LD_LIBRARY_PATH} PYTHONPATH=/home/joseph/turtlebot3_drlnav/install/turtlebot3_msgs/lib/python3.8/site-packages:${PYTHONPATH} /usr/bin/cmake --install /home/joseph/turtlebot3_drlnav/build/turtlebot3_fake_node
