[0.013s] Invoking command in '/home/joseph/turtlebot3_drlnav/build/turtlebot3_msgs': CMAKE_PREFIX_PATH=/opt/ros/foxy /usr/bin/cmake /home/joseph/turtlebot3_drlnav/src/turtlebot3_msgs -DCMAKE_INSTALL_PREFIX=/home/joseph/turtlebot3_drlnav/install/turtlebot3_msgs
[0.085s] -- The C compiler identification is GNU 9.4.0
[0.139s] -- The CXX compiler identification is GNU 9.4.0
[0.144s] -- Check for working C compiler: /usr/bin/cc
[0.182s] -- Check for working C compiler: /usr/bin/cc -- works
[0.183s] -- Detecting C compiler ABI info
[0.222s] -- Detecting C compiler ABI info - done
[0.228s] -- Detecting C compile features
[0.228s] -- Detecting C compile features - done
[0.230s] -- Check for working CXX compiler: /usr/bin/c++
[0.276s] -- Check for working CXX compiler: /usr/bin/c++ -- works
[0.276s] -- Detecting CXX compiler ABI info
[0.320s] -- Detecting CXX compiler ABI info - done
[0.327s] -- Detecting CXX compile features
[0.327s] -- Detecting CXX compile features - done
[0.328s] -- Found action_msgs: 1.0.0 (/opt/ros/foxy/share/action_msgs/cmake)
[0.345s] -- Found PythonInterp: /usr/bin/python3 (found suitable version "3.8.10", minimum required is "3") 
[0.345s] -- Using PYTHON_EXECUTABLE: /usr/bin/python3
[0.463s] -- Using all available rosidl_typesupport_c: rosidl_typesupport_fastrtps_c;rosidl_typesupport_introspection_c
[0.468s] -- Found rosidl_adapter: 1.3.1 (/opt/ros/foxy/share/rosidl_adapter/cmake)
[0.513s] -- Found OpenSSL: /usr/lib/x86_64-linux-gnu/libcrypto.so (found version "1.1.1f")  
[0.531s] -- Found FastRTPS: /opt/ros/foxy/include  
[0.578s] -- Using all available rosidl_typesupport_cpp: rosidl_typesupport_fastrtps_cpp;rosidl_typesupport_introspection_cpp
[0.620s] -- Found rosidl_default_generators: 1.0.1 (/opt/ros/foxy/share/rosidl_default_generators/cmake)
[0.627s] -- Found std_msgs: 2.0.5 (/opt/ros/foxy/share/std_msgs/cmake)
[0.650s] -- Found PythonInterp: /usr/bin/python3 (found version "3.8.10") 
[0.762s] -- Found ament_cmake_cppcheck: 0.9.8 (/opt/ros/foxy/share/ament_cmake_cppcheck/cmake)
[0.764s] -- Found ament_cmake_cpplint: 0.9.8 (/opt/ros/foxy/share/ament_cmake_cpplint/cmake)
[0.765s] -- Found ament_cmake_uncrustify: 0.9.8 (/opt/ros/foxy/share/ament_cmake_uncrustify/cmake)
[0.767s] -- Found ament_cmake_ros: 0.9.2 (/opt/ros/foxy/share/ament_cmake_ros/cmake)
[0.872s] -- Using all available rosidl_typesupport_c: rosidl_typesupport_fastrtps_c;rosidl_typesupport_introspection_c
[0.911s] -- Using all available rosidl_typesupport_cpp: rosidl_typesupport_fastrtps_cpp;rosidl_typesupport_introspection_cpp
[0.926s] -- Found PythonInterp: /usr/bin/python3 (found suitable version "3.8.10", minimum required is "3.5") 
[0.927s] -- Found python_cmake_module: 0.8.1 (/opt/ros/foxy/share/python_cmake_module/cmake)
[0.943s] -- Found PythonLibs: /usr/lib/x86_64-linux-gnu/libpython3.8.so (found suitable version "3.8.10", minimum required is "3.5") 
[0.943s] -- Using PYTHON_EXECUTABLE: /usr/bin/python3
[0.943s] -- Using PYTHON_INCLUDE_DIRS: /usr/include/python3.8
[0.943s] -- Using PYTHON_LIBRARIES: /usr/lib/x86_64-linux-gnu/libpython3.8.so
[0.955s] -- Found PythonExtra: .so  
[0.992s] -- Found ament_cmake_flake8: 0.9.8 (/opt/ros/foxy/share/ament_cmake_flake8/cmake)
[0.993s] -- Found ament_cmake_pep257: 0.9.8 (/opt/ros/foxy/share/ament_cmake_pep257/cmake)
[1.000s] -- Configuring done
[1.040s] -- Generating done
[1.041s] -- Build files have been written to: /home/joseph/turtlebot3_drlnav/build/turtlebot3_msgs
[1.047s] Invoked command in '/home/joseph/turtlebot3_drlnav/build/turtlebot3_msgs' returned '0': CMAKE_PREFIX_PATH=/opt/ros/foxy /usr/bin/cmake /home/joseph/turtlebot3_drlnav/src/turtlebot3_msgs -DCMAKE_INSTALL_PREFIX=/home/joseph/turtlebot3_drlnav/install/turtlebot3_msgs
[1.048s] Invoking command in '/home/joseph/turtlebot3_drlnav/build/turtlebot3_msgs': CMAKE_PREFIX_PATH=/opt/ros/foxy /usr/bin/cmake --build /home/joseph/turtlebot3_drlnav/build/turtlebot3_msgs -- -j20 -l20
[1.071s] [  1%] [34m[1mGenerating C code for ROS interfaces[0m
[1.071s] [35m[1mScanning dependencies of target turtlebot3_msgs__cpp[0m
[1.077s] [  2%] [34m[1mGenerating C++ code for ROS interfaces[0m
[1.554s] [  2%] Built target turtlebot3_msgs__cpp
[1.560s] [  5%] [34m[1mGenerating C++ type support for eProsima Fast-RTPS[0m
[1.560s] [  5%] [34m[1mGenerating C++ type support dispatch for ROS interfaces[0m
[1.560s] [  5%] [34m[1mGenerating C++ introspection for ROS interfaces[0m
[1.585s] [35m[1mScanning dependencies of target turtlebot3_msgs__rosidl_generator_c[0m
[1.598s] [  8%] [32mBuilding C object CMakeFiles/turtlebot3_msgs__rosidl_generator_c.dir/rosidl_generator_c/turtlebot3_msgs/msg/detail/version_info__functions.c.o[0m
[1.598s] [  8%] [32mBuilding C object CMakeFiles/turtlebot3_msgs__rosidl_generator_c.dir/rosidl_generator_c/turtlebot3_msgs/msg/detail/sound__functions.c.o[0m
[1.598s] [  9%] [32mBuilding C object CMakeFiles/turtlebot3_msgs__rosidl_generator_c.dir/rosidl_generator_c/turtlebot3_msgs/msg/detail/sensor_state__functions.c.o[0m
[1.600s] [ 10%] [32mBuilding C object CMakeFiles/turtlebot3_msgs__rosidl_generator_c.dir/rosidl_generator_c/turtlebot3_msgs/srv/detail/sound__functions.c.o[0m
[1.600s] [ 11%] [32mBuilding C object CMakeFiles/turtlebot3_msgs__rosidl_generator_c.dir/rosidl_generator_c/turtlebot3_msgs/srv/detail/drl_step__functions.c.o[0m
[1.600s] [ 13%] [32mBuilding C object CMakeFiles/turtlebot3_msgs__rosidl_generator_c.dir/rosidl_generator_c/turtlebot3_msgs/action/detail/patrol__functions.c.o[0m
[1.600s] [ 13%] [32mBuilding C object CMakeFiles/turtlebot3_msgs__rosidl_generator_c.dir/rosidl_generator_c/turtlebot3_msgs/srv/detail/goal__functions.c.o[0m
[1.600s] [ 14%] [32mBuilding C object CMakeFiles/turtlebot3_msgs__rosidl_generator_c.dir/rosidl_generator_c/turtlebot3_msgs/srv/detail/ring_goal__functions.c.o[0m
[1.679s] [ 16%] [32m[1mLinking C shared library libturtlebot3_msgs__rosidl_generator_c.so[0m
[1.708s] [ 16%] Built target turtlebot3_msgs__rosidl_generator_c
[1.714s] [ 18%] [34m[1mGenerating C introspection for ROS interfaces[0m
[1.714s] [ 18%] [34m[1mGenerating C type support dispatch for ROS interfaces[0m
[1.914s] [35m[1mScanning dependencies of target turtlebot3_msgs__rosidl_typesupport_cpp[0m
[1.927s] [ 19%] [32mBuilding CXX object CMakeFiles/turtlebot3_msgs__rosidl_typesupport_cpp.dir/rosidl_typesupport_cpp/turtlebot3_msgs/msg/sound__type_support.cpp.o[0m
[1.928s] [ 21%] [32mBuilding CXX object CMakeFiles/turtlebot3_msgs__rosidl_typesupport_cpp.dir/rosidl_typesupport_cpp/turtlebot3_msgs/srv/sound__type_support.cpp.o[0m
[1.928s] [ 20%] [32mBuilding CXX object CMakeFiles/turtlebot3_msgs__rosidl_typesupport_cpp.dir/rosidl_typesupport_cpp/turtlebot3_msgs/msg/sensor_state__type_support.cpp.o[0m
[1.928s] [ 22%] [32mBuilding CXX object CMakeFiles/turtlebot3_msgs__rosidl_typesupport_cpp.dir/rosidl_typesupport_cpp/turtlebot3_msgs/msg/version_info__type_support.cpp.o[0m
[1.928s] [ 24%] [32mBuilding CXX object CMakeFiles/turtlebot3_msgs__rosidl_typesupport_cpp.dir/rosidl_typesupport_cpp/turtlebot3_msgs/srv/drl_step__type_support.cpp.o[0m
[1.928s] [ 25%] [32mBuilding CXX object CMakeFiles/turtlebot3_msgs__rosidl_typesupport_cpp.dir/rosidl_typesupport_cpp/turtlebot3_msgs/srv/goal__type_support.cpp.o[0m
[1.928s] [ 26%] [32mBuilding CXX object CMakeFiles/turtlebot3_msgs__rosidl_typesupport_cpp.dir/rosidl_typesupport_cpp/turtlebot3_msgs/srv/ring_goal__type_support.cpp.o[0m
[1.929s] [ 27%] [32mBuilding CXX object CMakeFiles/turtlebot3_msgs__rosidl_typesupport_cpp.dir/rosidl_typesupport_cpp/turtlebot3_msgs/action/patrol__type_support.cpp.o[0m
[1.978s] [35m[1mScanning dependencies of target turtlebot3_msgs__rosidl_typesupport_introspection_cpp[0m
[1.991s] [ 32%] [32mBuilding CXX object CMakeFiles/turtlebot3_msgs__rosidl_typesupport_introspection_cpp.dir/rosidl_typesupport_introspection_cpp/turtlebot3_msgs/msg/detail/sensor_state__type_support.cpp.o[0m
[1.991s] [ 32%] [32mBuilding CXX object CMakeFiles/turtlebot3_msgs__rosidl_typesupport_introspection_cpp.dir/rosidl_typesupport_introspection_cpp/turtlebot3_msgs/msg/detail/sound__type_support.cpp.o[0m
[1.991s] [ 32%] [32mBuilding CXX object CMakeFiles/turtlebot3_msgs__rosidl_typesupport_introspection_cpp.dir/rosidl_typesupport_introspection_cpp/turtlebot3_msgs/msg/detail/version_info__type_support.cpp.o[0m
[1.991s] [ 32%] [32mBuilding CXX object CMakeFiles/turtlebot3_msgs__rosidl_typesupport_introspection_cpp.dir/rosidl_typesupport_introspection_cpp/turtlebot3_msgs/srv/detail/sound__type_support.cpp.o[0m
[1.991s] [ 33%] [32mBuilding CXX object CMakeFiles/turtlebot3_msgs__rosidl_typesupport_introspection_cpp.dir/rosidl_typesupport_introspection_cpp/turtlebot3_msgs/srv/detail/ring_goal__type_support.cpp.o[0m
[1.993s] [ 34%] [32mBuilding CXX object CMakeFiles/turtlebot3_msgs__rosidl_typesupport_introspection_cpp.dir/rosidl_typesupport_introspection_cpp/turtlebot3_msgs/action/detail/patrol__type_support.cpp.o[0m
[1.998s] [ 35%] [32mBuilding CXX object CMakeFiles/turtlebot3_msgs__rosidl_typesupport_introspection_cpp.dir/rosidl_typesupport_introspection_cpp/turtlebot3_msgs/srv/detail/drl_step__type_support.cpp.o[0m
[2.014s] [ 36%] [32mBuilding CXX object CMakeFiles/turtlebot3_msgs__rosidl_typesupport_introspection_cpp.dir/rosidl_typesupport_introspection_cpp/turtlebot3_msgs/srv/detail/goal__type_support.cpp.o[0m
[2.210s] [35m[1mScanning dependencies of target turtlebot3_msgs__rosidl_typesupport_c[0m
[2.226s] [ 40%] [32mBuilding CXX object CMakeFiles/turtlebot3_msgs__rosidl_typesupport_c.dir/rosidl_typesupport_c/turtlebot3_msgs/msg/version_info__type_support.cpp.o[0m
[2.226s] [ 40%] [32mBuilding CXX object CMakeFiles/turtlebot3_msgs__rosidl_typesupport_c.dir/rosidl_typesupport_c/turtlebot3_msgs/msg/sensor_state__type_support.cpp.o[0m
[2.226s] [ 40%] [32mBuilding CXX object CMakeFiles/turtlebot3_msgs__rosidl_typesupport_c.dir/rosidl_typesupport_c/turtlebot3_msgs/msg/sound__type_support.cpp.o[0m
[2.226s] [35m[1mScanning dependencies of target turtlebot3_msgs__rosidl_typesupport_fastrtps_cpp[0m
[2.230s] [ 41%] [32mBuilding CXX object CMakeFiles/turtlebot3_msgs__rosidl_typesupport_c.dir/rosidl_typesupport_c/turtlebot3_msgs/srv/drl_step__type_support.cpp.o[0m
[2.233s] [ 42%] [32mBuilding CXX object CMakeFiles/turtlebot3_msgs__rosidl_typesupport_c.dir/rosidl_typesupport_c/turtlebot3_msgs/srv/sound__type_support.cpp.o[0m
[2.234s] [ 43%] [32mBuilding CXX object CMakeFiles/turtlebot3_msgs__rosidl_typesupport_c.dir/rosidl_typesupport_c/turtlebot3_msgs/srv/goal__type_support.cpp.o[0m
[2.234s] [ 44%] [32mBuilding CXX object CMakeFiles/turtlebot3_msgs__rosidl_typesupport_c.dir/rosidl_typesupport_c/turtlebot3_msgs/srv/ring_goal__type_support.cpp.o[0m
[2.244s] [ 45%] [32mBuilding CXX object CMakeFiles/turtlebot3_msgs__rosidl_typesupport_c.dir/rosidl_typesupport_c/turtlebot3_msgs/action/patrol__type_support.cpp.o[0m
[2.255s] [ 50%] [32mBuilding CXX object CMakeFiles/turtlebot3_msgs__rosidl_typesupport_fastrtps_cpp.dir/rosidl_typesupport_fastrtps_cpp/turtlebot3_msgs/msg/detail/dds_fastrtps/sensor_state__type_support.cpp.o[0m
[2.255s] [ 50%] [32mBuilding CXX object CMakeFiles/turtlebot3_msgs__rosidl_typesupport_fastrtps_cpp.dir/rosidl_typesupport_fastrtps_cpp/turtlebot3_msgs/srv/detail/dds_fastrtps/sound__type_support.cpp.o[0m
[2.255s] [ 50%] [32mBuilding CXX object CMakeFiles/turtlebot3_msgs__rosidl_typesupport_fastrtps_cpp.dir/rosidl_typesupport_fastrtps_cpp/turtlebot3_msgs/msg/detail/dds_fastrtps/sound__type_support.cpp.o[0m
[2.256s] [ 50%] [32mBuilding CXX object CMakeFiles/turtlebot3_msgs__rosidl_typesupport_fastrtps_cpp.dir/rosidl_typesupport_fastrtps_cpp/turtlebot3_msgs/msg/detail/dds_fastrtps/version_info__type_support.cpp.o[0m
[2.257s] [ 51%] [32m[1mLinking CXX shared library libturtlebot3_msgs__rosidl_typesupport_cpp.so[0m
[2.264s] [ 52%] [32mBuilding CXX object CMakeFiles/turtlebot3_msgs__rosidl_typesupport_fastrtps_cpp.dir/rosidl_typesupport_fastrtps_cpp/turtlebot3_msgs/srv/detail/dds_fastrtps/drl_step__type_support.cpp.o[0m
[2.266s] [ 54%] [32mBuilding CXX object CMakeFiles/turtlebot3_msgs__rosidl_typesupport_fastrtps_cpp.dir/rosidl_typesupport_fastrtps_cpp/turtlebot3_msgs/srv/detail/dds_fastrtps/goal__type_support.cpp.o[0m
[2.273s] [ 55%] [32mBuilding CXX object CMakeFiles/turtlebot3_msgs__rosidl_typesupport_fastrtps_cpp.dir/rosidl_typesupport_fastrtps_cpp/turtlebot3_msgs/srv/detail/dds_fastrtps/ring_goal__type_support.cpp.o[0m
[2.280s] [ 56%] [32mBuilding CXX object CMakeFiles/turtlebot3_msgs__rosidl_typesupport_fastrtps_cpp.dir/rosidl_typesupport_fastrtps_cpp/turtlebot3_msgs/action/detail/dds_fastrtps/patrol__type_support.cpp.o[0m
[2.300s] [ 57%] [32m[1mLinking CXX shared library libturtlebot3_msgs__rosidl_typesupport_c.so[0m
[2.309s] [ 57%] Built target turtlebot3_msgs__rosidl_typesupport_cpp
[2.339s] [ 57%] Built target turtlebot3_msgs__rosidl_typesupport_c
[2.374s] [ 58%] [32m[1mLinking CXX shared library libturtlebot3_msgs__rosidl_typesupport_introspection_cpp.so[0m
[2.374s] [35m[1mScanning dependencies of target turtlebot3_msgs__rosidl_typesupport_introspection_c[0m
[2.392s] [ 63%] [32mBuilding C object CMakeFiles/turtlebot3_msgs__rosidl_typesupport_introspection_c.dir/rosidl_typesupport_introspection_c/turtlebot3_msgs/srv/detail/sound__type_support.c.o[0m
[2.392s] [ 63%] [32mBuilding C object CMakeFiles/turtlebot3_msgs__rosidl_typesupport_introspection_c.dir/rosidl_typesupport_introspection_c/turtlebot3_msgs/msg/detail/version_info__type_support.c.o[0m
[2.392s] [ 63%] [32mBuilding C object CMakeFiles/turtlebot3_msgs__rosidl_typesupport_introspection_c.dir/rosidl_typesupport_introspection_c/turtlebot3_msgs/msg/detail/sensor_state__type_support.c.o[0m
[2.392s] [ 63%] [32mBuilding C object CMakeFiles/turtlebot3_msgs__rosidl_typesupport_introspection_c.dir/rosidl_typesupport_introspection_c/turtlebot3_msgs/msg/detail/sound__type_support.c.o[0m
[2.392s] [ 64%] [32mBuilding C object CMakeFiles/turtlebot3_msgs__rosidl_typesupport_introspection_c.dir/rosidl_typesupport_introspection_c/turtlebot3_msgs/srv/detail/drl_step__type_support.c.o[0m
[2.393s] [ 65%] [32mBuilding C object CMakeFiles/turtlebot3_msgs__rosidl_typesupport_introspection_c.dir/rosidl_typesupport_introspection_c/turtlebot3_msgs/srv/detail/goal__type_support.c.o[0m
[2.403s] [ 66%] [32mBuilding C object CMakeFiles/turtlebot3_msgs__rosidl_typesupport_introspection_c.dir/rosidl_typesupport_introspection_c/turtlebot3_msgs/action/detail/patrol__type_support.c.o[0m
[2.406s] [ 67%] [32mBuilding C object CMakeFiles/turtlebot3_msgs__rosidl_typesupport_introspection_c.dir/rosidl_typesupport_introspection_c/turtlebot3_msgs/srv/detail/ring_goal__type_support.c.o[0m
[2.451s] [ 68%] [32m[1mLinking C shared library libturtlebot3_msgs__rosidl_typesupport_introspection_c.so[0m
[2.454s] [ 68%] Built target turtlebot3_msgs__rosidl_typesupport_introspection_cpp
[2.482s] [ 68%] Built target turtlebot3_msgs__rosidl_typesupport_introspection_c
[2.693s] [ 70%] [32m[1mLinking CXX shared library libturtlebot3_msgs__rosidl_typesupport_fastrtps_cpp.so[0m
[2.754s] [ 70%] Built target turtlebot3_msgs__rosidl_typesupport_fastrtps_cpp
[2.761s] [ 71%] [34m[1mGenerating C type support for eProsima Fast-RTPS[0m
[3.261s] [35m[1mScanning dependencies of target turtlebot3_msgs__rosidl_typesupport_fastrtps_c[0m
[3.289s] [ 72%] [32mBuilding CXX object CMakeFiles/turtlebot3_msgs__rosidl_typesupport_fastrtps_c.dir/rosidl_typesupport_fastrtps_c/turtlebot3_msgs/msg/detail/sensor_state__type_support_c.cpp.o[0m
[3.289s] [ 73%] [32mBuilding CXX object CMakeFiles/turtlebot3_msgs__rosidl_typesupport_fastrtps_c.dir/rosidl_typesupport_fastrtps_c/turtlebot3_msgs/srv/detail/sound__type_support_c.cpp.o[0m
[3.291s] [ 75%] [32mBuilding CXX object CMakeFiles/turtlebot3_msgs__rosidl_typesupport_fastrtps_c.dir/rosidl_typesupport_fastrtps_c/turtlebot3_msgs/msg/detail/sound__type_support_c.cpp.o[0m
[3.291s] [ 75%] [32mBuilding CXX object CMakeFiles/turtlebot3_msgs__rosidl_typesupport_fastrtps_c.dir/rosidl_typesupport_fastrtps_c/turtlebot3_msgs/msg/detail/version_info__type_support_c.cpp.o[0m
[3.291s] [ 77%] [32mBuilding CXX object CMakeFiles/turtlebot3_msgs__rosidl_typesupport_fastrtps_c.dir/rosidl_typesupport_fastrtps_c/turtlebot3_msgs/srv/detail/drl_step__type_support_c.cpp.o[0m
[3.291s] [ 78%] [32mBuilding CXX object CMakeFiles/turtlebot3_msgs__rosidl_typesupport_fastrtps_c.dir/rosidl_typesupport_fastrtps_c/turtlebot3_msgs/srv/detail/goal__type_support_c.cpp.o[0m
[3.291s] [ 79%] [32mBuilding CXX object CMakeFiles/turtlebot3_msgs__rosidl_typesupport_fastrtps_c.dir/rosidl_typesupport_fastrtps_c/turtlebot3_msgs/srv/detail/ring_goal__type_support_c.cpp.o[0m
[3.292s] [ 80%] [32mBuilding CXX object CMakeFiles/turtlebot3_msgs__rosidl_typesupport_fastrtps_c.dir/rosidl_typesupport_fastrtps_c/turtlebot3_msgs/action/detail/patrol__type_support_c.cpp.o[0m
[3.638s] [ 81%] [32m[1mLinking CXX shared library libturtlebot3_msgs__rosidl_typesupport_fastrtps_c.so[0m
[3.695s] [ 81%] Built target turtlebot3_msgs__rosidl_typesupport_fastrtps_c
[3.701s] [35m[1mScanning dependencies of target turtlebot3_msgs[0m
[3.708s] [ 81%] Built target turtlebot3_msgs
[3.715s] [35m[1mScanning dependencies of target turtlebot3_msgs__py[0m
[3.722s] [ 82%] [34m[1mGenerating Python code for ROS interfaces[0m
[4.869s] [ 82%] Built target turtlebot3_msgs__py
[4.878s] [35m[1mScanning dependencies of target turtlebot3_msgs__python[0m
[4.909s] [ 85%] [32mBuilding C object CMakeFiles/turtlebot3_msgs__python.dir/rosidl_generator_py/turtlebot3_msgs/msg/_sound_s.c.o[0m
[4.909s] [ 85%] [32mBuilding C object CMakeFiles/turtlebot3_msgs__python.dir/rosidl_generator_py/turtlebot3_msgs/msg/_version_info_s.c.o[0m
[4.909s] [ 86%] [32mBuilding C object CMakeFiles/turtlebot3_msgs__python.dir/rosidl_generator_py/turtlebot3_msgs/msg/_sensor_state_s.c.o[0m
[4.909s] [ 87%] [32mBuilding C object CMakeFiles/turtlebot3_msgs__python.dir/rosidl_generator_py/turtlebot3_msgs/srv/_sound_s.c.o[0m
[4.910s] [ 89%] [32mBuilding C object CMakeFiles/turtlebot3_msgs__python.dir/rosidl_generator_py/turtlebot3_msgs/srv/_goal_s.c.o[0m
[4.910s] [ 89%] [32mBuilding C object CMakeFiles/turtlebot3_msgs__python.dir/rosidl_generator_py/turtlebot3_msgs/srv/_drl_step_s.c.o[0m
[4.910s] [ 90%] [32mBuilding C object CMakeFiles/turtlebot3_msgs__python.dir/rosidl_generator_py/turtlebot3_msgs/srv/_ring_goal_s.c.o[0m
[4.910s] [ 91%] [32mBuilding C object CMakeFiles/turtlebot3_msgs__python.dir/rosidl_generator_py/turtlebot3_msgs/action/_patrol_s.c.o[0m
[5.013s] [ 93%] [32m[1mLinking C shared library rosidl_generator_py/turtlebot3_msgs/libturtlebot3_msgs__python.so[0m
[5.047s] [ 93%] Built target turtlebot3_msgs__python
[5.054s] [35m[1mScanning dependencies of target turtlebot3_msgs__rosidl_typesupport_introspection_c__pyext[0m
[5.055s] [35m[1mScanning dependencies of target turtlebot3_msgs__rosidl_typesupport_fastrtps_c__pyext[0m
[5.056s] [35m[1mScanning dependencies of target turtlebot3_msgs__rosidl_typesupport_c__pyext[0m
[5.066s] [ 94%] [32mBuilding C object CMakeFiles/turtlebot3_msgs__rosidl_typesupport_introspection_c__pyext.dir/rosidl_generator_py/turtlebot3_msgs/_turtlebot3_msgs_s.ep.rosidl_typesupport_introspection_c.c.o[0m
[5.069s] [ 95%] [32mBuilding C object CMakeFiles/turtlebot3_msgs__rosidl_typesupport_fastrtps_c__pyext.dir/rosidl_generator_py/turtlebot3_msgs/_turtlebot3_msgs_s.ep.rosidl_typesupport_fastrtps_c.c.o[0m
[5.071s] [ 96%] [32mBuilding C object CMakeFiles/turtlebot3_msgs__rosidl_typesupport_c__pyext.dir/rosidl_generator_py/turtlebot3_msgs/_turtlebot3_msgs_s.ep.rosidl_typesupport_c.c.o[0m
[5.159s] [ 97%] [32m[1mLinking C shared library rosidl_generator_py/turtlebot3_msgs/turtlebot3_msgs_s__rosidl_typesupport_c.cpython-38-x86_64-linux-gnu.so[0m
[5.162s] [ 98%] [32m[1mLinking C shared library rosidl_generator_py/turtlebot3_msgs/turtlebot3_msgs_s__rosidl_typesupport_introspection_c.cpython-38-x86_64-linux-gnu.so[0m
[5.185s] [100%] [32m[1mLinking CXX shared library rosidl_generator_py/turtlebot3_msgs/turtlebot3_msgs_s__rosidl_typesupport_fastrtps_c.cpython-38-x86_64-linux-gnu.so[0m
[5.190s] [100%] Built target turtlebot3_msgs__rosidl_typesupport_c__pyext
[5.195s] [100%] Built target turtlebot3_msgs__rosidl_typesupport_introspection_c__pyext
[5.229s] [100%] Built target turtlebot3_msgs__rosidl_typesupport_fastrtps_c__pyext
[5.238s] Invoked command in '/home/joseph/turtlebot3_drlnav/build/turtlebot3_msgs' returned '0': CMAKE_PREFIX_PATH=/opt/ros/foxy /usr/bin/cmake --build /home/joseph/turtlebot3_drlnav/build/turtlebot3_msgs -- -j20 -l20
[5.321s] Invoking command in '/home/joseph/turtlebot3_drlnav/build/turtlebot3_msgs': CMAKE_PREFIX_PATH=/opt/ros/foxy /usr/bin/cmake --install /home/joseph/turtlebot3_drlnav/build/turtlebot3_msgs
[5.327s] -- Install configuration: ""
[5.328s] -- Installing: /home/joseph/turtlebot3_drlnav/install/turtlebot3_msgs/share/ament_index/resource_index/rosidl_interfaces/turtlebot3_msgs
[5.328s] -- Installing: /home/joseph/turtlebot3_drlnav/install/turtlebot3_msgs/include/turtlebot3_msgs
[5.328s] -- Installing: /home/joseph/turtlebot3_drlnav/install/turtlebot3_msgs/include/turtlebot3_msgs/srv
[5.328s] -- Installing: /home/joseph/turtlebot3_drlnav/install/turtlebot3_msgs/include/turtlebot3_msgs/srv/ring_goal.h
[5.328s] -- Installing: /home/joseph/turtlebot3_drlnav/install/turtlebot3_msgs/include/turtlebot3_msgs/srv/goal.h
[5.328s] -- Installing: /home/joseph/turtlebot3_drlnav/install/turtlebot3_msgs/include/turtlebot3_msgs/srv/drl_step.h
[5.328s] -- Installing: /home/joseph/turtlebot3_drlnav/install/turtlebot3_msgs/include/turtlebot3_msgs/srv/sound.h
[5.328s] -- Installing: /home/joseph/turtlebot3_drlnav/install/turtlebot3_msgs/include/turtlebot3_msgs/srv/detail
[5.328s] -- Installing: /home/joseph/turtlebot3_drlnav/install/turtlebot3_msgs/include/turtlebot3_msgs/srv/detail/goal__functions.h
[5.328s] -- Installing: /home/joseph/turtlebot3_drlnav/install/turtlebot3_msgs/include/turtlebot3_msgs/srv/detail/ring_goal__functions.c
[5.328s] -- Installing: /home/joseph/turtlebot3_drlnav/install/turtlebot3_msgs/include/turtlebot3_msgs/srv/detail/drl_step__type_support.h
[5.328s] -- Installing: /home/joseph/turtlebot3_drlnav/install/turtlebot3_msgs/include/turtlebot3_msgs/srv/detail/drl_step__functions.c
[5.328s] -- Installing: /home/joseph/turtlebot3_drlnav/install/turtlebot3_msgs/include/turtlebot3_msgs/srv/detail/goal__type_support.h
[5.329s] -- Installing: /home/joseph/turtlebot3_drlnav/install/turtlebot3_msgs/include/turtlebot3_msgs/srv/detail/goal__functions.c
[5.329s] -- Installing: /home/joseph/turtlebot3_drlnav/install/turtlebot3_msgs/include/turtlebot3_msgs/srv/detail/ring_goal__functions.h
[5.329s] -- Installing: /home/joseph/turtlebot3_drlnav/install/turtlebot3_msgs/include/turtlebot3_msgs/srv/detail/sound__functions.c
[5.329s] -- Installing: /home/joseph/turtlebot3_drlnav/install/turtlebot3_msgs/include/turtlebot3_msgs/srv/detail/drl_step__struct.h
[5.329s] -- Installing: /home/joseph/turtlebot3_drlnav/install/turtlebot3_msgs/include/turtlebot3_msgs/srv/detail/ring_goal__type_support.h
[5.329s] -- Installing: /home/joseph/turtlebot3_drlnav/install/turtlebot3_msgs/include/turtlebot3_msgs/srv/detail/ring_goal__struct.h
[5.329s] -- Installing: /home/joseph/turtlebot3_drlnav/install/turtlebot3_msgs/include/turtlebot3_msgs/srv/detail/sound__functions.h
[5.329s] -- Installing: /home/joseph/turtlebot3_drlnav/install/turtlebot3_msgs/include/turtlebot3_msgs/srv/detail/goal__struct.h
[5.329s] -- Installing: /home/joseph/turtlebot3_drlnav/install/turtlebot3_msgs/include/turtlebot3_msgs/srv/detail/sound__type_support.h
[5.329s] -- Installing: /home/joseph/turtlebot3_drlnav/install/turtlebot3_msgs/include/turtlebot3_msgs/srv/detail/drl_step__functions.h
[5.329s] -- Installing: /home/joseph/turtlebot3_drlnav/install/turtlebot3_msgs/include/turtlebot3_msgs/srv/detail/sound__struct.h
[5.329s] -- Installing: /home/joseph/turtlebot3_drlnav/install/turtlebot3_msgs/include/turtlebot3_msgs/action
[5.329s] -- Installing: /home/joseph/turtlebot3_drlnav/install/turtlebot3_msgs/include/turtlebot3_msgs/action/patrol.h
[5.329s] -- Installing: /home/joseph/turtlebot3_drlnav/install/turtlebot3_msgs/include/turtlebot3_msgs/action/detail
[5.329s] -- Installing: /home/joseph/turtlebot3_drlnav/install/turtlebot3_msgs/include/turtlebot3_msgs/action/detail/patrol__type_support.h
[5.329s] -- Installing: /home/joseph/turtlebot3_drlnav/install/turtlebot3_msgs/include/turtlebot3_msgs/action/detail/patrol__functions.c
[5.330s] -- Installing: /home/joseph/turtlebot3_drlnav/install/turtlebot3_msgs/include/turtlebot3_msgs/action/detail/patrol__struct.h
[5.330s] -- Installing: /home/joseph/turtlebot3_drlnav/install/turtlebot3_msgs/include/turtlebot3_msgs/action/detail/patrol__functions.h
[5.330s] -- Installing: /home/joseph/turtlebot3_drlnav/install/turtlebot3_msgs/include/turtlebot3_msgs/msg
[5.330s] -- Installing: /home/joseph/turtlebot3_drlnav/install/turtlebot3_msgs/include/turtlebot3_msgs/msg/version_info.h
[5.330s] -- Installing: /home/joseph/turtlebot3_drlnav/install/turtlebot3_msgs/include/turtlebot3_msgs/msg/sensor_state.h
[5.330s] -- Installing: /home/joseph/turtlebot3_drlnav/install/turtlebot3_msgs/include/turtlebot3_msgs/msg/sound.h
[5.330s] -- Installing: /home/joseph/turtlebot3_drlnav/install/turtlebot3_msgs/include/turtlebot3_msgs/msg/detail
[5.330s] -- Installing: /home/joseph/turtlebot3_drlnav/install/turtlebot3_msgs/include/turtlebot3_msgs/msg/detail/version_info__struct.h
[5.330s] -- Installing: /home/joseph/turtlebot3_drlnav/install/turtlebot3_msgs/include/turtlebot3_msgs/msg/detail/version_info__functions.c
[5.330s] -- Installing: /home/joseph/turtlebot3_drlnav/install/turtlebot3_msgs/include/turtlebot3_msgs/msg/detail/sensor_state__functions.c
[5.330s] -- Installing: /home/joseph/turtlebot3_drlnav/install/turtlebot3_msgs/include/turtlebot3_msgs/msg/detail/sensor_state__struct.h
[5.330s] -- Installing: /home/joseph/turtlebot3_drlnav/install/turtlebot3_msgs/include/turtlebot3_msgs/msg/detail/sensor_state__type_support.h
[5.330s] -- Installing: /home/joseph/turtlebot3_drlnav/install/turtlebot3_msgs/include/turtlebot3_msgs/msg/detail/sound__functions.c
[5.330s] -- Installing: /home/joseph/turtlebot3_drlnav/install/turtlebot3_msgs/include/turtlebot3_msgs/msg/detail/version_info__functions.h
[5.330s] -- Installing: /home/joseph/turtlebot3_drlnav/install/turtlebot3_msgs/include/turtlebot3_msgs/msg/detail/version_info__type_support.h
[5.330s] -- Installing: /home/joseph/turtlebot3_drlnav/install/turtlebot3_msgs/include/turtlebot3_msgs/msg/detail/sound__functions.h
[5.331s] -- Installing: /home/joseph/turtlebot3_drlnav/install/turtlebot3_msgs/include/turtlebot3_msgs/msg/detail/sensor_state__functions.h
[5.331s] -- Installing: /home/joseph/turtlebot3_drlnav/install/turtlebot3_msgs/include/turtlebot3_msgs/msg/detail/sound__type_support.h
[5.331s] -- Installing: /home/joseph/turtlebot3_drlnav/install/turtlebot3_msgs/include/turtlebot3_msgs/msg/detail/sound__struct.h
[5.331s] -- Installing: /home/joseph/turtlebot3_drlnav/install/turtlebot3_msgs/include/turtlebot3_msgs/msg/rosidl_generator_c__visibility_control.h
[5.331s] -- Installing: /home/joseph/turtlebot3_drlnav/install/turtlebot3_msgs/share/turtlebot3_msgs/environment/library_path.sh
[5.331s] -- Installing: /home/joseph/turtlebot3_drlnav/install/turtlebot3_msgs/share/turtlebot3_msgs/environment/library_path.dsv
[5.331s] -- Installing: /home/joseph/turtlebot3_drlnav/install/turtlebot3_msgs/lib/libturtlebot3_msgs__rosidl_generator_c.so
[5.331s] -- Set runtime path of "/home/joseph/turtlebot3_drlnav/install/turtlebot3_msgs/lib/libturtlebot3_msgs__rosidl_generator_c.so" to ""
[5.331s] -- Up-to-date: /home/joseph/turtlebot3_drlnav/install/turtlebot3_msgs/include/turtlebot3_msgs
[5.331s] -- Up-to-date: /home/joseph/turtlebot3_drlnav/install/turtlebot3_msgs/include/turtlebot3_msgs/srv
[5.331s] -- Up-to-date: /home/joseph/turtlebot3_drlnav/install/turtlebot3_msgs/include/turtlebot3_msgs/srv/detail
[5.331s] -- Installing: /home/joseph/turtlebot3_drlnav/install/turtlebot3_msgs/include/turtlebot3_msgs/srv/detail/drl_step__rosidl_typesupport_fastrtps_c.h
[5.331s] -- Installing: /home/joseph/turtlebot3_drlnav/install/turtlebot3_msgs/include/turtlebot3_msgs/srv/detail/sound__rosidl_typesupport_fastrtps_c.h
[5.331s] -- Installing: /home/joseph/turtlebot3_drlnav/install/turtlebot3_msgs/include/turtlebot3_msgs/srv/detail/ring_goal__rosidl_typesupport_fastrtps_c.h
[5.331s] -- Installing: /home/joseph/turtlebot3_drlnav/install/turtlebot3_msgs/include/turtlebot3_msgs/srv/detail/goal__rosidl_typesupport_fastrtps_c.h
[5.331s] -- Up-to-date: /home/joseph/turtlebot3_drlnav/install/turtlebot3_msgs/include/turtlebot3_msgs/action
[5.332s] -- Up-to-date: /home/joseph/turtlebot3_drlnav/install/turtlebot3_msgs/include/turtlebot3_msgs/action/detail
[5.332s] -- Installing: /home/joseph/turtlebot3_drlnav/install/turtlebot3_msgs/include/turtlebot3_msgs/action/detail/patrol__rosidl_typesupport_fastrtps_c.h
[5.332s] -- Up-to-date: /home/joseph/turtlebot3_drlnav/install/turtlebot3_msgs/include/turtlebot3_msgs/msg
[5.332s] -- Installing: /home/joseph/turtlebot3_drlnav/install/turtlebot3_msgs/include/turtlebot3_msgs/msg/rosidl_typesupport_fastrtps_c__visibility_control.h
[5.332s] -- Up-to-date: /home/joseph/turtlebot3_drlnav/install/turtlebot3_msgs/include/turtlebot3_msgs/msg/detail
[5.332s] -- Installing: /home/joseph/turtlebot3_drlnav/install/turtlebot3_msgs/include/turtlebot3_msgs/msg/detail/sensor_state__rosidl_typesupport_fastrtps_c.h
[5.332s] -- Installing: /home/joseph/turtlebot3_drlnav/install/turtlebot3_msgs/include/turtlebot3_msgs/msg/detail/sound__rosidl_typesupport_fastrtps_c.h
[5.332s] -- Installing: /home/joseph/turtlebot3_drlnav/install/turtlebot3_msgs/include/turtlebot3_msgs/msg/detail/version_info__rosidl_typesupport_fastrtps_c.h
[5.332s] -- Installing: /home/joseph/turtlebot3_drlnav/install/turtlebot3_msgs/lib/libturtlebot3_msgs__rosidl_typesupport_fastrtps_c.so
[5.332s] -- Set runtime path of "/home/joseph/turtlebot3_drlnav/install/turtlebot3_msgs/lib/libturtlebot3_msgs__rosidl_typesupport_fastrtps_c.so" to ""
[5.332s] -- Up-to-date: /home/joseph/turtlebot3_drlnav/install/turtlebot3_msgs/include/turtlebot3_msgs
[5.332s] -- Up-to-date: /home/joseph/turtlebot3_drlnav/install/turtlebot3_msgs/include/turtlebot3_msgs/srv
[5.332s] -- Up-to-date: /home/joseph/turtlebot3_drlnav/install/turtlebot3_msgs/include/turtlebot3_msgs/srv/detail
[5.332s] -- Installing: /home/joseph/turtlebot3_drlnav/install/turtlebot3_msgs/include/turtlebot3_msgs/srv/detail/goal__rosidl_typesupport_fastrtps_cpp.hpp
[5.332s] -- Installing: /home/joseph/turtlebot3_drlnav/install/turtlebot3_msgs/include/turtlebot3_msgs/srv/detail/dds_fastrtps
[5.332s] -- Installing: /home/joseph/turtlebot3_drlnav/install/turtlebot3_msgs/include/turtlebot3_msgs/srv/detail/ring_goal__rosidl_typesupport_fastrtps_cpp.hpp
[5.332s] -- Installing: /home/joseph/turtlebot3_drlnav/install/turtlebot3_msgs/include/turtlebot3_msgs/srv/detail/sound__rosidl_typesupport_fastrtps_cpp.hpp
[5.332s] -- Installing: /home/joseph/turtlebot3_drlnav/install/turtlebot3_msgs/include/turtlebot3_msgs/srv/detail/drl_step__rosidl_typesupport_fastrtps_cpp.hpp
[5.332s] -- Up-to-date: /home/joseph/turtlebot3_drlnav/install/turtlebot3_msgs/include/turtlebot3_msgs/action
[5.332s] -- Up-to-date: /home/joseph/turtlebot3_drlnav/install/turtlebot3_msgs/include/turtlebot3_msgs/action/detail
[5.333s] -- Installing: /home/joseph/turtlebot3_drlnav/install/turtlebot3_msgs/include/turtlebot3_msgs/action/detail/dds_fastrtps
[5.333s] -- Installing: /home/joseph/turtlebot3_drlnav/install/turtlebot3_msgs/include/turtlebot3_msgs/action/detail/patrol__rosidl_typesupport_fastrtps_cpp.hpp
[5.333s] -- Up-to-date: /home/joseph/turtlebot3_drlnav/install/turtlebot3_msgs/include/turtlebot3_msgs/msg
[5.333s] -- Installing: /home/joseph/turtlebot3_drlnav/install/turtlebot3_msgs/include/turtlebot3_msgs/msg/rosidl_typesupport_fastrtps_cpp__visibility_control.h
[5.333s] -- Up-to-date: /home/joseph/turtlebot3_drlnav/install/turtlebot3_msgs/include/turtlebot3_msgs/msg/detail
[5.333s] -- Installing: /home/joseph/turtlebot3_drlnav/install/turtlebot3_msgs/include/turtlebot3_msgs/msg/detail/version_info__rosidl_typesupport_fastrtps_cpp.hpp
[5.333s] -- Installing: /home/joseph/turtlebot3_drlnav/install/turtlebot3_msgs/include/turtlebot3_msgs/msg/detail/dds_fastrtps
[5.333s] -- Installing: /home/joseph/turtlebot3_drlnav/install/turtlebot3_msgs/include/turtlebot3_msgs/msg/detail/sound__rosidl_typesupport_fastrtps_cpp.hpp
[5.333s] -- Installing: /home/joseph/turtlebot3_drlnav/install/turtlebot3_msgs/include/turtlebot3_msgs/msg/detail/sensor_state__rosidl_typesupport_fastrtps_cpp.hpp
[5.333s] -- Installing: /home/joseph/turtlebot3_drlnav/install/turtlebot3_msgs/lib/libturtlebot3_msgs__rosidl_typesupport_fastrtps_cpp.so
[5.333s] -- Set runtime path of "/home/joseph/turtlebot3_drlnav/install/turtlebot3_msgs/lib/libturtlebot3_msgs__rosidl_typesupport_fastrtps_cpp.so" to ""
[5.333s] -- Up-to-date: /home/joseph/turtlebot3_drlnav/install/turtlebot3_msgs/include/turtlebot3_msgs
[5.333s] -- Up-to-date: /home/joseph/turtlebot3_drlnav/install/turtlebot3_msgs/include/turtlebot3_msgs/srv
[5.333s] -- Up-to-date: /home/joseph/turtlebot3_drlnav/install/turtlebot3_msgs/include/turtlebot3_msgs/srv/detail
[5.333s] -- Installing: /home/joseph/turtlebot3_drlnav/install/turtlebot3_msgs/include/turtlebot3_msgs/srv/detail/goal__type_support.c
[5.333s] -- Installing: /home/joseph/turtlebot3_drlnav/install/turtlebot3_msgs/include/turtlebot3_msgs/srv/detail/drl_step__type_support.c
[5.333s] -- Installing: /home/joseph/turtlebot3_drlnav/install/turtlebot3_msgs/include/turtlebot3_msgs/srv/detail/sound__rosidl_typesupport_introspection_c.h
[5.333s] -- Installing: /home/joseph/turtlebot3_drlnav/install/turtlebot3_msgs/include/turtlebot3_msgs/srv/detail/goal__rosidl_typesupport_introspection_c.h
[5.333s] -- Installing: /home/joseph/turtlebot3_drlnav/install/turtlebot3_msgs/include/turtlebot3_msgs/srv/detail/sound__type_support.c
[5.333s] -- Installing: /home/joseph/turtlebot3_drlnav/install/turtlebot3_msgs/include/turtlebot3_msgs/srv/detail/drl_step__rosidl_typesupport_introspection_c.h
[5.333s] -- Installing: /home/joseph/turtlebot3_drlnav/install/turtlebot3_msgs/include/turtlebot3_msgs/srv/detail/ring_goal__rosidl_typesupport_introspection_c.h
[5.333s] -- Installing: /home/joseph/turtlebot3_drlnav/install/turtlebot3_msgs/include/turtlebot3_msgs/srv/detail/ring_goal__type_support.c
[5.333s] -- Up-to-date: /home/joseph/turtlebot3_drlnav/install/turtlebot3_msgs/include/turtlebot3_msgs/action
[5.333s] -- Up-to-date: /home/joseph/turtlebot3_drlnav/install/turtlebot3_msgs/include/turtlebot3_msgs/action/detail
[5.333s] -- Installing: /home/joseph/turtlebot3_drlnav/install/turtlebot3_msgs/include/turtlebot3_msgs/action/detail/patrol__type_support.c
[5.333s] -- Installing: /home/joseph/turtlebot3_drlnav/install/turtlebot3_msgs/include/turtlebot3_msgs/action/detail/patrol__rosidl_typesupport_introspection_c.h
[5.334s] -- Up-to-date: /home/joseph/turtlebot3_drlnav/install/turtlebot3_msgs/include/turtlebot3_msgs/msg
[5.334s] -- Up-to-date: /home/joseph/turtlebot3_drlnav/install/turtlebot3_msgs/include/turtlebot3_msgs/msg/detail
[5.334s] -- Installing: /home/joseph/turtlebot3_drlnav/install/turtlebot3_msgs/include/turtlebot3_msgs/msg/detail/sensor_state__rosidl_typesupport_introspection_c.h
[5.334s] -- Installing: /home/joseph/turtlebot3_drlnav/install/turtlebot3_msgs/include/turtlebot3_msgs/msg/detail/sensor_state__type_support.c
[5.334s] -- Installing: /home/joseph/turtlebot3_drlnav/install/turtlebot3_msgs/include/turtlebot3_msgs/msg/detail/sound__rosidl_typesupport_introspection_c.h
[5.334s] -- Installing: /home/joseph/turtlebot3_drlnav/install/turtlebot3_msgs/include/turtlebot3_msgs/msg/detail/sound__type_support.c
[5.334s] -- Installing: /home/joseph/turtlebot3_drlnav/install/turtlebot3_msgs/include/turtlebot3_msgs/msg/detail/version_info__type_support.c
[5.334s] -- Installing: /home/joseph/turtlebot3_drlnav/install/turtlebot3_msgs/include/turtlebot3_msgs/msg/detail/version_info__rosidl_typesupport_introspection_c.h
[5.334s] -- Installing: /home/joseph/turtlebot3_drlnav/install/turtlebot3_msgs/include/turtlebot3_msgs/msg/rosidl_typesupport_introspection_c__visibility_control.h
[5.334s] -- Installing: /home/joseph/turtlebot3_drlnav/install/turtlebot3_msgs/lib/libturtlebot3_msgs__rosidl_typesupport_introspection_c.so
[5.334s] -- Set runtime path of "/home/joseph/turtlebot3_drlnav/install/turtlebot3_msgs/lib/libturtlebot3_msgs__rosidl_typesupport_introspection_c.so" to ""
[5.334s] -- Installing: /home/joseph/turtlebot3_drlnav/install/turtlebot3_msgs/lib/libturtlebot3_msgs__rosidl_typesupport_c.so
[5.334s] -- Set runtime path of "/home/joseph/turtlebot3_drlnav/install/turtlebot3_msgs/lib/libturtlebot3_msgs__rosidl_typesupport_c.so" to ""
[5.334s] -- Up-to-date: /home/joseph/turtlebot3_drlnav/install/turtlebot3_msgs/include/turtlebot3_msgs
[5.334s] -- Up-to-date: /home/joseph/turtlebot3_drlnav/install/turtlebot3_msgs/include/turtlebot3_msgs/srv
[5.334s] -- Installing: /home/joseph/turtlebot3_drlnav/install/turtlebot3_msgs/include/turtlebot3_msgs/srv/sound.hpp
[5.334s] -- Installing: /home/joseph/turtlebot3_drlnav/install/turtlebot3_msgs/include/turtlebot3_msgs/srv/ring_goal.hpp
[5.334s] -- Installing: /home/joseph/turtlebot3_drlnav/install/turtlebot3_msgs/include/turtlebot3_msgs/srv/goal.hpp
[5.334s] -- Up-to-date: /home/joseph/turtlebot3_drlnav/install/turtlebot3_msgs/include/turtlebot3_msgs/srv/detail
[5.334s] -- Installing: /home/joseph/turtlebot3_drlnav/install/turtlebot3_msgs/include/turtlebot3_msgs/srv/detail/goal__builder.hpp
[5.334s] -- Installing: /home/joseph/turtlebot3_drlnav/install/turtlebot3_msgs/include/turtlebot3_msgs/srv/detail/sound__struct.hpp
[5.334s] -- Installing: /home/joseph/turtlebot3_drlnav/install/turtlebot3_msgs/include/turtlebot3_msgs/srv/detail/drl_step__struct.hpp
[5.334s] -- Installing: /home/joseph/turtlebot3_drlnav/install/turtlebot3_msgs/include/turtlebot3_msgs/srv/detail/drl_step__type_support.hpp
[5.334s] -- Installing: /home/joseph/turtlebot3_drlnav/install/turtlebot3_msgs/include/turtlebot3_msgs/srv/detail/sound__traits.hpp
[5.334s] -- Installing: /home/joseph/turtlebot3_drlnav/install/turtlebot3_msgs/include/turtlebot3_msgs/srv/detail/sound__type_support.hpp
[5.334s] -- Installing: /home/joseph/turtlebot3_drlnav/install/turtlebot3_msgs/include/turtlebot3_msgs/srv/detail/goal__traits.hpp
[5.334s] -- Installing: /home/joseph/turtlebot3_drlnav/install/turtlebot3_msgs/include/turtlebot3_msgs/srv/detail/goal__type_support.hpp
[5.334s] -- Installing: /home/joseph/turtlebot3_drlnav/install/turtlebot3_msgs/include/turtlebot3_msgs/srv/detail/ring_goal__struct.hpp
[5.334s] -- Installing: /home/joseph/turtlebot3_drlnav/install/turtlebot3_msgs/include/turtlebot3_msgs/srv/detail/ring_goal__type_support.hpp
[5.334s] -- Installing: /home/joseph/turtlebot3_drlnav/install/turtlebot3_msgs/include/turtlebot3_msgs/srv/detail/goal__struct.hpp
[5.334s] -- Installing: /home/joseph/turtlebot3_drlnav/install/turtlebot3_msgs/include/turtlebot3_msgs/srv/detail/drl_step__traits.hpp
[5.335s] -- Installing: /home/joseph/turtlebot3_drlnav/install/turtlebot3_msgs/include/turtlebot3_msgs/srv/detail/ring_goal__builder.hpp
[5.335s] -- Installing: /home/joseph/turtlebot3_drlnav/install/turtlebot3_msgs/include/turtlebot3_msgs/srv/detail/sound__builder.hpp
[5.335s] -- Installing: /home/joseph/turtlebot3_drlnav/install/turtlebot3_msgs/include/turtlebot3_msgs/srv/detail/drl_step__builder.hpp
[5.335s] -- Installing: /home/joseph/turtlebot3_drlnav/install/turtlebot3_msgs/include/turtlebot3_msgs/srv/detail/ring_goal__traits.hpp
[5.335s] -- Installing: /home/joseph/turtlebot3_drlnav/install/turtlebot3_msgs/include/turtlebot3_msgs/srv/drl_step.hpp
[5.335s] -- Up-to-date: /home/joseph/turtlebot3_drlnav/install/turtlebot3_msgs/include/turtlebot3_msgs/action
[5.335s] -- Up-to-date: /home/joseph/turtlebot3_drlnav/install/turtlebot3_msgs/include/turtlebot3_msgs/action/detail
[5.335s] -- Installing: /home/joseph/turtlebot3_drlnav/install/turtlebot3_msgs/include/turtlebot3_msgs/action/detail/patrol__type_support.hpp
[5.335s] -- Installing: /home/joseph/turtlebot3_drlnav/install/turtlebot3_msgs/include/turtlebot3_msgs/action/detail/patrol__builder.hpp
[5.335s] -- Installing: /home/joseph/turtlebot3_drlnav/install/turtlebot3_msgs/include/turtlebot3_msgs/action/detail/patrol__traits.hpp
[5.335s] -- Installing: /home/joseph/turtlebot3_drlnav/install/turtlebot3_msgs/include/turtlebot3_msgs/action/detail/patrol__struct.hpp
[5.335s] -- Installing: /home/joseph/turtlebot3_drlnav/install/turtlebot3_msgs/include/turtlebot3_msgs/action/patrol.hpp
[5.335s] -- Up-to-date: /home/joseph/turtlebot3_drlnav/install/turtlebot3_msgs/include/turtlebot3_msgs/msg
[5.335s] -- Installing: /home/joseph/turtlebot3_drlnav/install/turtlebot3_msgs/include/turtlebot3_msgs/msg/sound.hpp
[5.335s] -- Installing: /home/joseph/turtlebot3_drlnav/install/turtlebot3_msgs/include/turtlebot3_msgs/msg/sensor_state.hpp
[5.335s] -- Installing: /home/joseph/turtlebot3_drlnav/install/turtlebot3_msgs/include/turtlebot3_msgs/msg/version_info.hpp
[5.335s] -- Installing: /home/joseph/turtlebot3_drlnav/install/turtlebot3_msgs/include/turtlebot3_msgs/msg/rosidl_generator_cpp__visibility_control.hpp
[5.335s] -- Up-to-date: /home/joseph/turtlebot3_drlnav/install/turtlebot3_msgs/include/turtlebot3_msgs/msg/detail
[5.335s] -- Installing: /home/joseph/turtlebot3_drlnav/install/turtlebot3_msgs/include/turtlebot3_msgs/msg/detail/version_info__type_support.hpp
[5.335s] -- Installing: /home/joseph/turtlebot3_drlnav/install/turtlebot3_msgs/include/turtlebot3_msgs/msg/detail/sound__struct.hpp
[5.335s] -- Installing: /home/joseph/turtlebot3_drlnav/install/turtlebot3_msgs/include/turtlebot3_msgs/msg/detail/sound__traits.hpp
[5.335s] -- Installing: /home/joseph/turtlebot3_drlnav/install/turtlebot3_msgs/include/turtlebot3_msgs/msg/detail/sound__type_support.hpp
[5.335s] -- Installing: /home/joseph/turtlebot3_drlnav/install/turtlebot3_msgs/include/turtlebot3_msgs/msg/detail/sensor_state__struct.hpp
[5.335s] -- Installing: /home/joseph/turtlebot3_drlnav/install/turtlebot3_msgs/include/turtlebot3_msgs/msg/detail/version_info__traits.hpp
[5.335s] -- Installing: /home/joseph/turtlebot3_drlnav/install/turtlebot3_msgs/include/turtlebot3_msgs/msg/detail/version_info__builder.hpp
[5.335s] -- Installing: /home/joseph/turtlebot3_drlnav/install/turtlebot3_msgs/include/turtlebot3_msgs/msg/detail/sensor_state__traits.hpp
[5.335s] -- Installing: /home/joseph/turtlebot3_drlnav/install/turtlebot3_msgs/include/turtlebot3_msgs/msg/detail/sound__builder.hpp
[5.335s] -- Installing: /home/joseph/turtlebot3_drlnav/install/turtlebot3_msgs/include/turtlebot3_msgs/msg/detail/version_info__struct.hpp
[5.335s] -- Installing: /home/joseph/turtlebot3_drlnav/install/turtlebot3_msgs/include/turtlebot3_msgs/msg/detail/sensor_state__type_support.hpp
[5.335s] -- Installing: /home/joseph/turtlebot3_drlnav/install/turtlebot3_msgs/include/turtlebot3_msgs/msg/detail/sensor_state__builder.hpp
[5.335s] -- Up-to-date: /home/joseph/turtlebot3_drlnav/install/turtlebot3_msgs/include/turtlebot3_msgs
[5.335s] -- Up-to-date: /home/joseph/turtlebot3_drlnav/install/turtlebot3_msgs/include/turtlebot3_msgs/srv
[5.335s] -- Up-to-date: /home/joseph/turtlebot3_drlnav/install/turtlebot3_msgs/include/turtlebot3_msgs/srv/detail
[5.336s] -- Installing: /home/joseph/turtlebot3_drlnav/install/turtlebot3_msgs/include/turtlebot3_msgs/srv/detail/ring_goal__type_support.cpp
[5.336s] -- Installing: /home/joseph/turtlebot3_drlnav/install/turtlebot3_msgs/include/turtlebot3_msgs/srv/detail/drl_step__type_support.cpp
[5.336s] -- Installing: /home/joseph/turtlebot3_drlnav/install/turtlebot3_msgs/include/turtlebot3_msgs/srv/detail/drl_step__rosidl_typesupport_introspection_cpp.hpp
[5.336s] -- Installing: /home/joseph/turtlebot3_drlnav/install/turtlebot3_msgs/include/turtlebot3_msgs/srv/detail/goal__type_support.cpp
[5.336s] -- Installing: /home/joseph/turtlebot3_drlnav/install/turtlebot3_msgs/include/turtlebot3_msgs/srv/detail/ring_goal__rosidl_typesupport_introspection_cpp.hpp
[5.336s] -- Installing: /home/joseph/turtlebot3_drlnav/install/turtlebot3_msgs/include/turtlebot3_msgs/srv/detail/goal__rosidl_typesupport_introspection_cpp.hpp
[5.336s] -- Installing: /home/joseph/turtlebot3_drlnav/install/turtlebot3_msgs/include/turtlebot3_msgs/srv/detail/sound__rosidl_typesupport_introspection_cpp.hpp
[5.336s] -- Installing: /home/joseph/turtlebot3_drlnav/install/turtlebot3_msgs/include/turtlebot3_msgs/srv/detail/sound__type_support.cpp
[5.336s] -- Up-to-date: /home/joseph/turtlebot3_drlnav/install/turtlebot3_msgs/include/turtlebot3_msgs/action
[5.336s] -- Up-to-date: /home/joseph/turtlebot3_drlnav/install/turtlebot3_msgs/include/turtlebot3_msgs/action/detail
[5.336s] -- Installing: /home/joseph/turtlebot3_drlnav/install/turtlebot3_msgs/include/turtlebot3_msgs/action/detail/patrol__rosidl_typesupport_introspection_cpp.hpp
[5.336s] -- Installing: /home/joseph/turtlebot3_drlnav/install/turtlebot3_msgs/include/turtlebot3_msgs/action/detail/patrol__type_support.cpp
[5.336s] -- Up-to-date: /home/joseph/turtlebot3_drlnav/install/turtlebot3_msgs/include/turtlebot3_msgs/msg
[5.336s] -- Up-to-date: /home/joseph/turtlebot3_drlnav/install/turtlebot3_msgs/include/turtlebot3_msgs/msg/detail
[5.336s] -- Installing: /home/joseph/turtlebot3_drlnav/install/turtlebot3_msgs/include/turtlebot3_msgs/msg/detail/version_info__rosidl_typesupport_introspection_cpp.hpp
[5.336s] -- Installing: /home/joseph/turtlebot3_drlnav/install/turtlebot3_msgs/include/turtlebot3_msgs/msg/detail/sensor_state__rosidl_typesupport_introspection_cpp.hpp
[5.336s] -- Installing: /home/joseph/turtlebot3_drlnav/install/turtlebot3_msgs/include/turtlebot3_msgs/msg/detail/sound__rosidl_typesupport_introspection_cpp.hpp
[5.336s] -- Installing: /home/joseph/turtlebot3_drlnav/install/turtlebot3_msgs/include/turtlebot3_msgs/msg/detail/sensor_state__type_support.cpp
[5.336s] -- Installing: /home/joseph/turtlebot3_drlnav/install/turtlebot3_msgs/include/turtlebot3_msgs/msg/detail/version_info__type_support.cpp
[5.336s] -- Installing: /home/joseph/turtlebot3_drlnav/install/turtlebot3_msgs/include/turtlebot3_msgs/msg/detail/sound__type_support.cpp
[5.336s] -- Installing: /home/joseph/turtlebot3_drlnav/install/turtlebot3_msgs/lib/libturtlebot3_msgs__rosidl_typesupport_introspection_cpp.so
[5.336s] -- Set runtime path of "/home/joseph/turtlebot3_drlnav/install/turtlebot3_msgs/lib/libturtlebot3_msgs__rosidl_typesupport_introspection_cpp.so" to ""
[5.336s] -- Installing: /home/joseph/turtlebot3_drlnav/install/turtlebot3_msgs/lib/libturtlebot3_msgs__rosidl_typesupport_cpp.so
[5.336s] -- Set runtime path of "/home/joseph/turtlebot3_drlnav/install/turtlebot3_msgs/lib/libturtlebot3_msgs__rosidl_typesupport_cpp.so" to ""
[5.336s] -- Installing: /home/joseph/turtlebot3_drlnav/install/turtlebot3_msgs/share/turtlebot3_msgs/environment/pythonpath.sh
[5.336s] -- Installing: /home/joseph/turtlebot3_drlnav/install/turtlebot3_msgs/share/turtlebot3_msgs/environment/pythonpath.dsv
[5.336s] -- Installing: /home/joseph/turtlebot3_drlnav/install/turtlebot3_msgs/lib/python3.8/site-packages/turtlebot3_msgs/__init__.py
[5.368s] Compiling '/home/joseph/turtlebot3_drlnav/install/turtlebot3_msgs/lib/python3.8/site-packages/turtlebot3_msgs/__init__.py'...
[5.371s] -- Installing: /home/joseph/turtlebot3_drlnav/install/turtlebot3_msgs/lib/python3.8/site-packages/turtlebot3_msgs/msg
[5.371s] -- Installing: /home/joseph/turtlebot3_drlnav/install/turtlebot3_msgs/lib/python3.8/site-packages/turtlebot3_msgs/msg/_version_info_s.c
[5.371s] -- Installing: /home/joseph/turtlebot3_drlnav/install/turtlebot3_msgs/lib/python3.8/site-packages/turtlebot3_msgs/msg/_sensor_state_s.c
[5.371s] -- Installing: /home/joseph/turtlebot3_drlnav/install/turtlebot3_msgs/lib/python3.8/site-packages/turtlebot3_msgs/msg/__init__.py
[5.371s] -- Installing: /home/joseph/turtlebot3_drlnav/install/turtlebot3_msgs/lib/python3.8/site-packages/turtlebot3_msgs/msg/_sound.py
[5.371s] -- Installing: /home/joseph/turtlebot3_drlnav/install/turtlebot3_msgs/lib/python3.8/site-packages/turtlebot3_msgs/msg/_version_info.py
[5.371s] -- Installing: /home/joseph/turtlebot3_drlnav/install/turtlebot3_msgs/lib/python3.8/site-packages/turtlebot3_msgs/msg/_sound_s.c
[5.371s] -- Installing: /home/joseph/turtlebot3_drlnav/install/turtlebot3_msgs/lib/python3.8/site-packages/turtlebot3_msgs/msg/_sensor_state.py
[5.371s] -- Installing: /home/joseph/turtlebot3_drlnav/install/turtlebot3_msgs/lib/python3.8/site-packages/turtlebot3_msgs/srv
[5.371s] -- Installing: /home/joseph/turtlebot3_drlnav/install/turtlebot3_msgs/lib/python3.8/site-packages/turtlebot3_msgs/srv/_ring_goal.py
[5.371s] -- Installing: /home/joseph/turtlebot3_drlnav/install/turtlebot3_msgs/lib/python3.8/site-packages/turtlebot3_msgs/srv/_drl_step.py
[5.372s] -- Installing: /home/joseph/turtlebot3_drlnav/install/turtlebot3_msgs/lib/python3.8/site-packages/turtlebot3_msgs/srv/_drl_step_s.c
[5.372s] -- Installing: /home/joseph/turtlebot3_drlnav/install/turtlebot3_msgs/lib/python3.8/site-packages/turtlebot3_msgs/srv/__init__.py
[5.372s] -- Installing: /home/joseph/turtlebot3_drlnav/install/turtlebot3_msgs/lib/python3.8/site-packages/turtlebot3_msgs/srv/_sound.py
[5.372s] -- Installing: /home/joseph/turtlebot3_drlnav/install/turtlebot3_msgs/lib/python3.8/site-packages/turtlebot3_msgs/srv/_goal.py
[5.372s] -- Installing: /home/joseph/turtlebot3_drlnav/install/turtlebot3_msgs/lib/python3.8/site-packages/turtlebot3_msgs/srv/_ring_goal_s.c
[5.372s] -- Installing: /home/joseph/turtlebot3_drlnav/install/turtlebot3_msgs/lib/python3.8/site-packages/turtlebot3_msgs/srv/_sound_s.c
[5.372s] -- Installing: /home/joseph/turtlebot3_drlnav/install/turtlebot3_msgs/lib/python3.8/site-packages/turtlebot3_msgs/srv/_goal_s.c
[5.372s] -- Installing: /home/joseph/turtlebot3_drlnav/install/turtlebot3_msgs/lib/python3.8/site-packages/turtlebot3_msgs/action
[5.372s] -- Installing: /home/joseph/turtlebot3_drlnav/install/turtlebot3_msgs/lib/python3.8/site-packages/turtlebot3_msgs/action/_patrol_s.c
[5.372s] -- Installing: /home/joseph/turtlebot3_drlnav/install/turtlebot3_msgs/lib/python3.8/site-packages/turtlebot3_msgs/action/__init__.py
[5.372s] -- Installing: /home/joseph/turtlebot3_drlnav/install/turtlebot3_msgs/lib/python3.8/site-packages/turtlebot3_msgs/action/_patrol.py
[5.372s] -- Installing: /home/joseph/turtlebot3_drlnav/install/turtlebot3_msgs/lib/python3.8/site-packages/turtlebot3_msgs/turtlebot3_msgs_s__rosidl_typesupport_fastrtps_c.cpython-38-x86_64-linux-gnu.so
[5.372s] -- Set runtime path of "/home/joseph/turtlebot3_drlnav/install/turtlebot3_msgs/lib/python3.8/site-packages/turtlebot3_msgs/turtlebot3_msgs_s__rosidl_typesupport_fastrtps_c.cpython-38-x86_64-linux-gnu.so" to ""
[5.373s] -- Installing: /home/joseph/turtlebot3_drlnav/install/turtlebot3_msgs/lib/python3.8/site-packages/turtlebot3_msgs/turtlebot3_msgs_s__rosidl_typesupport_introspection_c.cpython-38-x86_64-linux-gnu.so
[5.373s] -- Set runtime path of "/home/joseph/turtlebot3_drlnav/install/turtlebot3_msgs/lib/python3.8/site-packages/turtlebot3_msgs/turtlebot3_msgs_s__rosidl_typesupport_introspection_c.cpython-38-x86_64-linux-gnu.so" to ""
[5.373s] -- Installing: /home/joseph/turtlebot3_drlnav/install/turtlebot3_msgs/lib/python3.8/site-packages/turtlebot3_msgs/turtlebot3_msgs_s__rosidl_typesupport_c.cpython-38-x86_64-linux-gnu.so
[5.373s] -- Set runtime path of "/home/joseph/turtlebot3_drlnav/install/turtlebot3_msgs/lib/python3.8/site-packages/turtlebot3_msgs/turtlebot3_msgs_s__rosidl_typesupport_c.cpython-38-x86_64-linux-gnu.so" to ""
[5.373s] -- Installing: /home/joseph/turtlebot3_drlnav/install/turtlebot3_msgs/lib/libturtlebot3_msgs__python.so
[5.373s] -- Set runtime path of "/home/joseph/turtlebot3_drlnav/install/turtlebot3_msgs/lib/libturtlebot3_msgs__python.so" to ""
[5.374s] -- Installing: /home/joseph/turtlebot3_drlnav/install/turtlebot3_msgs/share/turtlebot3_msgs/msg/SensorState.idl
[5.374s] -- Installing: /home/joseph/turtlebot3_drlnav/install/turtlebot3_msgs/share/turtlebot3_msgs/msg/Sound.idl
[5.374s] -- Installing: /home/joseph/turtlebot3_drlnav/install/turtlebot3_msgs/share/turtlebot3_msgs/msg/VersionInfo.idl
[5.374s] -- Installing: /home/joseph/turtlebot3_drlnav/install/turtlebot3_msgs/share/turtlebot3_msgs/srv/Sound.idl
[5.374s] -- Installing: /home/joseph/turtlebot3_drlnav/install/turtlebot3_msgs/share/turtlebot3_msgs/srv/DrlStep.idl
[5.374s] -- Installing: /home/joseph/turtlebot3_drlnav/install/turtlebot3_msgs/share/turtlebot3_msgs/srv/Goal.idl
[5.374s] -- Installing: /home/joseph/turtlebot3_drlnav/install/turtlebot3_msgs/share/turtlebot3_msgs/srv/RingGoal.idl
[5.374s] -- Installing: /home/joseph/turtlebot3_drlnav/install/turtlebot3_msgs/share/turtlebot3_msgs/action/Patrol.idl
[5.375s] -- Installing: /home/joseph/turtlebot3_drlnav/install/turtlebot3_msgs/share/turtlebot3_msgs/msg/SensorState.msg
[5.375s] -- Installing: /home/joseph/turtlebot3_drlnav/install/turtlebot3_msgs/share/turtlebot3_msgs/msg/Sound.msg
[5.375s] -- Installing: /home/joseph/turtlebot3_drlnav/install/turtlebot3_msgs/share/turtlebot3_msgs/msg/VersionInfo.msg
[5.375s] -- Installing: /home/joseph/turtlebot3_drlnav/install/turtlebot3_msgs/share/turtlebot3_msgs/srv/Sound.srv
[5.375s] -- Installing: /home/joseph/turtlebot3_drlnav/install/turtlebot3_msgs/share/turtlebot3_msgs/srv/Sound_Request.msg
[5.375s] -- Installing: /home/joseph/turtlebot3_drlnav/install/turtlebot3_msgs/share/turtlebot3_msgs/srv/Sound_Response.msg
[5.375s] -- Installing: /home/joseph/turtlebot3_drlnav/install/turtlebot3_msgs/share/turtlebot3_msgs/srv/DrlStep.srv
[5.375s] -- Installing: /home/joseph/turtlebot3_drlnav/install/turtlebot3_msgs/share/turtlebot3_msgs/srv/DrlStep_Request.msg
[5.375s] -- Installing: /home/joseph/turtlebot3_drlnav/install/turtlebot3_msgs/share/turtlebot3_msgs/srv/DrlStep_Response.msg
[5.375s] -- Installing: /home/joseph/turtlebot3_drlnav/install/turtlebot3_msgs/share/turtlebot3_msgs/srv/Goal.srv
[5.375s] -- Installing: /home/joseph/turtlebot3_drlnav/install/turtlebot3_msgs/share/turtlebot3_msgs/srv/Goal_Request.msg
[5.375s] -- Installing: /home/joseph/turtlebot3_drlnav/install/turtlebot3_msgs/share/turtlebot3_msgs/srv/Goal_Response.msg
[5.375s] -- Installing: /home/joseph/turtlebot3_drlnav/install/turtlebot3_msgs/share/turtlebot3_msgs/srv/RingGoal.srv
[5.375s] -- Installing: /home/joseph/turtlebot3_drlnav/install/turtlebot3_msgs/share/turtlebot3_msgs/srv/RingGoal_Request.msg
[5.375s] -- Installing: /home/joseph/turtlebot3_drlnav/install/turtlebot3_msgs/share/turtlebot3_msgs/srv/RingGoal_Response.msg
[5.375s] -- Installing: /home/joseph/turtlebot3_drlnav/install/turtlebot3_msgs/share/turtlebot3_msgs/action/Patrol.action
[5.375s] -- Installing: /home/joseph/turtlebot3_drlnav/install/turtlebot3_msgs/share/ament_index/resource_index/package_run_dependencies/turtlebot3_msgs
[5.375s] -- Installing: /home/joseph/turtlebot3_drlnav/install/turtlebot3_msgs/share/ament_index/resource_index/parent_prefix_path/turtlebot3_msgs
[5.375s] -- Installing: /home/joseph/turtlebot3_drlnav/install/turtlebot3_msgs/share/turtlebot3_msgs/environment/ament_prefix_path.sh
[5.375s] -- Installing: /home/joseph/turtlebot3_drlnav/install/turtlebot3_msgs/share/turtlebot3_msgs/environment/ament_prefix_path.dsv
[5.375s] -- Installing: /home/joseph/turtlebot3_drlnav/install/turtlebot3_msgs/share/turtlebot3_msgs/environment/path.sh
[5.375s] -- Installing: /home/joseph/turtlebot3_drlnav/install/turtlebot3_msgs/share/turtlebot3_msgs/environment/path.dsv
[5.375s] -- Installing: /home/joseph/turtlebot3_drlnav/install/turtlebot3_msgs/share/turtlebot3_msgs/local_setup.bash
[5.375s] -- Installing: /home/joseph/turtlebot3_drlnav/install/turtlebot3_msgs/share/turtlebot3_msgs/local_setup.sh
[5.375s] -- Installing: /home/joseph/turtlebot3_drlnav/install/turtlebot3_msgs/share/turtlebot3_msgs/local_setup.zsh
[5.375s] -- Installing: /home/joseph/turtlebot3_drlnav/install/turtlebot3_msgs/share/turtlebot3_msgs/local_setup.dsv
[5.375s] -- Installing: /home/joseph/turtlebot3_drlnav/install/turtlebot3_msgs/share/turtlebot3_msgs/package.dsv
[5.376s] -- Installing: /home/joseph/turtlebot3_drlnav/install/turtlebot3_msgs/share/ament_index/resource_index/packages/turtlebot3_msgs
[5.376s] -- Installing: /home/joseph/turtlebot3_drlnav/install/turtlebot3_msgs/share/turtlebot3_msgs/cmake/turtlebot3_msgs__rosidl_generator_cExport.cmake
[5.376s] -- Installing: /home/joseph/turtlebot3_drlnav/install/turtlebot3_msgs/share/turtlebot3_msgs/cmake/turtlebot3_msgs__rosidl_generator_cExport-noconfig.cmake
[5.376s] -- Installing: /home/joseph/turtlebot3_drlnav/install/turtlebot3_msgs/share/turtlebot3_msgs/cmake/turtlebot3_msgs__rosidl_typesupport_introspection_cExport.cmake
[5.376s] -- Installing: /home/joseph/turtlebot3_drlnav/install/turtlebot3_msgs/share/turtlebot3_msgs/cmake/turtlebot3_msgs__rosidl_typesupport_introspection_cExport-noconfig.cmake
[5.376s] -- Installing: /home/joseph/turtlebot3_drlnav/install/turtlebot3_msgs/share/turtlebot3_msgs/cmake/turtlebot3_msgs__rosidl_typesupport_cExport.cmake
[5.376s] -- Installing: /home/joseph/turtlebot3_drlnav/install/turtlebot3_msgs/share/turtlebot3_msgs/cmake/turtlebot3_msgs__rosidl_typesupport_cExport-noconfig.cmake
[5.376s] -- Installing: /home/joseph/turtlebot3_drlnav/install/turtlebot3_msgs/share/turtlebot3_msgs/cmake/turtlebot3_msgs__rosidl_generator_cppExport.cmake
[5.376s] -- Installing: /home/joseph/turtlebot3_drlnav/install/turtlebot3_msgs/share/turtlebot3_msgs/cmake/turtlebot3_msgs__rosidl_typesupport_introspection_cppExport.cmake
[5.376s] -- Installing: /home/joseph/turtlebot3_drlnav/install/turtlebot3_msgs/share/turtlebot3_msgs/cmake/turtlebot3_msgs__rosidl_typesupport_introspection_cppExport-noconfig.cmake
[5.376s] -- Installing: /home/joseph/turtlebot3_drlnav/install/turtlebot3_msgs/share/turtlebot3_msgs/cmake/turtlebot3_msgs__rosidl_typesupport_cppExport.cmake
[5.376s] -- Installing: /home/joseph/turtlebot3_drlnav/install/turtlebot3_msgs/share/turtlebot3_msgs/cmake/turtlebot3_msgs__rosidl_typesupport_cppExport-noconfig.cmake
[5.376s] -- Installing: /home/joseph/turtlebot3_drlnav/install/turtlebot3_msgs/share/turtlebot3_msgs/cmake/rosidl_cmake-extras.cmake
[5.376s] -- Installing: /home/joseph/turtlebot3_drlnav/install/turtlebot3_msgs/share/turtlebot3_msgs/cmake/ament_cmake_export_dependencies-extras.cmake
[5.376s] -- Installing: /home/joseph/turtlebot3_drlnav/install/turtlebot3_msgs/share/turtlebot3_msgs/cmake/ament_cmake_export_libraries-extras.cmake
[5.377s] -- Installing: /home/joseph/turtlebot3_drlnav/install/turtlebot3_msgs/share/turtlebot3_msgs/cmake/ament_cmake_export_targets-extras.cmake
[5.377s] -- Installing: /home/joseph/turtlebot3_drlnav/install/turtlebot3_msgs/share/turtlebot3_msgs/cmake/ament_cmake_export_include_directories-extras.cmake
[5.377s] -- Installing: /home/joseph/turtlebot3_drlnav/install/turtlebot3_msgs/share/turtlebot3_msgs/cmake/rosidl_cmake_export_typesupport_libraries-extras.cmake
[5.377s] -- Installing: /home/joseph/turtlebot3_drlnav/install/turtlebot3_msgs/share/turtlebot3_msgs/cmake/rosidl_cmake_export_typesupport_targets-extras.cmake
[5.377s] -- Installing: /home/joseph/turtlebot3_drlnav/install/turtlebot3_msgs/share/turtlebot3_msgs/cmake/turtlebot3_msgsConfig.cmake
[5.377s] -- Installing: /home/joseph/turtlebot3_drlnav/install/turtlebot3_msgs/share/turtlebot3_msgs/cmake/turtlebot3_msgsConfig-version.cmake
[5.377s] -- Installing: /home/joseph/turtlebot3_drlnav/install/turtlebot3_msgs/share/turtlebot3_msgs/package.xml
[5.379s] Invoked command in '/home/joseph/turtlebot3_drlnav/build/turtlebot3_msgs' returned '0': CMAKE_PREFIX_PATH=/opt/ros/foxy /usr/bin/cmake --install /home/joseph/turtlebot3_drlnav/build/turtlebot3_msgs
