[0.197s] DEBUG:colcon:Command line arguments: ['/usr/bin/colcon', 'build']
[0.197s] DEBUG:colcon:Parsed command line arguments: Namespace(allow_overriding=[], ament_cmake_args=None, base_paths=['.'], build_base='build', catkin_cmake_args=None, catkin_skip_building_tests=False, cmake_args=None, cmake_clean_cache=False, cmake_clean_first=False, cmake_force_configure=False, cmake_target=None, cmake_target_skip_unavailable=False, continue_on_error=False, event_handlers=None, executor='parallel', ignore_user_meta=False, install_base='install', log_base=None, log_level=None, main=<bound method BuildVerb.main of <colcon_core.verb.build.BuildVerb object at 0x7f0877c878e0>>, merge_install=False, metas=['./colcon.meta'], packages_above=None, packages_above_and_dependencies=None, packages_above_depth=None, packages_end=None, packages_ignore=None, packages_ignore_regex=None, packages_select=None, packages_select_build_failed=False, packages_select_by_dep=None, packages_select_regex=None, packages_select_test_failures=False, packages_skip=None, packages_skip_build_finished=False, packages_skip_by_dep=None, packages_skip_regex=None, packages_skip_test_passed=False, packages_skip_up_to=None, packages_start=None, packages_up_to=None, packages_up_to_regex=None, parallel_workers=20, paths=None, symlink_install=False, test_result_base=None, verb_extension=<colcon_core.verb.build.BuildVerb object at 0x7f0877c878e0>, verb_name='build', verb_parser=<colcon_defaults.argument_parser.defaults.DefaultArgumentsDecorator object at 0x7f0877ac4550>)
[0.282s] Level 1:colcon.colcon_core.package_discovery:discover_packages(colcon_meta) check parameters
[0.282s] Level 1:colcon.colcon_core.package_discovery:discover_packages(recursive) check parameters
[0.282s] Level 1:colcon.colcon_core.package_discovery:discover_packages(ignore) check parameters
[0.282s] Level 1:colcon.colcon_core.package_discovery:discover_packages(path) check parameters
[0.282s] Level 1:colcon.colcon_core.package_discovery:discover_packages(colcon_meta) discover
[0.282s] Level 1:colcon.colcon_core.package_discovery:discover_packages(recursive) discover
[0.282s] INFO:colcon.colcon_core.package_discovery:Crawling recursively for packages in '/home/joseph/turtlebot3_drlnav'
[0.282s] Level 1:colcon.colcon_core.package_identification:_identify(.) by extensions ['ignore', 'ignore_ament_install']
[0.282s] Level 1:colcon.colcon_core.package_identification:_identify(.) by extension 'ignore'
[0.282s] Level 1:colcon.colcon_core.package_identification:_identify(.) by extension 'ignore_ament_install'
[0.282s] Level 1:colcon.colcon_core.package_identification:_identify(.) by extensions ['colcon_pkg']
[0.282s] Level 1:colcon.colcon_core.package_identification:_identify(.) by extension 'colcon_pkg'
[0.282s] Level 1:colcon.colcon_core.package_identification:_identify(.) by extensions ['colcon_meta']
[0.282s] Level 1:colcon.colcon_core.package_identification:_identify(.) by extension 'colcon_meta'
[0.283s] Level 1:colcon.colcon_core.package_identification:_identify(.) by extensions ['ros']
[0.283s] Level 1:colcon.colcon_core.package_identification:_identify(.) by extension 'ros'
[0.289s] Level 1:colcon.colcon_core.package_identification:_identify(.) by extensions ['cmake', 'python']
[0.289s] Level 1:colcon.colcon_core.package_identification:_identify(.) by extension 'cmake'
[0.289s] Level 1:colcon.colcon_core.package_identification:_identify(.) by extension 'python'
[0.289s] Level 1:colcon.colcon_core.package_identification:_identify(.) by extensions ['python_setup_py']
[0.289s] Level 1:colcon.colcon_core.package_identification:_identify(.) by extension 'python_setup_py'
[0.289s] Level 1:colcon.colcon_core.package_identification:_identify(build) by extensions ['ignore', 'ignore_ament_install']
[0.290s] Level 1:colcon.colcon_core.package_identification:_identify(build) by extension 'ignore'
[0.290s] Level 1:colcon.colcon_core.package_identification:_identify(build) ignored
[0.290s] Level 1:colcon.colcon_core.package_identification:_identify(install) by extensions ['ignore', 'ignore_ament_install']
[0.290s] Level 1:colcon.colcon_core.package_identification:_identify(install) by extension 'ignore'
[0.290s] Level 1:colcon.colcon_core.package_identification:_identify(install) ignored
[0.290s] Level 1:colcon.colcon_core.package_identification:_identify(log) by extensions ['ignore', 'ignore_ament_install']
[0.290s] Level 1:colcon.colcon_core.package_identification:_identify(log) by extension 'ignore'
[0.290s] Level 1:colcon.colcon_core.package_identification:_identify(log) ignored
[0.290s] Level 1:colcon.colcon_core.package_identification:_identify(media) by extensions ['ignore', 'ignore_ament_install']
[0.290s] Level 1:colcon.colcon_core.package_identification:_identify(media) by extension 'ignore'
[0.290s] Level 1:colcon.colcon_core.package_identification:_identify(media) by extension 'ignore_ament_install'
[0.290s] Level 1:colcon.colcon_core.package_identification:_identify(media) by extensions ['colcon_pkg']
[0.290s] Level 1:colcon.colcon_core.package_identification:_identify(media) by extension 'colcon_pkg'
[0.290s] Level 1:colcon.colcon_core.package_identification:_identify(media) by extensions ['colcon_meta']
[0.290s] Level 1:colcon.colcon_core.package_identification:_identify(media) by extension 'colcon_meta'
[0.290s] Level 1:colcon.colcon_core.package_identification:_identify(media) by extensions ['ros']
[0.290s] Level 1:colcon.colcon_core.package_identification:_identify(media) by extension 'ros'
[0.290s] Level 1:colcon.colcon_core.package_identification:_identify(media) by extensions ['cmake', 'python']
[0.290s] Level 1:colcon.colcon_core.package_identification:_identify(media) by extension 'cmake'
[0.290s] Level 1:colcon.colcon_core.package_identification:_identify(media) by extension 'python'
[0.290s] Level 1:colcon.colcon_core.package_identification:_identify(media) by extensions ['python_setup_py']
[0.290s] Level 1:colcon.colcon_core.package_identification:_identify(media) by extension 'python_setup_py'
[0.290s] Level 1:colcon.colcon_core.package_identification:_identify(src) by extensions ['ignore', 'ignore_ament_install']
[0.290s] Level 1:colcon.colcon_core.package_identification:_identify(src) by extension 'ignore'
[0.290s] Level 1:colcon.colcon_core.package_identification:_identify(src) by extension 'ignore_ament_install'
[0.290s] Level 1:colcon.colcon_core.package_identification:_identify(src) by extensions ['colcon_pkg']
[0.290s] Level 1:colcon.colcon_core.package_identification:_identify(src) by extension 'colcon_pkg'
[0.290s] Level 1:colcon.colcon_core.package_identification:_identify(src) by extensions ['colcon_meta']
[0.290s] Level 1:colcon.colcon_core.package_identification:_identify(src) by extension 'colcon_meta'
[0.290s] Level 1:colcon.colcon_core.package_identification:_identify(src) by extensions ['ros']
[0.290s] Level 1:colcon.colcon_core.package_identification:_identify(src) by extension 'ros'
[0.290s] Level 1:colcon.colcon_core.package_identification:_identify(src) by extensions ['cmake', 'python']
[0.290s] Level 1:colcon.colcon_core.package_identification:_identify(src) by extension 'cmake'
[0.290s] Level 1:colcon.colcon_core.package_identification:_identify(src) by extension 'python'
[0.290s] Level 1:colcon.colcon_core.package_identification:_identify(src) by extensions ['python_setup_py']
[0.290s] Level 1:colcon.colcon_core.package_identification:_identify(src) by extension 'python_setup_py'
[0.290s] Level 1:colcon.colcon_core.package_identification:_identify(src/turtlebot3_drl) by extensions ['ignore', 'ignore_ament_install']
[0.290s] Level 1:colcon.colcon_core.package_identification:_identify(src/turtlebot3_drl) by extension 'ignore'
[0.290s] Level 1:colcon.colcon_core.package_identification:_identify(src/turtlebot3_drl) by extension 'ignore_ament_install'
[0.291s] Level 1:colcon.colcon_core.package_identification:_identify(src/turtlebot3_drl) by extensions ['colcon_pkg']
[0.291s] Level 1:colcon.colcon_core.package_identification:_identify(src/turtlebot3_drl) by extension 'colcon_pkg'
[0.291s] Level 1:colcon.colcon_core.package_identification:_identify(src/turtlebot3_drl) by extensions ['colcon_meta']
[0.291s] Level 1:colcon.colcon_core.package_identification:_identify(src/turtlebot3_drl) by extension 'colcon_meta'
[0.291s] Level 1:colcon.colcon_core.package_identification:_identify(src/turtlebot3_drl) by extensions ['ros']
[0.291s] Level 1:colcon.colcon_core.package_identification:_identify(src/turtlebot3_drl) by extension 'ros'
[0.292s] DEBUG:colcon.colcon_core.package_identification:Package 'src/turtlebot3_drl' with type 'ros.ament_python' and name 'turtlebot3_drl'
[0.292s] Level 1:colcon.colcon_core.package_identification:_identify(src/turtlebot3_msgs) by extensions ['ignore', 'ignore_ament_install']
[0.292s] Level 1:colcon.colcon_core.package_identification:_identify(src/turtlebot3_msgs) by extension 'ignore'
[0.292s] Level 1:colcon.colcon_core.package_identification:_identify(src/turtlebot3_msgs) by extension 'ignore_ament_install'
[0.292s] Level 1:colcon.colcon_core.package_identification:_identify(src/turtlebot3_msgs) by extensions ['colcon_pkg']
[0.292s] Level 1:colcon.colcon_core.package_identification:_identify(src/turtlebot3_msgs) by extension 'colcon_pkg'
[0.292s] Level 1:colcon.colcon_core.package_identification:_identify(src/turtlebot3_msgs) by extensions ['colcon_meta']
[0.293s] Level 1:colcon.colcon_core.package_identification:_identify(src/turtlebot3_msgs) by extension 'colcon_meta'
[0.293s] Level 1:colcon.colcon_core.package_identification:_identify(src/turtlebot3_msgs) by extensions ['ros']
[0.293s] Level 1:colcon.colcon_core.package_identification:_identify(src/turtlebot3_msgs) by extension 'ros'
[0.293s] DEBUG:colcon.colcon_core.package_identification:Package 'src/turtlebot3_msgs' with type 'ros.ament_cmake' and name 'turtlebot3_msgs'
[0.293s] Level 1:colcon.colcon_core.package_identification:_identify(src/turtlebot3_simulations) by extensions ['ignore', 'ignore_ament_install']
[0.293s] Level 1:colcon.colcon_core.package_identification:_identify(src/turtlebot3_simulations) by extension 'ignore'
[0.293s] Level 1:colcon.colcon_core.package_identification:_identify(src/turtlebot3_simulations) by extension 'ignore_ament_install'
[0.293s] Level 1:colcon.colcon_core.package_identification:_identify(src/turtlebot3_simulations) by extensions ['colcon_pkg']
[0.293s] Level 1:colcon.colcon_core.package_identification:_identify(src/turtlebot3_simulations) by extension 'colcon_pkg'
[0.293s] Level 1:colcon.colcon_core.package_identification:_identify(src/turtlebot3_simulations) by extensions ['colcon_meta']
[0.293s] Level 1:colcon.colcon_core.package_identification:_identify(src/turtlebot3_simulations) by extension 'colcon_meta'
[0.293s] Level 1:colcon.colcon_core.package_identification:_identify(src/turtlebot3_simulations) by extensions ['ros']
[0.293s] Level 1:colcon.colcon_core.package_identification:_identify(src/turtlebot3_simulations) by extension 'ros'
[0.293s] Level 1:colcon.colcon_core.package_identification:_identify(src/turtlebot3_simulations) by extensions ['cmake', 'python']
[0.293s] Level 1:colcon.colcon_core.package_identification:_identify(src/turtlebot3_simulations) by extension 'cmake'
[0.293s] Level 1:colcon.colcon_core.package_identification:_identify(src/turtlebot3_simulations) by extension 'python'
[0.293s] Level 1:colcon.colcon_core.package_identification:_identify(src/turtlebot3_simulations) by extensions ['python_setup_py']
[0.293s] Level 1:colcon.colcon_core.package_identification:_identify(src/turtlebot3_simulations) by extension 'python_setup_py'
[0.293s] Level 1:colcon.colcon_core.package_identification:_identify(src/turtlebot3_simulations/turtlebot3_fake_node) by extensions ['ignore', 'ignore_ament_install']
[0.293s] Level 1:colcon.colcon_core.package_identification:_identify(src/turtlebot3_simulations/turtlebot3_fake_node) by extension 'ignore'
[0.293s] Level 1:colcon.colcon_core.package_identification:_identify(src/turtlebot3_simulations/turtlebot3_fake_node) by extension 'ignore_ament_install'
[0.293s] Level 1:colcon.colcon_core.package_identification:_identify(src/turtlebot3_simulations/turtlebot3_fake_node) by extensions ['colcon_pkg']
[0.293s] Level 1:colcon.colcon_core.package_identification:_identify(src/turtlebot3_simulations/turtlebot3_fake_node) by extension 'colcon_pkg'
[0.293s] Level 1:colcon.colcon_core.package_identification:_identify(src/turtlebot3_simulations/turtlebot3_fake_node) by extensions ['colcon_meta']
[0.294s] Level 1:colcon.colcon_core.package_identification:_identify(src/turtlebot3_simulations/turtlebot3_fake_node) by extension 'colcon_meta'
[0.294s] Level 1:colcon.colcon_core.package_identification:_identify(src/turtlebot3_simulations/turtlebot3_fake_node) by extensions ['ros']
[0.294s] Level 1:colcon.colcon_core.package_identification:_identify(src/turtlebot3_simulations/turtlebot3_fake_node) by extension 'ros'
[0.294s] DEBUG:colcon.colcon_core.package_identification:Package 'src/turtlebot3_simulations/turtlebot3_fake_node' with type 'ros.ament_cmake' and name 'turtlebot3_fake_node'
[0.294s] Level 1:colcon.colcon_core.package_identification:_identify(src/turtlebot3_simulations/turtlebot3_gazebo) by extensions ['ignore', 'ignore_ament_install']
[0.294s] Level 1:colcon.colcon_core.package_identification:_identify(src/turtlebot3_simulations/turtlebot3_gazebo) by extension 'ignore'
[0.294s] Level 1:colcon.colcon_core.package_identification:_identify(src/turtlebot3_simulations/turtlebot3_gazebo) by extension 'ignore_ament_install'
[0.294s] Level 1:colcon.colcon_core.package_identification:_identify(src/turtlebot3_simulations/turtlebot3_gazebo) by extensions ['colcon_pkg']
[0.294s] Level 1:colcon.colcon_core.package_identification:_identify(src/turtlebot3_simulations/turtlebot3_gazebo) by extension 'colcon_pkg'
[0.294s] Level 1:colcon.colcon_core.package_identification:_identify(src/turtlebot3_simulations/turtlebot3_gazebo) by extensions ['colcon_meta']
[0.294s] Level 1:colcon.colcon_core.package_identification:_identify(src/turtlebot3_simulations/turtlebot3_gazebo) by extension 'colcon_meta'
[0.294s] Level 1:colcon.colcon_core.package_identification:_identify(src/turtlebot3_simulations/turtlebot3_gazebo) by extensions ['ros']
[0.294s] Level 1:colcon.colcon_core.package_identification:_identify(src/turtlebot3_simulations/turtlebot3_gazebo) by extension 'ros'
[0.295s] DEBUG:colcon.colcon_core.package_identification:Package 'src/turtlebot3_simulations/turtlebot3_gazebo' with type 'ros.ament_cmake' and name 'turtlebot3_gazebo'
[0.295s] Level 1:colcon.colcon_core.package_identification:_identify(src/turtlebot3_simulations/turtlebot3_simulations) by extensions ['ignore', 'ignore_ament_install']
[0.295s] Level 1:colcon.colcon_core.package_identification:_identify(src/turtlebot3_simulations/turtlebot3_simulations) by extension 'ignore'
[0.295s] Level 1:colcon.colcon_core.package_identification:_identify(src/turtlebot3_simulations/turtlebot3_simulations) by extension 'ignore_ament_install'
[0.295s] Level 1:colcon.colcon_core.package_identification:_identify(src/turtlebot3_simulations/turtlebot3_simulations) by extensions ['colcon_pkg']
[0.295s] Level 1:colcon.colcon_core.package_identification:_identify(src/turtlebot3_simulations/turtlebot3_simulations) by extension 'colcon_pkg'
[0.295s] Level 1:colcon.colcon_core.package_identification:_identify(src/turtlebot3_simulations/turtlebot3_simulations) by extensions ['colcon_meta']
[0.295s] Level 1:colcon.colcon_core.package_identification:_identify(src/turtlebot3_simulations/turtlebot3_simulations) by extension 'colcon_meta'
[0.295s] Level 1:colcon.colcon_core.package_identification:_identify(src/turtlebot3_simulations/turtlebot3_simulations) by extensions ['ros']
[0.295s] Level 1:colcon.colcon_core.package_identification:_identify(src/turtlebot3_simulations/turtlebot3_simulations) by extension 'ros'
[0.295s] DEBUG:colcon.colcon_core.package_identification:Package 'src/turtlebot3_simulations/turtlebot3_simulations' with type 'ros.ament_cmake' and name 'turtlebot3_simulations'
[0.295s] Level 1:colcon.colcon_core.package_identification:_identify(util) by extensions ['ignore', 'ignore_ament_install']
[0.295s] Level 1:colcon.colcon_core.package_identification:_identify(util) by extension 'ignore'
[0.295s] Level 1:colcon.colcon_core.package_identification:_identify(util) by extension 'ignore_ament_install'
[0.296s] Level 1:colcon.colcon_core.package_identification:_identify(util) by extensions ['colcon_pkg']
[0.296s] Level 1:colcon.colcon_core.package_identification:_identify(util) by extension 'colcon_pkg'
[0.296s] Level 1:colcon.colcon_core.package_identification:_identify(util) by extensions ['colcon_meta']
[0.296s] Level 1:colcon.colcon_core.package_identification:_identify(util) by extension 'colcon_meta'
[0.296s] Level 1:colcon.colcon_core.package_identification:_identify(util) by extensions ['ros']
[0.296s] Level 1:colcon.colcon_core.package_identification:_identify(util) by extension 'ros'
[0.296s] Level 1:colcon.colcon_core.package_identification:_identify(util) by extensions ['cmake', 'python']
[0.296s] Level 1:colcon.colcon_core.package_identification:_identify(util) by extension 'cmake'
[0.296s] Level 1:colcon.colcon_core.package_identification:_identify(util) by extension 'python'
[0.296s] Level 1:colcon.colcon_core.package_identification:_identify(util) by extensions ['python_setup_py']
[0.296s] Level 1:colcon.colcon_core.package_identification:_identify(util) by extension 'python_setup_py'
[0.296s] Level 1:colcon.colcon_core.package_identification:_identify(util/__pycache__) by extensions ['ignore', 'ignore_ament_install']
[0.296s] Level 1:colcon.colcon_core.package_identification:_identify(util/__pycache__) by extension 'ignore'
[0.296s] Level 1:colcon.colcon_core.package_identification:_identify(util/__pycache__) by extension 'ignore_ament_install'
[0.296s] Level 1:colcon.colcon_core.package_identification:_identify(util/__pycache__) by extensions ['colcon_pkg']
[0.296s] Level 1:colcon.colcon_core.package_identification:_identify(util/__pycache__) by extension 'colcon_pkg'
[0.296s] Level 1:colcon.colcon_core.package_identification:_identify(util/__pycache__) by extensions ['colcon_meta']
[0.296s] Level 1:colcon.colcon_core.package_identification:_identify(util/__pycache__) by extension 'colcon_meta'
[0.296s] Level 1:colcon.colcon_core.package_identification:_identify(util/__pycache__) by extensions ['ros']
[0.296s] Level 1:colcon.colcon_core.package_identification:_identify(util/__pycache__) by extension 'ros'
[0.296s] Level 1:colcon.colcon_core.package_identification:_identify(util/__pycache__) by extensions ['cmake', 'python']
[0.296s] Level 1:colcon.colcon_core.package_identification:_identify(util/__pycache__) by extension 'cmake'
[0.296s] Level 1:colcon.colcon_core.package_identification:_identify(util/__pycache__) by extension 'python'
[0.296s] Level 1:colcon.colcon_core.package_identification:_identify(util/__pycache__) by extensions ['python_setup_py']
[0.296s] Level 1:colcon.colcon_core.package_identification:_identify(util/__pycache__) by extension 'python_setup_py'
[0.296s] Level 1:colcon.colcon_core.package_discovery:discover_packages(recursive) using defaults
[0.296s] Level 1:colcon.colcon_core.package_discovery:discover_packages(ignore) discover
[0.296s] Level 1:colcon.colcon_core.package_discovery:discover_packages(ignore) using defaults
[0.296s] Level 1:colcon.colcon_core.package_discovery:discover_packages(path) discover
[0.296s] Level 1:colcon.colcon_core.package_discovery:discover_packages(path) using defaults
[0.308s] Level 1:colcon.colcon_core.package_discovery:discover_packages(prefix_path) check parameters
[0.308s] Level 1:colcon.colcon_core.package_discovery:discover_packages(prefix_path) discover
[0.309s] DEBUG:colcon.colcon_installed_package_information.package_discovery:Found 5 installed packages in /home/joseph/turtlebot3_drlnav/install
[0.310s] DEBUG:colcon.colcon_installed_package_information.package_discovery:Found 264 installed packages in /opt/ros/foxy
[0.310s] Level 1:colcon.colcon_core.package_discovery:discover_packages(prefix_path) using defaults
[0.347s] Level 5:colcon.colcon_core.verb:set package 'turtlebot3_drl' build argument 'cmake_args' from command line to 'None'
[0.347s] Level 5:colcon.colcon_core.verb:set package 'turtlebot3_drl' build argument 'cmake_target' from command line to 'None'
[0.347s] Level 5:colcon.colcon_core.verb:set package 'turtlebot3_drl' build argument 'cmake_target_skip_unavailable' from command line to 'False'
[0.347s] Level 5:colcon.colcon_core.verb:set package 'turtlebot3_drl' build argument 'cmake_clean_cache' from command line to 'False'
[0.347s] Level 5:colcon.colcon_core.verb:set package 'turtlebot3_drl' build argument 'cmake_clean_first' from command line to 'False'
[0.347s] Level 5:colcon.colcon_core.verb:set package 'turtlebot3_drl' build argument 'cmake_force_configure' from command line to 'False'
[0.347s] Level 5:colcon.colcon_core.verb:set package 'turtlebot3_drl' build argument 'ament_cmake_args' from command line to 'None'
[0.348s] Level 5:colcon.colcon_core.verb:set package 'turtlebot3_drl' build argument 'catkin_cmake_args' from command line to 'None'
[0.348s] Level 5:colcon.colcon_core.verb:set package 'turtlebot3_drl' build argument 'catkin_skip_building_tests' from command line to 'False'
[0.348s] DEBUG:colcon.colcon_core.verb:Building package 'turtlebot3_drl' with the following arguments: {'ament_cmake_args': None, 'build_base': '/home/joseph/turtlebot3_drlnav/build/turtlebot3_drl', 'catkin_cmake_args': None, 'catkin_skip_building_tests': False, 'cmake_args': None, 'cmake_clean_cache': False, 'cmake_clean_first': False, 'cmake_force_configure': False, 'cmake_target': None, 'cmake_target_skip_unavailable': False, 'install_base': '/home/joseph/turtlebot3_drlnav/install/turtlebot3_drl', 'merge_install': False, 'path': '/home/joseph/turtlebot3_drlnav/src/turtlebot3_drl', 'symlink_install': False, 'test_result_base': None}
[0.348s] Level 5:colcon.colcon_core.verb:set package 'turtlebot3_gazebo' build argument 'cmake_args' from command line to 'None'
[0.348s] Level 5:colcon.colcon_core.verb:set package 'turtlebot3_gazebo' build argument 'cmake_target' from command line to 'None'
[0.348s] Level 5:colcon.colcon_core.verb:set package 'turtlebot3_gazebo' build argument 'cmake_target_skip_unavailable' from command line to 'False'
[0.348s] Level 5:colcon.colcon_core.verb:set package 'turtlebot3_gazebo' build argument 'cmake_clean_cache' from command line to 'False'
[0.348s] Level 5:colcon.colcon_core.verb:set package 'turtlebot3_gazebo' build argument 'cmake_clean_first' from command line to 'False'
[0.348s] Level 5:colcon.colcon_core.verb:set package 'turtlebot3_gazebo' build argument 'cmake_force_configure' from command line to 'False'
[0.348s] Level 5:colcon.colcon_core.verb:set package 'turtlebot3_gazebo' build argument 'ament_cmake_args' from command line to 'None'
[0.348s] Level 5:colcon.colcon_core.verb:set package 'turtlebot3_gazebo' build argument 'catkin_cmake_args' from command line to 'None'
[0.348s] Level 5:colcon.colcon_core.verb:set package 'turtlebot3_gazebo' build argument 'catkin_skip_building_tests' from command line to 'False'
[0.348s] DEBUG:colcon.colcon_core.verb:Building package 'turtlebot3_gazebo' with the following arguments: {'ament_cmake_args': None, 'build_base': '/home/joseph/turtlebot3_drlnav/build/turtlebot3_gazebo', 'catkin_cmake_args': None, 'catkin_skip_building_tests': False, 'cmake_args': None, 'cmake_clean_cache': False, 'cmake_clean_first': False, 'cmake_force_configure': False, 'cmake_target': None, 'cmake_target_skip_unavailable': False, 'install_base': '/home/joseph/turtlebot3_drlnav/install/turtlebot3_gazebo', 'merge_install': False, 'path': '/home/joseph/turtlebot3_drlnav/src/turtlebot3_simulations/turtlebot3_gazebo', 'symlink_install': False, 'test_result_base': None}
[0.348s] Level 5:colcon.colcon_core.verb:set package 'turtlebot3_msgs' build argument 'cmake_args' from command line to 'None'
[0.348s] Level 5:colcon.colcon_core.verb:set package 'turtlebot3_msgs' build argument 'cmake_target' from command line to 'None'
[0.348s] Level 5:colcon.colcon_core.verb:set package 'turtlebot3_msgs' build argument 'cmake_target_skip_unavailable' from command line to 'False'
[0.348s] Level 5:colcon.colcon_core.verb:set package 'turtlebot3_msgs' build argument 'cmake_clean_cache' from command line to 'False'
[0.348s] Level 5:colcon.colcon_core.verb:set package 'turtlebot3_msgs' build argument 'cmake_clean_first' from command line to 'False'
[0.348s] Level 5:colcon.colcon_core.verb:set package 'turtlebot3_msgs' build argument 'cmake_force_configure' from command line to 'False'
[0.348s] Level 5:colcon.colcon_core.verb:set package 'turtlebot3_msgs' build argument 'ament_cmake_args' from command line to 'None'
[0.348s] Level 5:colcon.colcon_core.verb:set package 'turtlebot3_msgs' build argument 'catkin_cmake_args' from command line to 'None'
[0.348s] Level 5:colcon.colcon_core.verb:set package 'turtlebot3_msgs' build argument 'catkin_skip_building_tests' from command line to 'False'
[0.348s] DEBUG:colcon.colcon_core.verb:Building package 'turtlebot3_msgs' with the following arguments: {'ament_cmake_args': None, 'build_base': '/home/joseph/turtlebot3_drlnav/build/turtlebot3_msgs', 'catkin_cmake_args': None, 'catkin_skip_building_tests': False, 'cmake_args': None, 'cmake_clean_cache': False, 'cmake_clean_first': False, 'cmake_force_configure': False, 'cmake_target': None, 'cmake_target_skip_unavailable': False, 'install_base': '/home/joseph/turtlebot3_drlnav/install/turtlebot3_msgs', 'merge_install': False, 'path': '/home/joseph/turtlebot3_drlnav/src/turtlebot3_msgs', 'symlink_install': False, 'test_result_base': None}
[0.348s] Level 5:colcon.colcon_core.verb:set package 'turtlebot3_fake_node' build argument 'cmake_args' from command line to 'None'
[0.348s] Level 5:colcon.colcon_core.verb:set package 'turtlebot3_fake_node' build argument 'cmake_target' from command line to 'None'
[0.348s] Level 5:colcon.colcon_core.verb:set package 'turtlebot3_fake_node' build argument 'cmake_target_skip_unavailable' from command line to 'False'
[0.348s] Level 5:colcon.colcon_core.verb:set package 'turtlebot3_fake_node' build argument 'cmake_clean_cache' from command line to 'False'
[0.348s] Level 5:colcon.colcon_core.verb:set package 'turtlebot3_fake_node' build argument 'cmake_clean_first' from command line to 'False'
[0.348s] Level 5:colcon.colcon_core.verb:set package 'turtlebot3_fake_node' build argument 'cmake_force_configure' from command line to 'False'
[0.348s] Level 5:colcon.colcon_core.verb:set package 'turtlebot3_fake_node' build argument 'ament_cmake_args' from command line to 'None'
[0.348s] Level 5:colcon.colcon_core.verb:set package 'turtlebot3_fake_node' build argument 'catkin_cmake_args' from command line to 'None'
[0.348s] Level 5:colcon.colcon_core.verb:set package 'turtlebot3_fake_node' build argument 'catkin_skip_building_tests' from command line to 'False'
[0.348s] DEBUG:colcon.colcon_core.verb:Building package 'turtlebot3_fake_node' with the following arguments: {'ament_cmake_args': None, 'build_base': '/home/joseph/turtlebot3_drlnav/build/turtlebot3_fake_node', 'catkin_cmake_args': None, 'catkin_skip_building_tests': False, 'cmake_args': None, 'cmake_clean_cache': False, 'cmake_clean_first': False, 'cmake_force_configure': False, 'cmake_target': None, 'cmake_target_skip_unavailable': False, 'install_base': '/home/joseph/turtlebot3_drlnav/install/turtlebot3_fake_node', 'merge_install': False, 'path': '/home/joseph/turtlebot3_drlnav/src/turtlebot3_simulations/turtlebot3_fake_node', 'symlink_install': False, 'test_result_base': None}
[0.349s] Level 5:colcon.colcon_core.verb:set package 'turtlebot3_simulations' build argument 'cmake_args' from command line to 'None'
[0.349s] Level 5:colcon.colcon_core.verb:set package 'turtlebot3_simulations' build argument 'cmake_target' from command line to 'None'
[0.349s] Level 5:colcon.colcon_core.verb:set package 'turtlebot3_simulations' build argument 'cmake_target_skip_unavailable' from command line to 'False'
[0.349s] Level 5:colcon.colcon_core.verb:set package 'turtlebot3_simulations' build argument 'cmake_clean_cache' from command line to 'False'
[0.349s] Level 5:colcon.colcon_core.verb:set package 'turtlebot3_simulations' build argument 'cmake_clean_first' from command line to 'False'
[0.349s] Level 5:colcon.colcon_core.verb:set package 'turtlebot3_simulations' build argument 'cmake_force_configure' from command line to 'False'
[0.349s] Level 5:colcon.colcon_core.verb:set package 'turtlebot3_simulations' build argument 'ament_cmake_args' from command line to 'None'
[0.349s] Level 5:colcon.colcon_core.verb:set package 'turtlebot3_simulations' build argument 'catkin_cmake_args' from command line to 'None'
[0.349s] Level 5:colcon.colcon_core.verb:set package 'turtlebot3_simulations' build argument 'catkin_skip_building_tests' from command line to 'False'
[0.349s] DEBUG:colcon.colcon_core.verb:Building package 'turtlebot3_simulations' with the following arguments: {'ament_cmake_args': None, 'build_base': '/home/joseph/turtlebot3_drlnav/build/turtlebot3_simulations', 'catkin_cmake_args': None, 'catkin_skip_building_tests': False, 'cmake_args': None, 'cmake_clean_cache': False, 'cmake_clean_first': False, 'cmake_force_configure': False, 'cmake_target': None, 'cmake_target_skip_unavailable': False, 'install_base': '/home/joseph/turtlebot3_drlnav/install/turtlebot3_simulations', 'merge_install': False, 'path': '/home/joseph/turtlebot3_drlnav/src/turtlebot3_simulations/turtlebot3_simulations', 'symlink_install': False, 'test_result_base': None}
[0.349s] INFO:colcon.colcon_core.executor:Executing jobs using 'parallel' executor
[0.349s] DEBUG:colcon.colcon_parallel_executor.executor.parallel:run_until_complete
[0.349s] INFO:colcon.colcon_ros.task.ament_cmake.build:Building ROS package in '/home/joseph/turtlebot3_drlnav/src/turtlebot3_msgs' with build type 'ament_cmake'
[0.349s] INFO:colcon.colcon_cmake.task.cmake.build:Building CMake package in '/home/joseph/turtlebot3_drlnav/src/turtlebot3_msgs'
[0.352s] INFO:colcon.colcon_core.plugin_system:Skipping extension 'colcon_core.shell.bat': Not used on non-Windows systems
[0.352s] INFO:colcon.colcon_core.shell:Skip shell extension 'powershell' for command environment: Not usable outside of PowerShell
[0.352s] DEBUG:colcon.colcon_core.shell:Skip shell extension 'dsv' for command environment
[0.355s] INFO:colcon.colcon_ros.task.ament_cmake.build:Building ROS package in '/home/joseph/turtlebot3_drlnav/src/turtlebot3_simulations/turtlebot3_gazebo' with build type 'ament_cmake'
[0.355s] INFO:colcon.colcon_cmake.task.cmake.build:Building CMake package in '/home/joseph/turtlebot3_drlnav/src/turtlebot3_simulations/turtlebot3_gazebo'
[0.355s] INFO:colcon.colcon_core.shell:Skip shell extension 'powershell' for command environment: Not usable outside of PowerShell
[0.355s] DEBUG:colcon.colcon_core.shell:Skip shell extension 'dsv' for command environment
[0.358s] INFO:colcon.colcon_ros.task.ament_python.build:Building ROS package in '/home/joseph/turtlebot3_drlnav/src/turtlebot3_drl' with build type 'ament_python'
[0.358s] Level 1:colcon.colcon_core.shell:create_environment_hook('turtlebot3_drl', 'ament_prefix_path')
[0.358s] INFO:colcon.colcon_core.shell:Creating environment hook '/home/joseph/turtlebot3_drlnav/install/turtlebot3_drl/share/turtlebot3_drl/hook/ament_prefix_path.ps1'
[0.359s] INFO:colcon.colcon_core.shell:Creating environment descriptor '/home/joseph/turtlebot3_drlnav/install/turtlebot3_drl/share/turtlebot3_drl/hook/ament_prefix_path.dsv'
[0.359s] INFO:colcon.colcon_core.shell:Creating environment hook '/home/joseph/turtlebot3_drlnav/install/turtlebot3_drl/share/turtlebot3_drl/hook/ament_prefix_path.sh'
[0.359s] INFO:colcon.colcon_core.shell:Skip shell extension 'powershell' for command environment: Not usable outside of PowerShell
[0.359s] DEBUG:colcon.colcon_core.shell:Skip shell extension 'dsv' for command environment
[0.364s] DEBUG:colcon.colcon_core.event_handler.log_command:Invoking command in '/home/joseph/turtlebot3_drlnav/build/turtlebot3_msgs': CMAKE_PREFIX_PATH=${CMAKE_PREFIX_PATH}:/home/joseph/turtlebot3_drlnav/install/turtlebot3_drl:/opt/ros/foxy /usr/bin/cmake --build /home/joseph/turtlebot3_drlnav/build/turtlebot3_msgs -- -j20 -l20
[0.369s] DEBUG:colcon.colcon_core.event_handler.log_command:Invoking command in '/home/joseph/turtlebot3_drlnav/build/turtlebot3_gazebo': CMAKE_PREFIX_PATH=${CMAKE_PREFIX_PATH}:/home/joseph/turtlebot3_drlnav/install/turtlebot3_drl:/opt/ros/foxy /usr/bin/cmake --build /home/joseph/turtlebot3_drlnav/build/turtlebot3_gazebo -- -j20 -l20
[0.485s] INFO:colcon.colcon_core.task.python.build:Building Python package in '/home/joseph/turtlebot3_drlnav/src/turtlebot3_drl'
[0.486s] INFO:colcon.colcon_core.shell:Skip shell extension 'powershell' for command environment: Not usable outside of PowerShell
[0.486s] DEBUG:colcon.colcon_core.shell:Skip shell extension 'dsv' for command environment
[0.493s] DEBUG:colcon.colcon_core.event_handler.log_command:Invoked command in '/home/joseph/turtlebot3_drlnav/build/turtlebot3_gazebo' returned '0': CMAKE_PREFIX_PATH=${CMAKE_PREFIX_PATH}:/home/joseph/turtlebot3_drlnav/install/turtlebot3_drl:/opt/ros/foxy /usr/bin/cmake --build /home/joseph/turtlebot3_drlnav/build/turtlebot3_gazebo -- -j20 -l20
[0.516s] DEBUG:colcon.colcon_core.event_handler.log_command:Invoking command in '/home/joseph/turtlebot3_drlnav/build/turtlebot3_gazebo': CMAKE_PREFIX_PATH=${CMAKE_PREFIX_PATH}:/home/joseph/turtlebot3_drlnav/install/turtlebot3_drl:/opt/ros/foxy /usr/bin/cmake --install /home/joseph/turtlebot3_drlnav/build/turtlebot3_gazebo
[0.519s] DEBUG:colcon.colcon_core.event_handler.log_command:Invoked command in '/home/joseph/turtlebot3_drlnav/build/turtlebot3_msgs' returned '0': CMAKE_PREFIX_PATH=${CMAKE_PREFIX_PATH}:/home/joseph/turtlebot3_drlnav/install/turtlebot3_drl:/opt/ros/foxy /usr/bin/cmake --build /home/joseph/turtlebot3_drlnav/build/turtlebot3_msgs -- -j20 -l20
[0.525s] Level 1:colcon.colcon_core.environment:create_environment_scripts_only(turtlebot3_gazebo)
[0.531s] Level 1:colcon.colcon_core.environment:checking '/home/joseph/turtlebot3_drlnav/install/turtlebot3_gazebo' for CMake module files
[0.531s] Level 1:colcon.colcon_core.environment:checking '/home/joseph/turtlebot3_drlnav/install/turtlebot3_gazebo' for CMake config files
[0.533s] Level 1:colcon.colcon_core.shell:create_environment_hook('turtlebot3_gazebo', 'cmake_prefix_path')
[0.533s] INFO:colcon.colcon_core.shell:Creating environment hook '/home/joseph/turtlebot3_drlnav/install/turtlebot3_gazebo/share/turtlebot3_gazebo/hook/cmake_prefix_path.ps1'
[0.533s] INFO:colcon.colcon_core.shell:Creating environment descriptor '/home/joseph/turtlebot3_drlnav/install/turtlebot3_gazebo/share/turtlebot3_gazebo/hook/cmake_prefix_path.dsv'
[0.534s] INFO:colcon.colcon_core.shell:Creating environment hook '/home/joseph/turtlebot3_drlnav/install/turtlebot3_gazebo/share/turtlebot3_gazebo/hook/cmake_prefix_path.sh'
[0.534s] Level 1:colcon.colcon_core.environment:checking '/home/joseph/turtlebot3_drlnav/install/turtlebot3_gazebo/lib'
[0.535s] Level 1:colcon.colcon_core.environment:checking '/home/joseph/turtlebot3_drlnav/install/turtlebot3_gazebo/bin'
[0.535s] Level 1:colcon.colcon_core.environment:checking '/home/joseph/turtlebot3_drlnav/install/turtlebot3_gazebo/lib/pkgconfig/turtlebot3_gazebo.pc'
[0.535s] Level 1:colcon.colcon_core.environment:checking '/home/joseph/turtlebot3_drlnav/install/turtlebot3_gazebo/lib/python3.8/site-packages'
[0.535s] Level 1:colcon.colcon_core.environment:checking '/home/joseph/turtlebot3_drlnav/install/turtlebot3_gazebo/bin'
[0.535s] INFO:colcon.colcon_core.shell:Creating package script '/home/joseph/turtlebot3_drlnav/install/turtlebot3_gazebo/share/turtlebot3_gazebo/package.ps1'
[0.536s] INFO:colcon.colcon_core.shell:Creating package descriptor '/home/joseph/turtlebot3_drlnav/install/turtlebot3_gazebo/share/turtlebot3_gazebo/package.dsv'
[0.536s] INFO:colcon.colcon_core.shell:Creating package script '/home/joseph/turtlebot3_drlnav/install/turtlebot3_gazebo/share/turtlebot3_gazebo/package.sh'
[0.537s] INFO:colcon.colcon_core.shell:Creating package script '/home/joseph/turtlebot3_drlnav/install/turtlebot3_gazebo/share/turtlebot3_gazebo/package.bash'
[0.537s] INFO:colcon.colcon_core.shell:Creating package script '/home/joseph/turtlebot3_drlnav/install/turtlebot3_gazebo/share/turtlebot3_gazebo/package.zsh'
[0.538s] Level 1:colcon.colcon_core.environment:create_file_with_runtime_dependencies(/home/joseph/turtlebot3_drlnav/install/turtlebot3_gazebo/share/colcon-core/packages/turtlebot3_gazebo)
[0.551s] DEBUG:colcon.colcon_core.event_handler.log_command:Invoked command in '/home/joseph/turtlebot3_drlnav/build/turtlebot3_gazebo' returned '0': CMAKE_PREFIX_PATH=${CMAKE_PREFIX_PATH}:/home/joseph/turtlebot3_drlnav/install/turtlebot3_drl:/opt/ros/foxy /usr/bin/cmake --install /home/joseph/turtlebot3_drlnav/build/turtlebot3_gazebo
[0.555s] Level 1:colcon.colcon_core.environment:create_environment_scripts_only(turtlebot3_gazebo)
[0.555s] Level 1:colcon.colcon_core.environment:checking '/home/joseph/turtlebot3_drlnav/install/turtlebot3_gazebo' for CMake module files
[0.555s] Level 1:colcon.colcon_core.environment:checking '/home/joseph/turtlebot3_drlnav/install/turtlebot3_gazebo' for CMake config files
[0.556s] Level 1:colcon.colcon_core.shell:create_environment_hook('turtlebot3_gazebo', 'cmake_prefix_path')
[0.556s] INFO:colcon.colcon_core.shell:Creating environment hook '/home/joseph/turtlebot3_drlnav/install/turtlebot3_gazebo/share/turtlebot3_gazebo/hook/cmake_prefix_path.ps1'
[0.556s] INFO:colcon.colcon_core.shell:Creating environment descriptor '/home/joseph/turtlebot3_drlnav/install/turtlebot3_gazebo/share/turtlebot3_gazebo/hook/cmake_prefix_path.dsv'
[0.556s] INFO:colcon.colcon_core.shell:Creating environment hook '/home/joseph/turtlebot3_drlnav/install/turtlebot3_gazebo/share/turtlebot3_gazebo/hook/cmake_prefix_path.sh'
[0.556s] Level 1:colcon.colcon_core.environment:checking '/home/joseph/turtlebot3_drlnav/install/turtlebot3_gazebo/lib'
[0.557s] Level 1:colcon.colcon_core.environment:checking '/home/joseph/turtlebot3_drlnav/install/turtlebot3_gazebo/bin'
[0.557s] Level 1:colcon.colcon_core.environment:checking '/home/joseph/turtlebot3_drlnav/install/turtlebot3_gazebo/lib/pkgconfig/turtlebot3_gazebo.pc'
[0.557s] Level 1:colcon.colcon_core.environment:checking '/home/joseph/turtlebot3_drlnav/install/turtlebot3_gazebo/lib/python3.8/site-packages'
[0.557s] Level 1:colcon.colcon_core.environment:checking '/home/joseph/turtlebot3_drlnav/install/turtlebot3_gazebo/bin'
[0.557s] INFO:colcon.colcon_core.shell:Creating package script '/home/joseph/turtlebot3_drlnav/install/turtlebot3_gazebo/share/turtlebot3_gazebo/package.ps1'
[0.557s] INFO:colcon.colcon_core.shell:Creating package descriptor '/home/joseph/turtlebot3_drlnav/install/turtlebot3_gazebo/share/turtlebot3_gazebo/package.dsv'
[0.557s] INFO:colcon.colcon_core.shell:Creating package script '/home/joseph/turtlebot3_drlnav/install/turtlebot3_gazebo/share/turtlebot3_gazebo/package.sh'
[0.558s] INFO:colcon.colcon_core.shell:Creating package script '/home/joseph/turtlebot3_drlnav/install/turtlebot3_gazebo/share/turtlebot3_gazebo/package.bash'
[0.558s] INFO:colcon.colcon_core.shell:Creating package script '/home/joseph/turtlebot3_drlnav/install/turtlebot3_gazebo/share/turtlebot3_gazebo/package.zsh'
[0.558s] Level 1:colcon.colcon_core.environment:create_file_with_runtime_dependencies(/home/joseph/turtlebot3_drlnav/install/turtlebot3_gazebo/share/colcon-core/packages/turtlebot3_gazebo)
[0.591s] DEBUG:colcon.colcon_core.event_handler.log_command:Invoking command in '/home/joseph/turtlebot3_drlnav/build/turtlebot3_msgs': CMAKE_PREFIX_PATH=${CMAKE_PREFIX_PATH}:/home/joseph/turtlebot3_drlnav/install/turtlebot3_drl:/opt/ros/foxy /usr/bin/cmake --install /home/joseph/turtlebot3_drlnav/build/turtlebot3_msgs
[0.625s] Level 1:colcon.colcon_core.environment:create_environment_scripts_only(turtlebot3_msgs)
[0.625s] DEBUG:colcon.colcon_core.event_handler.log_command:Invoked command in '/home/joseph/turtlebot3_drlnav/build/turtlebot3_msgs' returned '0': CMAKE_PREFIX_PATH=${CMAKE_PREFIX_PATH}:/home/joseph/turtlebot3_drlnav/install/turtlebot3_drl:/opt/ros/foxy /usr/bin/cmake --install /home/joseph/turtlebot3_drlnav/build/turtlebot3_msgs
[0.625s] Level 1:colcon.colcon_core.environment:checking '/home/joseph/turtlebot3_drlnav/install/turtlebot3_msgs' for CMake module files
[0.626s] Level 1:colcon.colcon_core.environment:checking '/home/joseph/turtlebot3_drlnav/install/turtlebot3_msgs' for CMake config files
[0.626s] Level 1:colcon.colcon_core.shell:create_environment_hook('turtlebot3_msgs', 'cmake_prefix_path')
[0.626s] INFO:colcon.colcon_core.shell:Creating environment hook '/home/joseph/turtlebot3_drlnav/install/turtlebot3_msgs/share/turtlebot3_msgs/hook/cmake_prefix_path.ps1'
[0.627s] INFO:colcon.colcon_core.shell:Creating environment descriptor '/home/joseph/turtlebot3_drlnav/install/turtlebot3_msgs/share/turtlebot3_msgs/hook/cmake_prefix_path.dsv'
[0.627s] INFO:colcon.colcon_core.shell:Creating environment hook '/home/joseph/turtlebot3_drlnav/install/turtlebot3_msgs/share/turtlebot3_msgs/hook/cmake_prefix_path.sh'
[0.627s] Level 1:colcon.colcon_core.environment:checking '/home/joseph/turtlebot3_drlnav/install/turtlebot3_msgs/lib'
[0.627s] Level 1:colcon.colcon_core.shell:create_environment_hook('turtlebot3_msgs', 'ld_library_path_lib')
[0.627s] INFO:colcon.colcon_core.shell:Creating environment hook '/home/joseph/turtlebot3_drlnav/install/turtlebot3_msgs/share/turtlebot3_msgs/hook/ld_library_path_lib.ps1'
[0.627s] INFO:colcon.colcon_core.shell:Creating environment descriptor '/home/joseph/turtlebot3_drlnav/install/turtlebot3_msgs/share/turtlebot3_msgs/hook/ld_library_path_lib.dsv'
[0.628s] INFO:colcon.colcon_core.shell:Creating environment hook '/home/joseph/turtlebot3_drlnav/install/turtlebot3_msgs/share/turtlebot3_msgs/hook/ld_library_path_lib.sh'
[0.628s] Level 1:colcon.colcon_core.environment:checking '/home/joseph/turtlebot3_drlnav/install/turtlebot3_msgs/bin'
[0.628s] Level 1:colcon.colcon_core.environment:checking '/home/joseph/turtlebot3_drlnav/install/turtlebot3_msgs/lib/pkgconfig/turtlebot3_msgs.pc'
[0.628s] Level 1:colcon.colcon_core.environment:checking '/home/joseph/turtlebot3_drlnav/install/turtlebot3_msgs/lib/python3.8/site-packages'
[0.628s] Level 1:colcon.colcon_core.shell:create_environment_hook('turtlebot3_msgs', 'pythonpath')
[0.628s] INFO:colcon.colcon_core.shell:Creating environment hook '/home/joseph/turtlebot3_drlnav/install/turtlebot3_msgs/share/turtlebot3_msgs/hook/pythonpath.ps1'
[0.628s] INFO:colcon.colcon_core.shell:Creating environment descriptor '/home/joseph/turtlebot3_drlnav/install/turtlebot3_msgs/share/turtlebot3_msgs/hook/pythonpath.dsv'
[0.628s] INFO:colcon.colcon_core.shell:Creating environment hook '/home/joseph/turtlebot3_drlnav/install/turtlebot3_msgs/share/turtlebot3_msgs/hook/pythonpath.sh'
[0.629s] Level 1:colcon.colcon_core.environment:checking '/home/joseph/turtlebot3_drlnav/install/turtlebot3_msgs/bin'
[0.629s] INFO:colcon.colcon_core.shell:Creating package script '/home/joseph/turtlebot3_drlnav/install/turtlebot3_msgs/share/turtlebot3_msgs/package.ps1'
[0.629s] INFO:colcon.colcon_core.shell:Creating package descriptor '/home/joseph/turtlebot3_drlnav/install/turtlebot3_msgs/share/turtlebot3_msgs/package.dsv'
[0.629s] INFO:colcon.colcon_core.shell:Creating package script '/home/joseph/turtlebot3_drlnav/install/turtlebot3_msgs/share/turtlebot3_msgs/package.sh'
[0.629s] INFO:colcon.colcon_core.shell:Creating package script '/home/joseph/turtlebot3_drlnav/install/turtlebot3_msgs/share/turtlebot3_msgs/package.bash'
[0.629s] INFO:colcon.colcon_core.shell:Creating package script '/home/joseph/turtlebot3_drlnav/install/turtlebot3_msgs/share/turtlebot3_msgs/package.zsh'
[0.630s] Level 1:colcon.colcon_core.environment:create_file_with_runtime_dependencies(/home/joseph/turtlebot3_drlnav/install/turtlebot3_msgs/share/colcon-core/packages/turtlebot3_msgs)
[0.702s] Level 1:colcon.colcon_core.environment:create_environment_scripts_only(turtlebot3_msgs)
[0.703s] Level 1:colcon.colcon_core.environment:checking '/home/joseph/turtlebot3_drlnav/install/turtlebot3_msgs' for CMake module files
[0.703s] Level 1:colcon.colcon_core.environment:checking '/home/joseph/turtlebot3_drlnav/install/turtlebot3_msgs' for CMake config files
[0.704s] Level 1:colcon.colcon_core.shell:create_environment_hook('turtlebot3_msgs', 'cmake_prefix_path')
[0.704s] INFO:colcon.colcon_core.shell:Creating environment hook '/home/joseph/turtlebot3_drlnav/install/turtlebot3_msgs/share/turtlebot3_msgs/hook/cmake_prefix_path.ps1'
[0.704s] INFO:colcon.colcon_core.shell:Creating environment descriptor '/home/joseph/turtlebot3_drlnav/install/turtlebot3_msgs/share/turtlebot3_msgs/hook/cmake_prefix_path.dsv'
[0.704s] INFO:colcon.colcon_core.shell:Creating environment hook '/home/joseph/turtlebot3_drlnav/install/turtlebot3_msgs/share/turtlebot3_msgs/hook/cmake_prefix_path.sh'
[0.705s] Level 1:colcon.colcon_core.environment:checking '/home/joseph/turtlebot3_drlnav/install/turtlebot3_msgs/lib'
[0.705s] Level 1:colcon.colcon_core.shell:create_environment_hook('turtlebot3_msgs', 'ld_library_path_lib')
[0.705s] INFO:colcon.colcon_core.shell:Creating environment hook '/home/joseph/turtlebot3_drlnav/install/turtlebot3_msgs/share/turtlebot3_msgs/hook/ld_library_path_lib.ps1'
[0.705s] INFO:colcon.colcon_core.shell:Creating environment descriptor '/home/joseph/turtlebot3_drlnav/install/turtlebot3_msgs/share/turtlebot3_msgs/hook/ld_library_path_lib.dsv'
[0.705s] INFO:colcon.colcon_core.shell:Creating environment hook '/home/joseph/turtlebot3_drlnav/install/turtlebot3_msgs/share/turtlebot3_msgs/hook/ld_library_path_lib.sh'
[0.705s] Level 1:colcon.colcon_core.environment:checking '/home/joseph/turtlebot3_drlnav/install/turtlebot3_msgs/bin'
[0.705s] Level 1:colcon.colcon_core.environment:checking '/home/joseph/turtlebot3_drlnav/install/turtlebot3_msgs/lib/pkgconfig/turtlebot3_msgs.pc'
[0.706s] Level 1:colcon.colcon_core.environment:checking '/home/joseph/turtlebot3_drlnav/install/turtlebot3_msgs/lib/python3.8/site-packages'
[0.706s] Level 1:colcon.colcon_core.shell:create_environment_hook('turtlebot3_msgs', 'pythonpath')
[0.706s] INFO:colcon.colcon_core.shell:Creating environment hook '/home/joseph/turtlebot3_drlnav/install/turtlebot3_msgs/share/turtlebot3_msgs/hook/pythonpath.ps1'
[0.706s] INFO:colcon.colcon_core.shell:Creating environment descriptor '/home/joseph/turtlebot3_drlnav/install/turtlebot3_msgs/share/turtlebot3_msgs/hook/pythonpath.dsv'
[0.706s] INFO:colcon.colcon_core.shell:Creating environment hook '/home/joseph/turtlebot3_drlnav/install/turtlebot3_msgs/share/turtlebot3_msgs/hook/pythonpath.sh'
[0.706s] Level 1:colcon.colcon_core.environment:checking '/home/joseph/turtlebot3_drlnav/install/turtlebot3_msgs/bin'
[0.706s] INFO:colcon.colcon_core.shell:Creating package script '/home/joseph/turtlebot3_drlnav/install/turtlebot3_msgs/share/turtlebot3_msgs/package.ps1'
[0.707s] INFO:colcon.colcon_core.shell:Creating package descriptor '/home/joseph/turtlebot3_drlnav/install/turtlebot3_msgs/share/turtlebot3_msgs/package.dsv'
[0.707s] INFO:colcon.colcon_core.shell:Creating package script '/home/joseph/turtlebot3_drlnav/install/turtlebot3_msgs/share/turtlebot3_msgs/package.sh'
[0.707s] INFO:colcon.colcon_core.shell:Creating package script '/home/joseph/turtlebot3_drlnav/install/turtlebot3_msgs/share/turtlebot3_msgs/package.bash'
[0.707s] INFO:colcon.colcon_core.shell:Creating package script '/home/joseph/turtlebot3_drlnav/install/turtlebot3_msgs/share/turtlebot3_msgs/package.zsh'
[0.707s] Level 1:colcon.colcon_core.environment:create_file_with_runtime_dependencies(/home/joseph/turtlebot3_drlnav/install/turtlebot3_msgs/share/colcon-core/packages/turtlebot3_msgs)
[0.708s] INFO:colcon.colcon_ros.task.ament_cmake.build:Building ROS package in '/home/joseph/turtlebot3_drlnav/src/turtlebot3_simulations/turtlebot3_fake_node' with build type 'ament_cmake'
[0.708s] INFO:colcon.colcon_cmake.task.cmake.build:Building CMake package in '/home/joseph/turtlebot3_drlnav/src/turtlebot3_simulations/turtlebot3_fake_node'
[0.708s] INFO:colcon.colcon_core.shell:Skip shell extension 'powershell' for command environment: Not usable outside of PowerShell
[0.708s] DEBUG:colcon.colcon_core.shell:Skip shell extension 'dsv' for command environment
[0.716s] DEBUG:colcon.colcon_core.event_handler.log_command:Invoking command in '/home/joseph/turtlebot3_drlnav/build/turtlebot3_fake_node': CMAKE_PREFIX_PATH=/home/joseph/turtlebot3_drlnav/install/turtlebot3_msgs:/home/joseph/turtlebot3_drlnav/install/turtlebot3_simulations:/home/joseph/turtlebot3_drlnav/install/turtlebot3_fake_node:/home/joseph/turtlebot3_drlnav/install/turtlebot3_gazebo:/home/joseph/turtlebot3_drlnav/install/turtlebot3_drl:/opt/ros/foxy /usr/bin/cmake --build /home/joseph/turtlebot3_drlnav/build/turtlebot3_fake_node -- -j20 -l20
[0.721s] DEBUG:colcon.colcon_core.event_handler.log_command:Invoking command in '/home/joseph/turtlebot3_drlnav/src/turtlebot3_drl': PYTHONPATH=/home/joseph/turtlebot3_drlnav/build/turtlebot3_drl/prefix_override:/home/joseph/turtlebot3_drlnav/install/turtlebot3_drl/lib/python3.8/site-packages:${PYTHONPATH} /usr/bin/python3 -W ignore:setup.py install is deprecated setup.py egg_info --egg-base ../../build/turtlebot3_drl build --build-base /home/joseph/turtlebot3_drlnav/build/turtlebot3_drl/build install --record /home/joseph/turtlebot3_drlnav/build/turtlebot3_drl/install.log --single-version-externally-managed install_data
[0.758s] DEBUG:colcon.colcon_core.event_handler.log_command:Invoked command in '/home/joseph/turtlebot3_drlnav/build/turtlebot3_fake_node' returned '0': CMAKE_PREFIX_PATH=/home/joseph/turtlebot3_drlnav/install/turtlebot3_msgs:/home/joseph/turtlebot3_drlnav/install/turtlebot3_simulations:/home/joseph/turtlebot3_drlnav/install/turtlebot3_fake_node:/home/joseph/turtlebot3_drlnav/install/turtlebot3_gazebo:/home/joseph/turtlebot3_drlnav/install/turtlebot3_drl:/opt/ros/foxy /usr/bin/cmake --build /home/joseph/turtlebot3_drlnav/build/turtlebot3_fake_node -- -j20 -l20
[0.771s] DEBUG:colcon.colcon_core.event_handler.log_command:Invoking command in '/home/joseph/turtlebot3_drlnav/build/turtlebot3_fake_node': CMAKE_PREFIX_PATH=/home/joseph/turtlebot3_drlnav/install/turtlebot3_msgs:/home/joseph/turtlebot3_drlnav/install/turtlebot3_simulations:/home/joseph/turtlebot3_drlnav/install/turtlebot3_fake_node:/home/joseph/turtlebot3_drlnav/install/turtlebot3_gazebo:/home/joseph/turtlebot3_drlnav/install/turtlebot3_drl:/opt/ros/foxy /usr/bin/cmake --install /home/joseph/turtlebot3_drlnav/build/turtlebot3_fake_node
[0.779s] Level 1:colcon.colcon_core.environment:create_environment_scripts_only(turtlebot3_fake_node)
[0.779s] Level 1:colcon.colcon_core.environment:checking '/home/joseph/turtlebot3_drlnav/install/turtlebot3_fake_node' for CMake module files
[0.779s] DEBUG:colcon.colcon_core.event_handler.log_command:Invoked command in '/home/joseph/turtlebot3_drlnav/build/turtlebot3_fake_node' returned '0': CMAKE_PREFIX_PATH=/home/joseph/turtlebot3_drlnav/install/turtlebot3_msgs:/home/joseph/turtlebot3_drlnav/install/turtlebot3_simulations:/home/joseph/turtlebot3_drlnav/install/turtlebot3_fake_node:/home/joseph/turtlebot3_drlnav/install/turtlebot3_gazebo:/home/joseph/turtlebot3_drlnav/install/turtlebot3_drl:/opt/ros/foxy /usr/bin/cmake --install /home/joseph/turtlebot3_drlnav/build/turtlebot3_fake_node
[0.779s] Level 1:colcon.colcon_core.environment:checking '/home/joseph/turtlebot3_drlnav/install/turtlebot3_fake_node' for CMake config files
[0.780s] Level 1:colcon.colcon_core.shell:create_environment_hook('turtlebot3_fake_node', 'cmake_prefix_path')
[0.780s] INFO:colcon.colcon_core.shell:Creating environment hook '/home/joseph/turtlebot3_drlnav/install/turtlebot3_fake_node/share/turtlebot3_fake_node/hook/cmake_prefix_path.ps1'
[0.780s] INFO:colcon.colcon_core.shell:Creating environment descriptor '/home/joseph/turtlebot3_drlnav/install/turtlebot3_fake_node/share/turtlebot3_fake_node/hook/cmake_prefix_path.dsv'
[0.780s] INFO:colcon.colcon_core.shell:Creating environment hook '/home/joseph/turtlebot3_drlnav/install/turtlebot3_fake_node/share/turtlebot3_fake_node/hook/cmake_prefix_path.sh'
[0.780s] Level 1:colcon.colcon_core.environment:checking '/home/joseph/turtlebot3_drlnav/install/turtlebot3_fake_node/lib'
[0.780s] Level 1:colcon.colcon_core.environment:checking '/home/joseph/turtlebot3_drlnav/install/turtlebot3_fake_node/bin'
[0.780s] Level 1:colcon.colcon_core.environment:checking '/home/joseph/turtlebot3_drlnav/install/turtlebot3_fake_node/lib/pkgconfig/turtlebot3_fake_node.pc'
[0.781s] Level 1:colcon.colcon_core.environment:checking '/home/joseph/turtlebot3_drlnav/install/turtlebot3_fake_node/lib/python3.8/site-packages'
[0.781s] Level 1:colcon.colcon_core.environment:checking '/home/joseph/turtlebot3_drlnav/install/turtlebot3_fake_node/bin'
[0.781s] INFO:colcon.colcon_core.shell:Creating package script '/home/joseph/turtlebot3_drlnav/install/turtlebot3_fake_node/share/turtlebot3_fake_node/package.ps1'
[0.781s] INFO:colcon.colcon_core.shell:Creating package descriptor '/home/joseph/turtlebot3_drlnav/install/turtlebot3_fake_node/share/turtlebot3_fake_node/package.dsv'
[0.781s] INFO:colcon.colcon_core.shell:Creating package script '/home/joseph/turtlebot3_drlnav/install/turtlebot3_fake_node/share/turtlebot3_fake_node/package.sh'
[0.781s] INFO:colcon.colcon_core.shell:Creating package script '/home/joseph/turtlebot3_drlnav/install/turtlebot3_fake_node/share/turtlebot3_fake_node/package.bash'
[0.782s] INFO:colcon.colcon_core.shell:Creating package script '/home/joseph/turtlebot3_drlnav/install/turtlebot3_fake_node/share/turtlebot3_fake_node/package.zsh'
[0.782s] Level 1:colcon.colcon_core.environment:create_file_with_runtime_dependencies(/home/joseph/turtlebot3_drlnav/install/turtlebot3_fake_node/share/colcon-core/packages/turtlebot3_fake_node)
[0.794s] Level 1:colcon.colcon_core.environment:create_environment_scripts_only(turtlebot3_fake_node)
[0.794s] Level 1:colcon.colcon_core.environment:checking '/home/joseph/turtlebot3_drlnav/install/turtlebot3_fake_node' for CMake module files
[0.794s] Level 1:colcon.colcon_core.environment:checking '/home/joseph/turtlebot3_drlnav/install/turtlebot3_fake_node' for CMake config files
[0.795s] Level 1:colcon.colcon_core.shell:create_environment_hook('turtlebot3_fake_node', 'cmake_prefix_path')
[0.795s] INFO:colcon.colcon_core.shell:Creating environment hook '/home/joseph/turtlebot3_drlnav/install/turtlebot3_fake_node/share/turtlebot3_fake_node/hook/cmake_prefix_path.ps1'
[0.795s] INFO:colcon.colcon_core.shell:Creating environment descriptor '/home/joseph/turtlebot3_drlnav/install/turtlebot3_fake_node/share/turtlebot3_fake_node/hook/cmake_prefix_path.dsv'
[0.795s] INFO:colcon.colcon_core.shell:Creating environment hook '/home/joseph/turtlebot3_drlnav/install/turtlebot3_fake_node/share/turtlebot3_fake_node/hook/cmake_prefix_path.sh'
[0.795s] Level 1:colcon.colcon_core.environment:checking '/home/joseph/turtlebot3_drlnav/install/turtlebot3_fake_node/lib'
[0.796s] Level 1:colcon.colcon_core.environment:checking '/home/joseph/turtlebot3_drlnav/install/turtlebot3_fake_node/bin'
[0.796s] Level 1:colcon.colcon_core.environment:checking '/home/joseph/turtlebot3_drlnav/install/turtlebot3_fake_node/lib/pkgconfig/turtlebot3_fake_node.pc'
[0.796s] Level 1:colcon.colcon_core.environment:checking '/home/joseph/turtlebot3_drlnav/install/turtlebot3_fake_node/lib/python3.8/site-packages'
[0.796s] Level 1:colcon.colcon_core.environment:checking '/home/joseph/turtlebot3_drlnav/install/turtlebot3_fake_node/bin'
[0.796s] INFO:colcon.colcon_core.shell:Creating package script '/home/joseph/turtlebot3_drlnav/install/turtlebot3_fake_node/share/turtlebot3_fake_node/package.ps1'
[0.796s] INFO:colcon.colcon_core.shell:Creating package descriptor '/home/joseph/turtlebot3_drlnav/install/turtlebot3_fake_node/share/turtlebot3_fake_node/package.dsv'
[0.796s] INFO:colcon.colcon_core.shell:Creating package script '/home/joseph/turtlebot3_drlnav/install/turtlebot3_fake_node/share/turtlebot3_fake_node/package.sh'
[0.797s] INFO:colcon.colcon_core.shell:Creating package script '/home/joseph/turtlebot3_drlnav/install/turtlebot3_fake_node/share/turtlebot3_fake_node/package.bash'
[0.797s] INFO:colcon.colcon_core.shell:Creating package script '/home/joseph/turtlebot3_drlnav/install/turtlebot3_fake_node/share/turtlebot3_fake_node/package.zsh'
[0.797s] Level 1:colcon.colcon_core.environment:create_file_with_runtime_dependencies(/home/joseph/turtlebot3_drlnav/install/turtlebot3_fake_node/share/colcon-core/packages/turtlebot3_fake_node)
[0.797s] INFO:colcon.colcon_ros.task.ament_cmake.build:Building ROS package in '/home/joseph/turtlebot3_drlnav/src/turtlebot3_simulations/turtlebot3_simulations' with build type 'ament_cmake'
[0.797s] INFO:colcon.colcon_cmake.task.cmake.build:Building CMake package in '/home/joseph/turtlebot3_drlnav/src/turtlebot3_simulations/turtlebot3_simulations'
[0.797s] INFO:colcon.colcon_core.shell:Skip shell extension 'powershell' for command environment: Not usable outside of PowerShell
[0.797s] DEBUG:colcon.colcon_core.shell:Skip shell extension 'dsv' for command environment
[0.805s] DEBUG:colcon.colcon_core.event_handler.log_command:Invoking command in '/home/joseph/turtlebot3_drlnav/build/turtlebot3_simulations': CMAKE_PREFIX_PATH=/home/joseph/turtlebot3_drlnav/install/turtlebot3_fake_node:/home/joseph/turtlebot3_drlnav/install/turtlebot3_msgs:/home/joseph/turtlebot3_drlnav/install/turtlebot3_gazebo:/home/joseph/turtlebot3_drlnav/install/turtlebot3_simulations:/home/joseph/turtlebot3_drlnav/install/turtlebot3_drl:/opt/ros/foxy /usr/bin/cmake --build /home/joseph/turtlebot3_drlnav/build/turtlebot3_simulations -- -j20 -l20
[0.828s] DEBUG:colcon.colcon_core.event_handler.log_command:Invoked command in '/home/joseph/turtlebot3_drlnav/build/turtlebot3_simulations' returned '0': CMAKE_PREFIX_PATH=/home/joseph/turtlebot3_drlnav/install/turtlebot3_fake_node:/home/joseph/turtlebot3_drlnav/install/turtlebot3_msgs:/home/joseph/turtlebot3_drlnav/install/turtlebot3_gazebo:/home/joseph/turtlebot3_drlnav/install/turtlebot3_simulations:/home/joseph/turtlebot3_drlnav/install/turtlebot3_drl:/opt/ros/foxy /usr/bin/cmake --build /home/joseph/turtlebot3_drlnav/build/turtlebot3_simulations -- -j20 -l20
[0.839s] DEBUG:colcon.colcon_core.event_handler.log_command:Invoking command in '/home/joseph/turtlebot3_drlnav/build/turtlebot3_simulations': CMAKE_PREFIX_PATH=/home/joseph/turtlebot3_drlnav/install/turtlebot3_fake_node:/home/joseph/turtlebot3_drlnav/install/turtlebot3_msgs:/home/joseph/turtlebot3_drlnav/install/turtlebot3_gazebo:/home/joseph/turtlebot3_drlnav/install/turtlebot3_simulations:/home/joseph/turtlebot3_drlnav/install/turtlebot3_drl:/opt/ros/foxy /usr/bin/cmake --install /home/joseph/turtlebot3_drlnav/build/turtlebot3_simulations
[0.845s] Level 1:colcon.colcon_core.environment:create_environment_scripts_only(turtlebot3_simulations)
[0.845s] Level 1:colcon.colcon_core.environment:checking '/home/joseph/turtlebot3_drlnav/install/turtlebot3_simulations' for CMake module files
[0.845s] DEBUG:colcon.colcon_core.event_handler.log_command:Invoked command in '/home/joseph/turtlebot3_drlnav/build/turtlebot3_simulations' returned '0': CMAKE_PREFIX_PATH=/home/joseph/turtlebot3_drlnav/install/turtlebot3_fake_node:/home/joseph/turtlebot3_drlnav/install/turtlebot3_msgs:/home/joseph/turtlebot3_drlnav/install/turtlebot3_gazebo:/home/joseph/turtlebot3_drlnav/install/turtlebot3_simulations:/home/joseph/turtlebot3_drlnav/install/turtlebot3_drl:/opt/ros/foxy /usr/bin/cmake --install /home/joseph/turtlebot3_drlnav/build/turtlebot3_simulations
[0.846s] Level 1:colcon.colcon_core.environment:checking '/home/joseph/turtlebot3_drlnav/install/turtlebot3_simulations' for CMake config files
[0.846s] Level 1:colcon.colcon_core.shell:create_environment_hook('turtlebot3_simulations', 'cmake_prefix_path')
[0.846s] INFO:colcon.colcon_core.shell:Creating environment hook '/home/joseph/turtlebot3_drlnav/install/turtlebot3_simulations/share/turtlebot3_simulations/hook/cmake_prefix_path.ps1'
[0.847s] INFO:colcon.colcon_core.shell:Creating environment descriptor '/home/joseph/turtlebot3_drlnav/install/turtlebot3_simulations/share/turtlebot3_simulations/hook/cmake_prefix_path.dsv'
[0.847s] INFO:colcon.colcon_core.shell:Creating environment hook '/home/joseph/turtlebot3_drlnav/install/turtlebot3_simulations/share/turtlebot3_simulations/hook/cmake_prefix_path.sh'
[0.847s] Level 1:colcon.colcon_core.environment:checking '/home/joseph/turtlebot3_drlnav/install/turtlebot3_simulations/bin'
[0.847s] Level 1:colcon.colcon_core.environment:checking '/home/joseph/turtlebot3_drlnav/install/turtlebot3_simulations/lib/pkgconfig/turtlebot3_simulations.pc'
[0.847s] Level 1:colcon.colcon_core.environment:checking '/home/joseph/turtlebot3_drlnav/install/turtlebot3_simulations/lib/python3.8/site-packages'
[0.848s] Level 1:colcon.colcon_core.environment:checking '/home/joseph/turtlebot3_drlnav/install/turtlebot3_simulations/bin'
[0.848s] INFO:colcon.colcon_core.shell:Creating package script '/home/joseph/turtlebot3_drlnav/install/turtlebot3_simulations/share/turtlebot3_simulations/package.ps1'
[0.848s] INFO:colcon.colcon_core.shell:Creating package descriptor '/home/joseph/turtlebot3_drlnav/install/turtlebot3_simulations/share/turtlebot3_simulations/package.dsv'
[0.848s] INFO:colcon.colcon_core.shell:Creating package script '/home/joseph/turtlebot3_drlnav/install/turtlebot3_simulations/share/turtlebot3_simulations/package.sh'
[0.848s] INFO:colcon.colcon_core.shell:Creating package script '/home/joseph/turtlebot3_drlnav/install/turtlebot3_simulations/share/turtlebot3_simulations/package.bash'
[0.849s] INFO:colcon.colcon_core.shell:Creating package script '/home/joseph/turtlebot3_drlnav/install/turtlebot3_simulations/share/turtlebot3_simulations/package.zsh'
[0.849s] Level 1:colcon.colcon_core.environment:create_file_with_runtime_dependencies(/home/joseph/turtlebot3_drlnav/install/turtlebot3_simulations/share/colcon-core/packages/turtlebot3_simulations)
[0.861s] Level 1:colcon.colcon_core.environment:create_environment_scripts_only(turtlebot3_simulations)
[0.862s] Level 1:colcon.colcon_core.environment:checking '/home/joseph/turtlebot3_drlnav/install/turtlebot3_simulations' for CMake module files
[0.862s] Level 1:colcon.colcon_core.environment:checking '/home/joseph/turtlebot3_drlnav/install/turtlebot3_simulations' for CMake config files
[0.862s] Level 1:colcon.colcon_core.shell:create_environment_hook('turtlebot3_simulations', 'cmake_prefix_path')
[0.863s] INFO:colcon.colcon_core.shell:Creating environment hook '/home/joseph/turtlebot3_drlnav/install/turtlebot3_simulations/share/turtlebot3_simulations/hook/cmake_prefix_path.ps1'
[0.863s] INFO:colcon.colcon_core.shell:Creating environment descriptor '/home/joseph/turtlebot3_drlnav/install/turtlebot3_simulations/share/turtlebot3_simulations/hook/cmake_prefix_path.dsv'
[0.863s] INFO:colcon.colcon_core.shell:Creating environment hook '/home/joseph/turtlebot3_drlnav/install/turtlebot3_simulations/share/turtlebot3_simulations/hook/cmake_prefix_path.sh'
[0.863s] Level 1:colcon.colcon_core.environment:checking '/home/joseph/turtlebot3_drlnav/install/turtlebot3_simulations/bin'
[0.863s] Level 1:colcon.colcon_core.environment:checking '/home/joseph/turtlebot3_drlnav/install/turtlebot3_simulations/lib/pkgconfig/turtlebot3_simulations.pc'
[0.864s] Level 1:colcon.colcon_core.environment:checking '/home/joseph/turtlebot3_drlnav/install/turtlebot3_simulations/lib/python3.8/site-packages'
[0.864s] Level 1:colcon.colcon_core.environment:checking '/home/joseph/turtlebot3_drlnav/install/turtlebot3_simulations/bin'
[0.864s] INFO:colcon.colcon_core.shell:Creating package script '/home/joseph/turtlebot3_drlnav/install/turtlebot3_simulations/share/turtlebot3_simulations/package.ps1'
[0.864s] INFO:colcon.colcon_core.shell:Creating package descriptor '/home/joseph/turtlebot3_drlnav/install/turtlebot3_simulations/share/turtlebot3_simulations/package.dsv'
[0.864s] INFO:colcon.colcon_core.shell:Creating package script '/home/joseph/turtlebot3_drlnav/install/turtlebot3_simulations/share/turtlebot3_simulations/package.sh'
[0.865s] INFO:colcon.colcon_core.shell:Creating package script '/home/joseph/turtlebot3_drlnav/install/turtlebot3_simulations/share/turtlebot3_simulations/package.bash'
[0.865s] INFO:colcon.colcon_core.shell:Creating package script '/home/joseph/turtlebot3_drlnav/install/turtlebot3_simulations/share/turtlebot3_simulations/package.zsh'
[0.865s] Level 1:colcon.colcon_core.environment:create_file_with_runtime_dependencies(/home/joseph/turtlebot3_drlnav/install/turtlebot3_simulations/share/colcon-core/packages/turtlebot3_simulations)
[0.874s] Level 1:colcon.colcon_core.environment:checking '/home/joseph/turtlebot3_drlnav/install/turtlebot3_drl' for CMake module files
[0.874s] DEBUG:colcon.colcon_core.event_handler.log_command:Invoked command in '/home/joseph/turtlebot3_drlnav/src/turtlebot3_drl' returned '0': PYTHONPATH=/home/joseph/turtlebot3_drlnav/build/turtlebot3_drl/prefix_override:/home/joseph/turtlebot3_drlnav/install/turtlebot3_drl/lib/python3.8/site-packages:${PYTHONPATH} /usr/bin/python3 -W ignore:setup.py install is deprecated setup.py egg_info --egg-base ../../build/turtlebot3_drl build --build-base /home/joseph/turtlebot3_drlnav/build/turtlebot3_drl/build install --record /home/joseph/turtlebot3_drlnav/build/turtlebot3_drl/install.log --single-version-externally-managed install_data
[0.874s] Level 1:colcon.colcon_core.environment:checking '/home/joseph/turtlebot3_drlnav/install/turtlebot3_drl' for CMake config files
[0.875s] Level 1:colcon.colcon_core.environment:checking '/home/joseph/turtlebot3_drlnav/install/turtlebot3_drl/lib'
[0.875s] Level 1:colcon.colcon_core.environment:checking '/home/joseph/turtlebot3_drlnav/install/turtlebot3_drl/bin'
[0.875s] Level 1:colcon.colcon_core.environment:checking '/home/joseph/turtlebot3_drlnav/install/turtlebot3_drl/lib/pkgconfig/turtlebot3_drl.pc'
[0.875s] Level 1:colcon.colcon_core.environment:checking '/home/joseph/turtlebot3_drlnav/install/turtlebot3_drl/lib/python3.8/site-packages'
[0.875s] Level 1:colcon.colcon_core.shell:create_environment_hook('turtlebot3_drl', 'pythonpath')
[0.875s] INFO:colcon.colcon_core.shell:Creating environment hook '/home/joseph/turtlebot3_drlnav/install/turtlebot3_drl/share/turtlebot3_drl/hook/pythonpath.ps1'
[0.875s] INFO:colcon.colcon_core.shell:Creating environment descriptor '/home/joseph/turtlebot3_drlnav/install/turtlebot3_drl/share/turtlebot3_drl/hook/pythonpath.dsv'
[0.875s] INFO:colcon.colcon_core.shell:Creating environment hook '/home/joseph/turtlebot3_drlnav/install/turtlebot3_drl/share/turtlebot3_drl/hook/pythonpath.sh'
[0.876s] Level 1:colcon.colcon_core.environment:checking '/home/joseph/turtlebot3_drlnav/install/turtlebot3_drl/bin'
[0.876s] Level 1:colcon.colcon_core.environment:create_environment_scripts_only(turtlebot3_drl)
[0.876s] INFO:colcon.colcon_core.shell:Creating package script '/home/joseph/turtlebot3_drlnav/install/turtlebot3_drl/share/turtlebot3_drl/package.ps1'
[0.876s] INFO:colcon.colcon_core.shell:Creating package descriptor '/home/joseph/turtlebot3_drlnav/install/turtlebot3_drl/share/turtlebot3_drl/package.dsv'
[0.876s] INFO:colcon.colcon_core.shell:Creating package script '/home/joseph/turtlebot3_drlnav/install/turtlebot3_drl/share/turtlebot3_drl/package.sh'
[0.876s] INFO:colcon.colcon_core.shell:Creating package script '/home/joseph/turtlebot3_drlnav/install/turtlebot3_drl/share/turtlebot3_drl/package.bash'
[0.877s] INFO:colcon.colcon_core.shell:Creating package script '/home/joseph/turtlebot3_drlnav/install/turtlebot3_drl/share/turtlebot3_drl/package.zsh'
[0.877s] Level 1:colcon.colcon_core.environment:create_file_with_runtime_dependencies(/home/joseph/turtlebot3_drlnav/install/turtlebot3_drl/share/colcon-core/packages/turtlebot3_drl)
[0.877s] DEBUG:colcon.colcon_parallel_executor.executor.parallel:closing loop
[0.877s] DEBUG:colcon.colcon_parallel_executor.executor.parallel:loop closed
[0.877s] DEBUG:colcon.colcon_parallel_executor.executor.parallel:run_until_complete finished with '0'
[0.877s] DEBUG:colcon.colcon_core.event_reactor:joining thread
[0.881s] INFO:colcon.colcon_core.plugin_system:Skipping extension 'colcon_notification.desktop_notification.terminal_notifier': Not used on non-Darwin systems
[0.881s] INFO:colcon.colcon_core.plugin_system:Skipping extension 'colcon_notification.desktop_notification.win32': Not used on non-Windows systems
[0.881s] INFO:colcon.colcon_notification.desktop_notification:Sending desktop notification using 'notify2'
[0.892s] DEBUG:colcon.colcon_core.event_reactor:joined thread
[0.893s] INFO:colcon.colcon_core.shell:Creating prefix script '/home/joseph/turtlebot3_drlnav/install/local_setup.ps1'
[0.893s] INFO:colcon.colcon_core.shell:Creating prefix util module '/home/joseph/turtlebot3_drlnav/install/_local_setup_util_ps1.py'
[0.894s] INFO:colcon.colcon_core.shell:Creating prefix chain script '/home/joseph/turtlebot3_drlnav/install/setup.ps1'
[0.895s] INFO:colcon.colcon_core.shell:Creating prefix script '/home/joseph/turtlebot3_drlnav/install/local_setup.sh'
[0.895s] INFO:colcon.colcon_core.shell:Creating prefix util module '/home/joseph/turtlebot3_drlnav/install/_local_setup_util_sh.py'
[0.895s] INFO:colcon.colcon_core.shell:Creating prefix chain script '/home/joseph/turtlebot3_drlnav/install/setup.sh'
[0.896s] INFO:colcon.colcon_core.shell:Creating prefix script '/home/joseph/turtlebot3_drlnav/install/local_setup.bash'
[0.896s] INFO:colcon.colcon_core.shell:Creating prefix chain script '/home/joseph/turtlebot3_drlnav/install/setup.bash'
[0.897s] INFO:colcon.colcon_core.shell:Creating prefix script '/home/joseph/turtlebot3_drlnav/install/local_setup.zsh'
[0.897s] INFO:colcon.colcon_core.shell:Creating prefix chain script '/home/joseph/turtlebot3_drlnav/install/setup.zsh'
